TN:
SF:app\layout.tsx
FN:18,hexToHSL
FN:69,generateColorVariables
FN:108,RootLayout
FNF:3
FNH:0
FNDA:0,hexToHSL
FNDA:0,generateColorVariables
FNDA:0,RootLayout
DA:1,0
DA:3,0
DA:5,0
DA:6,0
DA:8,0
DA:10,0
DA:12,0
DA:20,0
DA:23,0
DA:24,0
DA:25,0
DA:28,0
DA:29,0
DA:32,0
DA:36,0
DA:38,0
DA:41,0
DA:44,0
DA:46,0
DA:47,0
DA:49,0
DA:50,0
DA:52,0
DA:53,0
DA:55,0
DA:57,0
DA:61,0
DA:62,0
DA:63,0
DA:65,0
DA:70,0
DA:71,0
DA:73,0
DA:108,0
LF:34
LH:0
BRDA:36,0,0,0
BRDA:36,0,1,0
BRDA:41,1,0,0
BRDA:41,1,1,0
BRDA:44,2,0,0
BRDA:44,2,1,0
BRDA:44,2,2,0
BRDA:44,2,3,0
BRDA:46,3,0,0
BRDA:46,3,1,0
BRF:10
BRH:0
end_of_record
TN:
SF:app\page.tsx
FN:6,Home
FN:186,(anonymous_3)
FN:301,(anonymous_4)
FN:334,(anonymous_5)
FN:386,(anonymous_6)
FN:454,(anonymous_7)
FN:573,(anonymous_8)
FN:609,(anonymous_9)
FN:658,(anonymous_10)
FN:723,(anonymous_11)
FN:839,(anonymous_12)
FN:852,(anonymous_13)
FN:990,(anonymous_14)
FN:1026,(anonymous_15)
FN:1061,(anonymous_16)
FN:1096,(anonymous_17)
FN:1209,(anonymous_18)
FN:1220,(anonymous_19)
FN:1232,(anonymous_20)
FN:1244,(anonymous_21)
FNF:20
FNH:0
FNDA:0,Home
FNDA:0,(anonymous_3)
FNDA:0,(anonymous_4)
FNDA:0,(anonymous_5)
FNDA:0,(anonymous_6)
FNDA:0,(anonymous_7)
FNDA:0,(anonymous_8)
FNDA:0,(anonymous_9)
FNDA:0,(anonymous_10)
FNDA:0,(anonymous_11)
FNDA:0,(anonymous_12)
FNDA:0,(anonymous_13)
FNDA:0,(anonymous_14)
FNDA:0,(anonymous_15)
FNDA:0,(anonymous_16)
FNDA:0,(anonymous_17)
FNDA:0,(anonymous_18)
FNDA:0,(anonymous_19)
FNDA:0,(anonymous_20)
FNDA:0,(anonymous_21)
DA:1,0
DA:3,0
DA:4,0
DA:6,0
DA:187,0
DA:302,0
DA:335,0
DA:387,0
DA:455,0
DA:574,0
DA:610,0
DA:659,0
DA:724,0
DA:840,0
DA:853,0
DA:991,0
DA:1027,0
DA:1062,0
DA:1097,0
DA:1210,0
DA:1221,0
DA:1233,0
DA:1245,0
LF:23
LH:0
BRDA:335,0,0,0
BRDA:335,0,1,0
BRDA:387,1,0,0
BRDA:387,1,1,0
BRDA:391,2,0,0
BRDA:406,3,0,0
BRDA:421,4,0,0
BRF:7
BRH:0
end_of_record
TN:
SF:app\_components\providers.tsx
FN:15,Providers
FNF:1
FNH:0
FNDA:0,Providers
DA:3,0
DA:6,0
DA:15,0
LF:3
LH:0
BRF:0
BRH:0
end_of_record
TN:
SF:app\admin\page.tsx
FN:11,AdminPage
FNF:1
FNH:0
FNDA:0,AdminPage
DA:2,0
DA:3,0
DA:4,0
DA:6,0
DA:11,0
DA:12,0
DA:14,0
DA:15,0
DA:19,0
DA:20,0
DA:23,0
LF:11
LH:0
BRDA:14,0,0,0
BRDA:19,1,0,0
BRF:2
BRH:0
end_of_record
TN:
SF:app\admin\_components\admin-dashboard.tsx
FN:46,getDashboardStats
FN:57,getSchools
FN:68,DashboardSkeleton
FN:72,(anonymous_4)
FN:90,AdminDashboard
FN:134,StatsCard
FN:158,AdminToolCard
FN:183,SchoolsTable
FNF:8
FNH:0
FNDA:0,getDashboardStats
FNDA:0,getSchools
FNDA:0,DashboardSkeleton
FNDA:0,(anonymous_4)
FNDA:0,AdminDashboard
FNDA:0,StatsCard
FNDA:0,AdminToolCard
FNDA:0,SchoolsTable
DA:3,0
DA:5,0
DA:6,0
DA:7,0
DA:18,0
DA:19,0
DA:20,0
DA:21,0
DA:47,0
DA:50,0
DA:51,0
DA:53,0
DA:58,0
DA:61,0
DA:62,0
DA:64,0
DA:73,0
DA:90,0
DA:91,0
DA:92,0
DA:188,0
LF:21
LH:0
BRDA:50,0,0,0
BRDA:61,1,0,0
BRDA:209,2,0,0
BRF:3
BRH:0
end_of_record
TN:
SF:app\admin\_components\dashboard-tabs.tsx
FN:46,StatsCard
FN:70,AdminToolCard
FN:95,SchoolsTable
FN:174,DashboardTabs
FN:234,(anonymous_8)
FN:240,(anonymous_9)
FNF:6
FNH:0
FNDA:0,StatsCard
FNDA:0,AdminToolCard
FNDA:0,SchoolsTable
FNDA:0,DashboardTabs
FNDA:0,(anonymous_8)
FNDA:0,(anonymous_9)
DA:3,0
DA:4,0
DA:5,0
DA:6,0
DA:15,0
DA:100,0
DA:174,0
LF:7
LH:0
BRDA:121,0,0,0
BRF:1
BRH:0
end_of_record
TN:
SF:app\admin\_components\school-details-dialog.tsx
FN:62,fetchSchoolDetails
FN:70,SchoolDetailsDialog
FN:73,(anonymous_3)
FN:156,(anonymous_4)
FN:167,(anonymous_5)
FN:176,(anonymous_6)
FN:198,StatsCard
FN:212,UserCard
FN:219,(anonymous_9)
FNF:9
FNH:0
FNDA:0,fetchSchoolDetails
FNDA:0,SchoolDetailsDialog
FNDA:0,(anonymous_3)
FNDA:0,(anonymous_4)
FNDA:0,(anonymous_5)
FNDA:0,(anonymous_6)
FNDA:0,StatsCard
FNDA:0,UserCard
FNDA:0,(anonymous_9)
DA:8,0
DA:9,0
DA:10,0
DA:11,0
DA:12,0
DA:13,0
DA:22,0
DA:63,0
DA:64,0
DA:65,0
DA:67,0
DA:70,0
DA:71,0
DA:73,0
DA:157,0
DA:168,0
DA:177,0
DA:219,0
LF:18
LH:0
BRDA:64,0,0,0
BRDA:84,1,0,0
BRDA:84,1,1,0
BRDA:89,2,0,0
BRDA:89,2,1,0
BRDA:94,3,0,0
BRDA:94,3,1,0
BRDA:104,4,0,0
BRDA:110,5,0,0
BRDA:217,6,0,0
BRDA:217,6,1,0
BRF:11
BRH:0
end_of_record
TN:
SF:app\admin\_components\school-details.tsx
FN:58,fetchSchoolDetails
FN:66,SchoolDetails
FN:70,(anonymous_3)
FN:79,(anonymous_4)
FN:169,(anonymous_5)
FN:183,(anonymous_6)
FN:197,(anonymous_7)
FN:219,StatsCard
FN:233,UserCard
FN:240,(anonymous_10)
FNF:10
FNH:0
FNDA:0,fetchSchoolDetails
FNDA:0,SchoolDetails
FNDA:0,(anonymous_3)
FNDA:0,(anonymous_4)
FNDA:0,(anonymous_5)
FNDA:0,(anonymous_6)
FNDA:0,(anonymous_7)
FNDA:0,StatsCard
FNDA:0,UserCard
FNDA:0,(anonymous_10)
DA:3,0
DA:4,0
DA:5,0
DA:6,0
DA:7,0
DA:8,0
DA:9,0
DA:10,0
DA:20,0
DA:59,0
DA:60,0
DA:61,0
DA:63,0
DA:66,0
DA:67,0
DA:68,0
DA:70,0
DA:79,0
DA:170,0
DA:184,0
DA:198,0
DA:240,0
LF:22
LH:0
BRDA:60,0,0,0
BRDA:87,1,0,0
BRDA:87,1,1,0
BRDA:94,2,0,0
BRDA:94,2,1,0
BRDA:99,3,0,0
BRDA:99,3,1,0
BRDA:104,4,0,0
BRDA:104,4,1,0
BRDA:114,5,0,0
BRDA:120,6,0,0
BRDA:238,7,0,0
BRDA:238,7,1,0
BRF:13
BRH:0
end_of_record
TN:
SF:app\admin\dashboard\layout.tsx
FN:8,AdminDashboardLayout
FNF:1
FNH:0
FNDA:0,AdminDashboardLayout
DA:2,0
DA:8,0
LF:2
LH:0
BRF:0
BRH:0
end_of_record
TN:
SF:app\admin\dashboard\page.tsx
FN:26,getAdminStats
FN:97,(anonymous_5)
FN:102,(anonymous_6)
FN:121,getSchools
FN:166,(anonymous_8)
FN:166,(anonymous_9)
FN:168,(anonymous_10)
FN:169,(anonymous_11)
FN:170,(anonymous_12)
FN:171,(anonymous_13)
FN:173,(anonymous_14)
FN:178,(anonymous_15)
FN:198,DashboardSkeleton
FN:202,(anonymous_17)
FN:219,AdminDashboardPage
FNF:15
FNH:0
FNDA:0,getAdminStats
FNDA:0,(anonymous_5)
FNDA:0,(anonymous_6)
FNDA:0,getSchools
FNDA:0,(anonymous_8)
FNDA:0,(anonymous_9)
FNDA:0,(anonymous_10)
FNDA:0,(anonymous_11)
FNDA:0,(anonymous_12)
FNDA:0,(anonymous_13)
FNDA:0,(anonymous_14)
FNDA:0,(anonymous_15)
FNDA:0,DashboardSkeleton
FNDA:0,(anonymous_17)
FNDA:0,AdminDashboardPage
DA:2,0
DA:3,0
DA:4,0
DA:5,0
DA:6,0
DA:8,0
DA:9,0
DA:11,0
DA:38,0
DA:97,0
DA:102,0
DA:107,0
DA:122,0
DA:166,0
DA:167,0
DA:168,0
DA:169,0
DA:170,0
DA:171,0
DA:172,0
DA:173,0
DA:175,0
DA:178,0
DA:179,0
DA:180,0
DA:181,0
DA:183,0
DA:186,0
DA:203,0
DA:219,0
DA:220,0
DA:222,0
DA:223,0
LF:33
LH:0
BRDA:114,0,0,0
BRDA:114,0,1,0
BRDA:172,1,0,0
BRDA:179,2,0,0
BRDA:179,2,1,0
BRDA:179,2,2,0
BRDA:180,3,0,0
BRDA:181,4,0,0
BRDA:181,4,1,0
BRDA:188,5,0,0
BRDA:188,5,1,0
BRDA:222,6,0,0
BRDA:222,7,0,0
BRDA:222,7,1,0
BRF:14
BRH:0
end_of_record
TN:
SF:app\admin\dashboard\_components\admin-dashboard-content.tsx
FN:57,StatsCard
FN:79,AdminDashboardContent
FN:169,(anonymous_3)
FNF:3
FNH:0
FNDA:0,StatsCard
FNDA:0,AdminDashboardContent
FNDA:0,(anonymous_3)
DA:3,0
DA:4,0
DA:5,0
DA:13,0
DA:14,0
DA:79,0
DA:169,0
LF:7
LH:0
BRF:0
BRH:0
end_of_record
TN:
SF:app\admin\dashboard\_components\admin-dashboard-tabs.tsx
FN:38,StatsCard
FN:58,AdminDashboardTabs
FNF:2
FNH:0
FNDA:0,StatsCard
FNDA:0,AdminDashboardTabs
DA:3,0
DA:4,0
DA:5,0
DA:12,0
DA:58,0
LF:5
LH:0
BRF:0
BRH:0
end_of_record
TN:
SF:app\admin\dashboard\_components\admin-sidebar.tsx
FN:52,AdminSidebar
FN:73,(anonymous_3)
FN:84,(anonymous_4)
FNF:3
FNH:0
FNDA:0,AdminSidebar
FNDA:0,(anonymous_3)
FNDA:0,(anonymous_4)
DA:3,0
DA:4,0
DA:5,0
DA:6,0
DA:7,0
DA:17,0
DA:19,0
DA:52,0
DA:53,0
DA:54,0
DA:73,0
DA:85,0
DA:86,0
LF:13
LH:0
BRDA:60,0,0,0
BRDA:60,0,1,0
BRDA:64,1,0,0
BRDA:74,2,0,0
BRDA:74,2,1,0
BRDA:77,3,0,0
BRDA:92,4,0,0
BRDA:92,4,1,0
BRDA:93,5,0,0
BRDA:93,5,1,0
BRDA:97,6,0,0
BRF:11
BRH:0
end_of_record
TN:
SF:app\admin\debug\page.tsx
FN:29,AdminDebugPage
FN:38,(anonymous_2)
FN:53,(anonymous_3)
FN:64,(anonymous_4)
FN:69,(anonymous_5)
FN:76,(anonymous_6)
FN:80,(anonymous_7)
FN:93,(anonymous_8)
FN:104,(anonymous_9)
FN:140,(anonymous_10)
FN:154,(anonymous_11)
FN:167,(anonymous_12)
FN:197,(anonymous_13)
FN:238,(anonymous_14)
FNF:14
FNH:0
FNDA:0,AdminDebugPage
FNDA:0,(anonymous_2)
FNDA:0,(anonymous_3)
FNDA:0,(anonymous_4)
FNDA:0,(anonymous_5)
FNDA:0,(anonymous_6)
FNDA:0,(anonymous_7)
FNDA:0,(anonymous_8)
FNDA:0,(anonymous_9)
FNDA:0,(anonymous_10)
FNDA:0,(anonymous_11)
FNDA:0,(anonymous_12)
FNDA:0,(anonymous_13)
FNDA:0,(anonymous_14)
DA:3,0
DA:4,0
DA:5,0
DA:6,0
DA:7,0
DA:8,0
DA:29,0
DA:30,0
DA:31,0
DA:32,0
DA:33,0
DA:34,0
DA:35,0
DA:36,0
DA:38,0
DA:39,0
DA:40,0
DA:41,0
DA:42,0
DA:43,0
DA:44,0
DA:45,0
DA:47,0
DA:49,0
DA:53,0
DA:54,0
DA:55,0
DA:56,0
DA:57,0
DA:58,0
DA:60,0
DA:64,0
DA:65,0
DA:66,0
DA:69,0
DA:70,0
DA:71,0
DA:73,0
DA:76,0
DA:77,0
DA:80,0
DA:81,0
DA:82,0
DA:94,0
DA:95,0
DA:104,0
DA:141,0
DA:154,0
DA:168,0
DA:198,0
DA:239,0
LF:51
LH:0
BRDA:42,0,0,0
BRDA:44,1,0,0
BRDA:44,1,1,0
BRDA:45,2,0,0
BRDA:45,2,1,0
BRDA:56,3,0,0
BRDA:58,4,0,0
BRDA:58,4,1,0
BRDA:81,5,0,0
BRDA:127,6,0,0
BRDA:131,7,0,0
BRDA:171,8,0,0
BRDA:171,8,1,0
BRDA:192,9,0,0
BRDA:200,10,0,0
BRDA:200,10,1,0
BRDA:204,11,0,0
BRDA:204,11,1,0
BRDA:209,12,0,0
BRDA:209,12,1,0
BRDA:230,13,0,0
BRDA:247,14,0,0
BRDA:247,14,1,0
BRDA:250,15,0,0
BRDA:250,15,1,0
BRF:25
BRH:0
end_of_record
TN:
SF:app\admin\schools\[id]\page.tsx
FN:11,SchoolPage
FNF:1
FNH:0
FNDA:0,SchoolPage
DA:1,0
DA:2,0
DA:3,0
DA:11,0
DA:12,0
DA:14,0
DA:15,0
LF:7
LH:0
BRDA:14,0,0,0
BRDA:14,1,0,0
BRDA:14,1,1,0
BRF:3
BRH:0
end_of_record
TN:
SF:app\api\academic-sessions\route.ts
FN:10,(anonymous_3)
FN:11,(anonymous_4)
FN:15,GET
FN:80,(anonymous_6)
FN:96,POST
FNF:5
FNH:0
FNDA:0,(anonymous_3)
FNDA:0,(anonymous_4)
FNDA:0,GET
FNDA:0,(anonymous_6)
FNDA:0,POST
DA:1,0
DA:2,0
DA:3,0
DA:4,0
DA:7,0
DA:10,0
DA:11,0
DA:15,0
DA:16,0
DA:17,0
DA:18,0
DA:19,0
DA:23,0
DA:24,0
DA:25,0
DA:26,0
DA:29,0
DA:30,0
DA:31,0
DA:32,0
DA:33,0
DA:36,0
DA:37,0
DA:41,0
DA:42,0
DA:45,0
DA:46,0
DA:50,0
DA:57,0
DA:80,0
DA:86,0
DA:88,0
DA:89,0
DA:96,0
DA:97,0
DA:98,0
DA:99,0
DA:100,0
DA:103,0
DA:104,0
DA:107,0
DA:111,0
DA:118,0
DA:119,0
DA:131,0
DA:151,0
DA:156,0
DA:158,0
DA:159,0
DA:164,0
DA:165,0
LF:51
LH:0
BRDA:18,0,0,0
BRDA:30,1,0,0
BRDA:30,1,1,0
BRDA:32,2,0,0
BRDA:36,3,0,0
BRDA:41,4,0,0
BRDA:45,5,0,0
BRDA:45,5,1,0
BRDA:99,6,0,0
BRDA:107,7,0,0
BRDA:108,8,0,0
BRDA:108,8,1,0
BRDA:118,9,0,0
BRDA:158,10,0,0
BRF:14
BRH:0
end_of_record
TN:
SF:app\api\admin\analytics\route.ts
FN:5,GET
FN:44,(anonymous_3)
FN:49,(anonymous_4)
FNF:3
FNH:0
FNDA:0,GET
FNDA:0,(anonymous_3)
FNDA:0,(anonymous_4)
DA:1,0
DA:2,0
DA:3,0
DA:5,0
DA:6,0
DA:8,0
DA:9,0
DA:12,0
DA:14,0
DA:15,0
DA:18,0
DA:31,0
DA:44,0
DA:45,0
DA:46,0
DA:49,0
DA:50,0
DA:51,0
DA:54,0
DA:59,0
DA:60,0
LF:21
LH:0
BRDA:8,0,0,0
BRDA:8,1,0,0
BRDA:8,1,1,0
BRF:3
BRH:0
end_of_record
TN:
SF:app\api\admin\schools\route.ts
FN:6,GET
FN:45,(anonymous_2)
FN:55,(anonymous_3)
FN:57,(anonymous_4)
FNF:4
FNH:0
FNDA:0,GET
FNDA:0,(anonymous_2)
FNDA:0,(anonymous_3)
FNDA:0,(anonymous_4)
DA:1,0
DA:2,0
DA:3,0
DA:4,0
DA:6,0
DA:7,0
DA:9,0
DA:10,0
DA:13,0
DA:14,0
DA:45,0
DA:55,0
DA:57,0
DA:61,0
DA:63,0
DA:64,0
LF:16
LH:0
BRDA:9,0,0,0
BRDA:9,1,0,0
BRDA:9,1,1,0
BRDA:48,2,0,0
BRDA:48,2,1,0
BRF:5
BRH:0
end_of_record
TN:
SF:app\api\admin\schools\[id]\route.ts
FN:5,GET
FN:65,(anonymous_2)
FN:67,(anonymous_3)
FN:69,(anonymous_4)
FN:72,(anonymous_5)
FN:75,(anonymous_6)
FNF:6
FNH:0
FNDA:0,GET
FNDA:0,(anonymous_2)
FNDA:0,(anonymous_3)
FNDA:0,(anonymous_4)
FNDA:0,(anonymous_5)
FNDA:0,(anonymous_6)
DA:1,0
DA:2,0
DA:3,0
DA:5,0
DA:9,0
DA:11,0
DA:12,0
DA:15,0
DA:16,0
DA:58,0
DA:59,0
DA:63,0
DA:65,0
DA:67,0
DA:69,0
DA:72,0
DA:75,0
DA:79,0
DA:81,0
DA:82,0
LF:20
LH:0
BRDA:11,0,0,0
BRDA:11,1,0,0
BRDA:11,1,1,0
BRDA:58,2,0,0
BRF:4
BRH:0
end_of_record
TN:
SF:app\api\admin\stats\route.ts
FN:6,GET
FNF:1
FNH:0
FNDA:0,GET
DA:1,0
DA:2,0
DA:3,0
DA:4,0
DA:6,0
DA:7,0
DA:9,0
DA:10,0
DA:13,0
DA:22,0
DA:60,0
DA:69,0
DA:70,0
LF:13
LH:0
BRDA:9,0,0,0
BRDA:9,1,0,0
BRDA:9,1,1,0
BRF:3
BRH:0
end_of_record
TN:
SF:app\api\attendance\route.ts
FN:5,GET
FN:63,(anonymous_5)
FN:126,(anonymous_6)
FN:145,POST
FN:170,(anonymous_8)
FN:183,(anonymous_9)
FNF:6
FNH:0
FNDA:0,GET
FNDA:0,(anonymous_5)
FNDA:0,(anonymous_6)
FNDA:0,POST
FNDA:0,(anonymous_8)
FNDA:0,(anonymous_9)
DA:1,0
DA:2,0
DA:3,0
DA:5,0
DA:6,0
DA:8,0
DA:9,0
DA:12,0
DA:13,0
DA:14,0
DA:15,0
DA:16,0
DA:17,0
DA:20,0
DA:21,0
DA:28,0
DA:33,0
DA:34,0
DA:35,0
DA:36,0
DA:37,0
DA:38,0
DA:45,0
DA:46,0
DA:47,0
DA:48,0
DA:49,0
DA:51,0
DA:56,0
DA:57,0
DA:63,0
DA:67,0
DA:68,0
DA:76,0
DA:77,0
DA:90,0
DA:91,0
DA:98,0
DA:126,0
DA:135,0
DA:137,0
DA:138,0
DA:145,0
DA:146,0
DA:148,0
DA:154,0
DA:157,0
DA:158,0
DA:159,0
DA:161,0
DA:162,0
DA:169,0
DA:171,0
DA:174,0
DA:175,0
DA:182,0
DA:184,0
DA:196,0
DA:198,0
DA:199,0
LF:60
LH:0
BRDA:8,0,0,0
BRDA:20,1,0,0
BRDA:33,2,0,0
BRDA:45,3,0,0
BRDA:45,3,1,0
BRDA:47,4,0,0
BRDA:47,4,1,0
BRDA:49,5,0,0
BRDA:56,6,0,0
BRDA:67,7,0,0
BRDA:67,7,1,0
BRDA:76,8,0,0
BRDA:90,9,0,0
BRDA:90,10,0,0
BRDA:90,10,1,0
BRDA:148,11,0,0
BRDA:149,12,0,0
BRDA:149,12,1,0
BRDA:149,12,2,0
BRDA:149,12,3,0
BRDA:161,13,0,0
BRDA:161,14,0,0
BRDA:161,14,1,0
BRDA:171,15,0,0
BRDA:171,15,1,0
BRDA:171,15,2,0
BRDA:171,15,3,0
BRDA:174,16,0,0
BRDA:190,17,0,0
BRDA:190,17,1,0
BRF:30
BRH:0
end_of_record
TN:
SF:app\api\attendance\[id]\route.ts
FN:5,GET
FN:106,PUT
FN:201,DELETE
FNF:3
FNH:0
FNDA:0,GET
FNDA:0,PUT
FNDA:0,DELETE
DA:1,0
DA:2,0
DA:3,0
DA:5,0
DA:9,0
DA:11,0
DA:12,0
DA:15,0
DA:16,0
DA:18,0
DA:55,0
DA:56,0
DA:63,0
DA:64,0
DA:65,0
DA:67,0
DA:68,0
DA:74,0
DA:75,0
DA:77,0
DA:78,0
DA:87,0
DA:88,0
DA:90,0
DA:91,0
DA:92,0
DA:96,0
DA:98,0
DA:99,0
DA:106,0
DA:110,0
DA:112,0
DA:118,0
DA:121,0
DA:122,0
DA:123,0
DA:124,0
DA:127,0
DA:128,0
DA:137,0
DA:148,0
DA:149,0
DA:156,0
DA:157,0
DA:158,0
DA:160,0
DA:161,0
DA:170,0
DA:171,0
DA:176,0
DA:191,0
DA:193,0
DA:194,0
DA:201,0
DA:205,0
DA:207,0
DA:211,0
DA:214,0
DA:215,0
DA:218,0
DA:229,0
DA:230,0
DA:237,0
DA:241,0
DA:245,0
DA:249,0
DA:251,0
DA:252,0
LF:68
LH:0
BRDA:11,0,0,0
BRDA:55,1,0,0
BRDA:63,2,0,0
BRDA:63,2,1,0
BRDA:64,3,0,0
BRDA:67,4,0,0
BRDA:67,4,1,0
BRDA:74,5,0,0
BRDA:77,6,0,0
BRDA:77,6,1,0
BRDA:87,7,0,0
BRDA:90,8,0,0
BRDA:91,9,0,0
BRDA:112,10,0,0
BRDA:113,11,0,0
BRDA:113,11,1,0
BRDA:113,11,2,0
BRDA:113,11,3,0
BRDA:127,12,0,0
BRDA:148,13,0,0
BRDA:156,14,0,0
BRDA:156,14,1,0
BRDA:157,15,0,0
BRDA:160,16,0,0
BRDA:170,17,0,0
BRDA:207,18,0,0
BRDA:208,19,0,0
BRDA:208,19,1,0
BRDA:208,19,2,0
BRDA:229,20,0,0
BRDA:237,21,0,0
BRDA:238,22,0,0
BRDA:238,22,1,0
BRF:33
BRH:0
end_of_record
TN:
SF:app\api\auth\check\route.ts
FN:4,GET
FNF:1
FNH:0
FNDA:0,GET
DA:1,0
DA:2,0
DA:4,0
DA:5,0
DA:7,0
DA:8,0
DA:13,0
LF:7
LH:0
BRDA:7,0,0,0
BRF:1
BRH:0
end_of_record
TN:
SF:app\api\auth\login\route.ts
FN:7,POST
FNF:1
FNH:0
FNDA:0,POST
DA:1,0
DA:2,0
DA:3,0
DA:4,0
DA:7,0
DA:8,0
DA:9,0
DA:10,0
DA:12,0
DA:13,0
DA:20,0
DA:24,0
DA:25,0
DA:32,0
DA:33,0
DA:34,0
DA:41,0
DA:44,0
DA:54,0
DA:56,0
DA:58,0
DA:59,0
LF:22
LH:0
BRDA:12,0,0,0
BRDA:12,1,0,0
BRDA:12,1,1,0
BRDA:24,2,0,0
BRDA:33,3,0,0
BRF:5
BRH:0
end_of_record
TN:
SF:app\api\auth\logout\route.ts
FN:4,POST
FNF:1
FNH:0
FNDA:0,POST
DA:1,0
DA:2,0
DA:4,0
DA:5,0
DA:6,0
DA:8,0
DA:10,0
DA:12,0
DA:13,0
LF:9
LH:0
BRF:0
BRH:0
end_of_record
TN:
SF:app\api\auth\reset-password\route.ts
FN:7,POST
FNF:1
FNH:0
FNDA:0,POST
DA:1,0
DA:2,0
DA:3,0
DA:4,0
DA:5,0
DA:7,0
DA:8,0
DA:9,0
DA:11,0
DA:12,0
DA:16,0
DA:23,0
DA:25,0
DA:36,0
DA:37,0
DA:40,0
DA:46,0
DA:53,0
DA:56,0
DA:80,0
DA:81,0
DA:87,0
DA:88,0
DA:92,0
DA:105,0
DA:106,0
LF:26
LH:0
BRDA:11,0,0,0
BRDA:23,1,0,0
BRDA:46,2,0,0
BRDA:46,2,1,0
BRDA:53,3,0,0
BRDA:53,3,1,0
BRDA:67,4,0,0
BRDA:67,4,1,0
BRDA:80,5,0,0
BRDA:87,6,0,0
BRDA:98,7,0,0
BRDA:98,7,1,0
BRDA:98,8,0,0
BRDA:98,8,1,0
BRF:14
BRH:0
end_of_record
TN:
SF:app\api\auth\session\route.ts
FN:4,GET
FNF:1
FNH:0
FNDA:0,GET
DA:1,0
DA:2,0
DA:4,0
DA:5,0
DA:7,0
DA:8,0
DA:12,0
LF:7
LH:0
BRDA:7,0,0,0
BRF:1
BRH:0
end_of_record
TN:
SF:app\api\auth\session-debug\route.ts
FN:5,GET
FN:17,(anonymous_2)
FNF:2
FNH:0
FNDA:0,GET
FNDA:0,(anonymous_2)
DA:1,0
DA:2,0
DA:3,0
DA:5,0
DA:6,0
DA:8,0
DA:9,0
DA:12,0
DA:13,0
DA:17,0
DA:24,0
DA:26,0
DA:27,0
DA:39,0
DA:56,0
DA:57,0
LF:16
LH:0
BRDA:12,0,0,0
BRDA:12,1,0,0
BRDA:12,1,1,0
BRDA:26,2,0,0
BRDA:60,3,0,0
BRDA:60,3,1,0
BRF:6
BRH:0
end_of_record
TN:
SF:app\api\bills\route.ts
FN:23,POST
FN:56,(anonymous_4)
FN:66,(anonymous_5)
FN:86,(anonymous_6)
FN:169,GET
FNF:5
FNH:0
FNDA:0,POST
FNDA:0,(anonymous_4)
FNDA:0,(anonymous_5)
FNDA:0,(anonymous_6)
FNDA:0,GET
DA:1,0
DA:2,0
DA:3,0
DA:4,0
DA:23,0
DA:24,0
DA:26,0
DA:27,0
DA:28,0
DA:31,0
DA:36,0
DA:37,0
DA:44,0
DA:45,0
DA:47,0
DA:48,0
DA:55,0
DA:56,0
DA:58,0
DA:59,0
DA:66,0
DA:68,0
DA:76,0
DA:77,0
DA:84,0
DA:85,0
DA:88,0
DA:98,0
DA:99,0
DA:100,0
DA:107,0
DA:111,0
DA:129,0
DA:130,0
DA:133,0
DA:142,0
DA:144,0
DA:145,0
DA:154,0
DA:156,0
DA:169,0
DA:170,0
DA:172,0
DA:173,0
DA:174,0
DA:177,0
DA:182,0
DA:183,0
DA:190,0
DA:218,0
DA:220,0
DA:221,0
LF:52
LH:0
BRDA:27,0,0,0
BRDA:36,1,0,0
BRDA:36,2,0,0
BRDA:36,2,1,0
BRDA:47,3,0,0
BRDA:47,4,0,0
BRDA:47,4,1,0
BRDA:47,4,2,0
BRDA:56,5,0,0
BRDA:56,5,1,0
BRDA:58,6,0,0
BRDA:76,7,0,0
BRDA:129,8,0,0
BRDA:147,9,0,0
BRDA:147,9,1,0
BRDA:158,10,0,0
BRDA:158,10,1,0
BRDA:159,11,0,0
BRDA:159,11,1,0
BRDA:160,12,0,0
BRDA:160,12,1,0
BRDA:173,13,0,0
BRDA:182,14,0,0
BRDA:223,15,0,0
BRDA:223,15,1,0
BRDA:224,16,0,0
BRDA:224,16,1,0
BRDA:225,17,0,0
BRDA:225,17,1,0
BRF:29
BRH:0
end_of_record
TN:
SF:app\api\bills\[billId]\route.ts
FN:5,GET
FN:78,DELETE
FN:122,(anonymous_5)
FNF:3
FNH:0
FNDA:0,GET
FNDA:0,DELETE
FNDA:0,(anonymous_5)
DA:1,0
DA:2,0
DA:3,0
DA:5,0
DA:9,0
DA:11,0
DA:12,0
DA:13,0
DA:16,0
DA:21,0
DA:22,0
DA:29,0
DA:55,0
DA:56,0
DA:59,0
DA:61,0
DA:62,0
DA:78,0
DA:82,0
DA:84,0
DA:85,0
DA:86,0
DA:89,0
DA:94,0
DA:95,0
DA:102,0
DA:116,0
DA:117,0
DA:121,0
DA:122,0
DA:125,0
DA:126,0
DA:133,0
DA:144,0
DA:146,0
DA:147,0
LF:36
LH:0
BRDA:12,0,0,0
BRDA:21,1,0,0
BRDA:55,2,0,0
BRDA:65,3,0,0
BRDA:65,3,1,0
BRDA:68,4,0,0
BRDA:68,4,1,0
BRDA:69,5,0,0
BRDA:69,5,1,0
BRDA:85,6,0,0
BRDA:94,7,0,0
BRDA:94,8,0,0
BRDA:94,8,1,0
BRDA:116,9,0,0
BRDA:125,10,0,0
BRDA:149,11,0,0
BRDA:149,11,1,0
BRDA:150,12,0,0
BRDA:150,12,1,0
BRDA:151,13,0,0
BRDA:151,13,1,0
BRF:21
BRH:0
end_of_record
TN:
SF:app\api\bills\[billId]\assignments\route.ts
FN:5,POST
FN:68,(anonymous_2)
FNF:2
FNH:0
FNDA:0,POST
FNDA:0,(anonymous_2)
DA:1,0
DA:2,0
DA:3,0
DA:5,0
DA:9,0
DA:11,0
DA:12,0
DA:13,0
DA:16,0
DA:21,0
DA:22,0
DA:29,0
DA:30,0
DA:32,0
DA:33,0
DA:40,0
DA:47,0
DA:48,0
DA:52,0
DA:53,0
DA:62,0
DA:63,0
DA:67,0
DA:69,0
DA:84,0
DA:85,0
DA:86,0
DA:90,0
DA:91,0
DA:97,0
DA:104,0
DA:116,0
DA:118,0
DA:119,0
LF:34
LH:0
BRDA:12,0,0,0
BRDA:21,1,0,0
BRDA:32,2,0,0
BRDA:32,3,0,0
BRDA:32,3,1,0
BRDA:32,3,2,0
BRDA:47,4,0,0
BRDA:52,5,0,0
BRDA:52,5,1,0
BRDA:62,6,0,0
BRDA:85,7,0,0
BRDA:85,7,1,0
BRDA:90,8,0,0
BRDA:90,9,0,0
BRDA:90,9,1,0
BRDA:122,10,0,0
BRDA:122,10,1,0
BRDA:125,11,0,0
BRDA:125,11,1,0
BRDA:126,12,0,0
BRDA:126,12,1,0
BRF:21
BRH:0
end_of_record
TN:
SF:app\api\bills\[billId]\assignments\[assignmentId]\route.ts
FN:5,GET
FNF:1
FNH:0
FNDA:0,GET
DA:1,0
DA:2,0
DA:3,0
DA:5,0
DA:9,0
DA:11,0
DA:12,0
DA:13,0
DA:17,0
DA:56,0
DA:57,0
DA:64,0
DA:65,0
DA:68,0
DA:70,0
DA:71,0
LF:16
LH:0
BRDA:12,0,0,0
BRDA:56,1,0,0
BRDA:64,2,0,0
BRDA:73,3,0,0
BRDA:73,3,1,0
BRDA:74,4,0,0
BRDA:74,4,1,0
BRDA:75,5,0,0
BRDA:75,5,1,0
BRF:9
BRH:0
end_of_record
TN:
SF:app\api\class-subjects\route.ts
FN:5,GET
FN:59,POST
FN:160,DELETE
FNF:3
FNH:0
FNDA:0,GET
FNDA:0,POST
FNDA:0,DELETE
DA:1,0
DA:2,0
DA:3,0
DA:5,0
DA:6,0
DA:8,0
DA:9,0
DA:12,0
DA:13,0
DA:14,0
DA:15,0
DA:17,0
DA:19,0
DA:20,0
DA:23,0
DA:24,0
DA:28,0
DA:29,0
DA:34,0
DA:49,0
DA:51,0
DA:52,0
DA:59,0
DA:60,0
DA:62,0
DA:66,0
DA:69,0
DA:70,0
DA:71,0
DA:74,0
DA:75,0
DA:82,0
DA:87,0
DA:88,0
DA:92,0
DA:97,0
DA:98,0
DA:102,0
DA:103,0
DA:110,0
DA:114,0
DA:118,0
DA:125,0
DA:126,0
DA:133,0
DA:150,0
DA:152,0
DA:153,0
DA:160,0
DA:161,0
DA:163,0
DA:167,0
DA:170,0
DA:171,0
DA:172,0
DA:174,0
DA:175,0
DA:181,0
DA:185,0
DA:186,0
DA:189,0
DA:193,0
DA:196,0
DA:203,0
LF:64
LH:0
BRDA:8,0,0,0
BRDA:19,1,0,0
BRDA:23,2,0,0
BRDA:28,3,0,0
BRDA:28,4,0,0
BRDA:28,4,1,0
BRDA:62,5,0,0
BRDA:63,6,0,0
BRDA:63,6,1,0
BRDA:63,6,2,0
BRDA:74,7,0,0
BRDA:74,8,0,0
BRDA:74,8,1,0
BRDA:87,9,0,0
BRDA:97,10,0,0
BRDA:102,11,0,0
BRDA:110,12,0,0
BRDA:111,13,0,0
BRDA:111,13,1,0
BRDA:125,14,0,0
BRDA:163,15,0,0
BRDA:164,16,0,0
BRDA:164,16,1,0
BRDA:164,16,2,0
BRDA:174,17,0,0
BRDA:174,18,0,0
BRDA:174,18,1,0
BRDA:185,19,0,0
BRDA:189,20,0,0
BRDA:190,21,0,0
BRDA:190,21,1,0
BRF:31
BRH:0
end_of_record
TN:
SF:app\api\class-subjects\[id]\route.ts
FN:5,DELETE
FNF:1
FNH:0
FNDA:0,DELETE
DA:1,0
DA:2,0
DA:3,0
DA:5,0
DA:6,0
DA:8,0
DA:9,0
DA:12,0
DA:13,0
DA:16,0
DA:25,0
DA:26,0
DA:30,0
DA:31,0
DA:35,0
DA:39,0
DA:41,0
DA:42,0
LF:18
LH:0
BRDA:8,0,0,0
BRDA:8,1,0,0
BRDA:8,1,1,0
BRDA:8,1,2,0
BRDA:25,2,0,0
BRDA:30,3,0,0
BRDA:30,4,0,0
BRDA:30,4,1,0
BRF:8
BRH:0
end_of_record
TN:
SF:app\api\classes\route.ts
FN:15,GET
FN:122,(anonymous_4)
FN:139,(anonymous_5)
FN:143,(anonymous_6)
FN:177,POST
FN:202,(anonymous_8)
FNF:6
FNH:0
FNDA:0,GET
FNDA:0,(anonymous_4)
FNDA:0,(anonymous_5)
FNDA:0,(anonymous_6)
FNDA:0,POST
FNDA:0,(anonymous_8)
DA:1,0
DA:2,0
DA:3,0
DA:4,0
DA:7,0
DA:15,0
DA:16,0
DA:17,0
DA:19,0
DA:20,0
DA:26,0
DA:27,0
DA:28,0
DA:32,0
DA:40,0
DA:41,0
DA:43,0
DA:122,0
DA:139,0
DA:143,0
DA:166,0
DA:168,0
DA:169,0
DA:177,0
DA:178,0
DA:179,0
DA:181,0
DA:182,0
DA:188,0
DA:189,0
DA:191,0
DA:192,0
DA:196,0
DA:197,0
DA:200,0
DA:201,0
DA:202,0
DA:206,0
DA:209,0
DA:212,0
DA:213,0
DA:214,0
DA:219,0
DA:220,0
DA:226,0
DA:227,0
DA:235,0
DA:236,0
DA:237,0
DA:241,0
DA:242,0
DA:248,0
DA:249,0
DA:257,0
DA:295,0
DA:296,0
DA:298,0
DA:299,0
LF:58
LH:0
BRDA:19,0,0,0
BRDA:19,1,0,0
BRDA:19,1,1,0
BRDA:27,2,0,0
BRDA:46,3,0,0
BRDA:46,3,1,0
BRDA:127,4,0,0
BRDA:127,4,1,0
BRDA:156,5,0,0
BRDA:156,5,1,0
BRDA:181,6,0,0
BRDA:181,7,0,0
BRDA:181,7,1,0
BRDA:181,7,2,0
BRDA:191,8,0,0
BRDA:201,9,0,0
BRDA:212,10,0,0
BRDA:219,11,0,0
BRDA:226,12,0,0
BRDA:235,13,0,0
BRDA:241,14,0,0
BRDA:248,15,0,0
BRDA:260,16,0,0
BRDA:260,16,1,0
BRDA:261,17,0,0
BRDA:261,17,1,0
BRDA:262,18,0,0
BRDA:262,18,1,0
BRF:28
BRH:0
end_of_record
TN:
SF:app\api\classes\[id]\route.ts
FN:7,GET
FN:86,PUT
FN:156,DELETE
FNF:3
FNH:0
FNDA:0,GET
FNDA:0,PUT
FNDA:0,DELETE
DA:1,0
DA:2,0
DA:3,0
DA:4,0
DA:7,0
DA:11,0
DA:12,0
DA:14,0
DA:15,0
DA:18,0
DA:71,0
DA:72,0
DA:75,0
DA:77,0
DA:78,0
DA:86,0
DA:90,0
DA:91,0
DA:96,0
DA:97,0
DA:103,0
DA:104,0
DA:105,0
DA:108,0
DA:115,0
DA:116,0
DA:120,0
DA:145,0
DA:147,0
DA:148,0
DA:156,0
DA:160,0
DA:161,0
DA:166,0
DA:167,0
DA:173,0
DA:174,0
DA:177,0
DA:184,0
DA:185,0
DA:189,0
DA:195,0
DA:197,0
DA:198,0
LF:44
LH:0
BRDA:14,0,0,0
BRDA:14,1,0,0
BRDA:14,1,1,0
BRDA:14,1,2,0
BRDA:71,2,0,0
BRDA:96,3,0,0
BRDA:96,4,0,0
BRDA:96,4,1,0
BRDA:115,5,0,0
BRDA:166,6,0,0
BRDA:166,7,0,0
BRDA:166,7,1,0
BRDA:184,8,0,0
BRF:13
BRH:0
end_of_record
TN:
SF:app\api\classes\[id]\add-student\route.ts
FN:6,POST
FNF:1
FNH:0
FNDA:0,POST
DA:1,0
DA:2,0
DA:3,0
DA:6,0
DA:10,0
DA:12,0
DA:18,0
DA:19,0
DA:25,0
DA:26,0
DA:29,0
DA:30,0
DA:31,0
DA:32,0
DA:33,0
DA:35,0
DA:46,0
DA:47,0
DA:53,0
DA:54,0
DA:61,0
DA:72,0
DA:73,0
DA:77,0
DA:78,0
DA:79,0
DA:86,0
DA:87,0
DA:94,0
DA:99,0
DA:100,0
DA:104,0
DA:117,0
DA:119,0
DA:120,0
DA:124,0
DA:140,0
DA:148,0
DA:149,0
DA:156,0
DA:158,0
DA:162,0
DA:168,0
DA:181,0
DA:185,0
DA:189,0
DA:195,0
DA:197,0
DA:198,0
LF:49
LH:0
BRDA:18,0,0,0
BRDA:18,1,0,0
BRDA:18,1,1,0
BRDA:18,1,2,0
BRDA:46,2,0,0
BRDA:53,3,0,0
BRDA:72,4,0,0
BRDA:78,5,0,0
BRDA:86,6,0,0
BRDA:86,7,0,0
BRDA:86,7,1,0
BRDA:99,8,0,0
BRDA:117,9,0,0
BRDA:117,10,0,0
BRDA:117,10,1,0
BRDA:121,11,0,0
BRDA:121,11,1,0
BRDA:148,12,0,0
BRDA:156,13,0,0
BRDA:156,14,0,0
BRDA:156,14,1,0
BRDA:173,15,0,0
BRDA:173,15,1,0
BRDA:182,16,0,0
BRDA:182,16,1,0
BRDA:185,17,0,0
BRDA:185,17,1,0
BRDA:185,18,0,0
BRDA:185,18,1,0
BRDA:197,19,0,0
BRDA:197,19,1,0
BRF:31
BRH:0
end_of_record
TN:
SF:app\api\classes\[id]\available-students\route.ts
FN:12,GET
FN:161,(anonymous_2)
FNF:2
FNH:0
FNDA:0,GET
FNDA:0,(anonymous_2)
DA:1,0
DA:2,0
DA:3,0
DA:4,0
DA:12,0
DA:16,0
DA:17,0
DA:19,0
DA:20,0
DA:26,0
DA:27,0
DA:28,0
DA:29,0
DA:31,0
DA:37,0
DA:58,0
DA:59,0
DA:66,0
DA:67,0
DA:69,0
DA:76,0
DA:77,0
DA:80,0
DA:89,0
DA:90,0
DA:92,0
DA:103,0
DA:110,0
DA:111,0
DA:120,0
DA:123,0
DA:161,0
DA:169,0
DA:171,0
DA:175,0
DA:176,0
LF:36
LH:0
BRDA:19,0,0,0
BRDA:19,1,0,0
BRDA:19,1,1,0
BRDA:19,1,2,0
BRDA:58,2,0,0
BRDA:67,3,0,0
BRDA:67,3,1,0
BRDA:76,4,0,0
BRDA:76,4,1,0
BRDA:89,5,0,0
BRDA:89,5,1,0
BRDA:110,6,0,0
BRF:12
BRH:0
end_of_record
TN:
SF:app\api\classes\[id]\remove-student\route.ts
FN:6,POST
FNF:1
FNH:0
FNDA:0,POST
DA:1,0
DA:2,0
DA:3,0
DA:4,0
DA:6,0
DA:10,0
DA:12,0
DA:13,0
DA:17,0
DA:18,0
DA:21,0
DA:23,0
DA:25,0
DA:32,0
DA:33,0
DA:37,0
DA:38,0
DA:40,0
DA:41,0
DA:48,0
DA:57,0
DA:58,0
DA:62,0
DA:69,0
DA:70,0
DA:77,0
DA:83,0
DA:90,0
DA:94,0
DA:95,0
LF:30
LH:0
BRDA:12,0,0,0
BRDA:17,1,0,0
BRDA:32,2,0,0
BRDA:40,3,0,0
BRDA:57,4,0,0
BRDA:69,5,0,0
BRF:6
BRH:0
end_of_record
TN:
SF:app\api\dashboard\stats\route.ts
FN:7,GET
FNF:1
FNH:0
FNDA:0,GET
DA:1,0
DA:3,0
DA:5,0
DA:7,0
DA:8,0
DA:10,0
DA:11,0
DA:14,0
DA:15,0
DA:16,0
DA:18,0
LF:11
LH:0
BRDA:10,0,0,0
BRDA:10,1,0,0
BRDA:10,1,1,0
BRF:3
BRH:0
end_of_record
TN:
SF:app\api\debug-emails\route.ts
FN:7,GET
FN:35,(anonymous_5)
FN:36,(anonymous_6)
FN:46,(anonymous_7)
FN:69,POST
FNF:5
FNH:0
FNDA:0,GET
FNDA:0,(anonymous_5)
FNDA:0,(anonymous_6)
FNDA:0,(anonymous_7)
FNDA:0,POST
DA:1,0
DA:2,0
DA:3,0
DA:4,0
DA:7,0
DA:9,0
DA:10,0
DA:16,0
DA:19,0
DA:20,0
DA:23,0
DA:24,0
DA:27,0
DA:28,0
DA:29,0
DA:33,0
DA:35,0
DA:38,0
DA:46,0
DA:47,0
DA:48,0
DA:50,0
DA:58,0
DA:60,0
DA:61,0
DA:69,0
DA:71,0
DA:72,0
DA:78,0
DA:81,0
DA:82,0
DA:85,0
DA:86,0
DA:88,0
DA:94,0
DA:100,0
DA:101,0
DA:104,0
DA:105,0
DA:106,0
DA:112,0
DA:113,0
DA:116,0
DA:118,0
DA:120,0
DA:121,0
LF:46
LH:0
BRDA:9,0,0,0
BRDA:19,1,0,0
BRDA:19,2,0,0
BRDA:19,2,1,0
BRDA:27,3,0,0
BRDA:35,4,0,0
BRDA:35,4,1,0
BRDA:71,5,0,0
BRDA:81,6,0,0
BRDA:81,7,0,0
BRDA:81,7,1,0
BRDA:88,8,0,0
BRDA:89,9,0,0
BRDA:89,9,1,0
BRDA:89,9,2,0
BRDA:89,9,3,0
BRDA:105,10,0,0
BRDA:112,11,0,0
BRF:18
BRH:0
end_of_record
TN:
SF:app\api\debug\emails\route.ts
FN:10,GET
FN:37,(anonymous_6)
FN:38,(anonymous_7)
FN:60,(anonymous_8)
FN:76,getEmailConfig
FNF:5
FNH:0
FNDA:0,GET
FNDA:0,(anonymous_6)
FNDA:0,(anonymous_7)
FNDA:0,(anonymous_8)
FNDA:0,getEmailConfig
DA:4,0
DA:5,0
DA:6,0
DA:10,0
DA:12,0
DA:13,0
DA:19,0
DA:20,0
DA:23,0
DA:24,0
DA:25,0
DA:32,0
DA:35,0
DA:37,0
DA:39,0
DA:40,0
DA:43,0
DA:46,0
DA:47,0
DA:49,0
DA:60,0
DA:62,0
DA:67,0
DA:68,0
DA:77,0
DA:80,0
DA:83,0
DA:86,0
DA:89,0
DA:92,0
DA:97,0
DA:100,0
DA:103,0
LF:33
LH:0
BRDA:12,0,0,0
BRDA:23,1,0,0
BRDA:46,2,0,0
BRDA:46,2,1,0
BRDA:47,3,0,0
BRDA:47,3,1,0
BRDA:80,4,0,0
BRDA:80,4,1,0
BRDA:83,5,0,0
BRDA:83,5,1,0
BRDA:86,6,0,0
BRDA:86,6,1,0
BRDA:89,7,0,0
BRDA:89,7,1,0
BRDA:92,8,0,0
BRDA:92,8,1,0
BRDA:97,9,0,0
BRDA:97,9,1,0
BRDA:101,10,0,0
BRDA:101,10,1,0
BRF:20
BRH:0
end_of_record
TN:
SF:app\api\debug\emails\[filename]\route.ts
FN:6,GET
FNF:1
FNH:0
FNDA:0,GET
DA:1,0
DA:2,0
DA:3,0
DA:6,0
DA:11,0
DA:12,0
DA:18,0
DA:21,0
DA:22,0
DA:25,0
DA:26,0
DA:27,0
DA:30,0
DA:31,0
DA:38,0
DA:41,0
DA:47,0
DA:48,0
LF:18
LH:0
BRDA:11,0,0,0
BRDA:21,1,0,0
BRDA:21,2,0,0
BRDA:21,2,1,0
BRDA:21,2,2,0
BRDA:30,3,0,0
BRF:6
BRH:0
end_of_record
TN:
SF:app\api\departments\route.ts
FN:8,GET
FN:54,POST
FN:127,PATCH
FN:227,DELETE
FNF:4
FNH:0
FNDA:0,GET
FNDA:0,POST
FNDA:0,PATCH
FNDA:0,DELETE
DA:1,0
DA:2,0
DA:3,0
DA:4,0
DA:5,0
DA:8,0
DA:9,0
DA:11,0
DA:12,0
DA:15,0
DA:17,0
DA:18,0
DA:24,0
DA:25,0
DA:43,0
DA:45,0
DA:46,0
DA:54,0
DA:55,0
DA:57,0
DA:58,0
DA:61,0
DA:65,0
DA:68,0
DA:70,0
DA:71,0
DA:77,0
DA:78,0
DA:80,0
DA:81,0
DA:88,0
DA:95,0
DA:96,0
DA:102,0
DA:110,0
DA:116,0
DA:118,0
DA:119,0
DA:127,0
DA:128,0
DA:130,0
DA:131,0
DA:134,0
DA:138,0
DA:141,0
DA:143,0
DA:144,0
DA:150,0
DA:151,0
DA:153,0
DA:154,0
DA:160,0
DA:161,0
DA:168,0
DA:175,0
DA:176,0
DA:183,0
DA:193,0
DA:194,0
DA:200,0
DA:210,0
DA:216,0
DA:218,0
DA:219,0
DA:227,0
DA:228,0
DA:230,0
DA:231,0
DA:234,0
DA:238,0
DA:241,0
DA:243,0
DA:244,0
DA:250,0
DA:251,0
DA:253,0
DA:254,0
DA:260,0
DA:262,0
DA:278,0
DA:279,0
DA:286,0
DA:291,0
DA:300,0
DA:306,0
DA:312,0
DA:314,0
DA:315,0
LF:88
LH:0
BRDA:11,0,0,0
BRDA:17,1,0,0
BRDA:57,2,0,0
BRDA:61,3,0,0
BRDA:62,4,0,0
BRDA:62,4,1,0
BRDA:70,5,0,0
BRDA:80,6,0,0
BRDA:95,7,0,0
BRDA:130,8,0,0
BRDA:134,9,0,0
BRDA:135,10,0,0
BRDA:135,10,1,0
BRDA:143,11,0,0
BRDA:153,12,0,0
BRDA:160,13,0,0
BRDA:175,14,0,0
BRDA:193,15,0,0
BRDA:230,16,0,0
BRDA:234,17,0,0
BRDA:235,18,0,0
BRDA:235,18,1,0
BRDA:243,19,0,0
BRDA:253,20,0,0
BRDA:278,21,0,0
BRDA:286,22,0,0
BRDA:287,23,0,0
BRDA:287,23,1,0
BRDA:287,23,2,0
BRF:29
BRH:0
end_of_record
TN:
SF:app\api\departments\[id]\route.ts
FN:7,serializeBigInts
FN:17,(anonymous_6)
FN:32,GET
FN:96,PUT
FN:149,DELETE
FN:229,PATCH
FNF:6
FNH:0
FNDA:0,serializeBigInts
FNDA:0,(anonymous_6)
FNDA:0,GET
FNDA:0,PUT
FNDA:0,DELETE
FNDA:0,PATCH
DA:1,0
DA:2,0
DA:3,0
DA:4,0
DA:8,0
DA:9,0
DA:12,0
DA:13,0
DA:16,0
DA:17,0
DA:20,0
DA:21,0
DA:22,0
DA:23,0
DA:25,0
DA:28,0
DA:32,0
DA:36,0
DA:37,0
DA:39,0
DA:40,0
DA:43,0
DA:45,0
DA:46,0
DA:53,0
DA:69,0
DA:70,0
DA:77,0
DA:82,0
DA:86,0
DA:88,0
DA:89,0
DA:96,0
DA:100,0
DA:101,0
DA:103,0
DA:104,0
DA:107,0
DA:111,0
DA:114,0
DA:116,0
DA:117,0
DA:120,0
DA:139,0
DA:141,0
DA:142,0
DA:149,0
DA:153,0
DA:154,0
DA:156,0
DA:157,0
DA:160,0
DA:164,0
DA:167,0
DA:170,0
DA:186,0
DA:187,0
DA:194,0
DA:199,0
DA:209,0
DA:216,0
DA:221,0
DA:222,0
DA:229,0
DA:233,0
DA:235,0
DA:239,0
DA:242,0
DA:243,0
DA:244,0
DA:245,0
DA:248,0
DA:249,0
DA:256,0
DA:263,0
DA:264,0
DA:271,0
DA:291,0
DA:293,0
DA:294,0
LF:80
LH:0
BRDA:8,0,0,0
BRDA:8,1,0,0
BRDA:8,1,1,0
BRDA:12,2,0,0
BRDA:16,3,0,0
BRDA:20,4,0,0
BRDA:39,5,0,0
BRDA:45,6,0,0
BRDA:69,7,0,0
BRDA:77,8,0,0
BRDA:78,9,0,0
BRDA:78,9,1,0
BRDA:78,9,2,0
BRDA:103,10,0,0
BRDA:107,11,0,0
BRDA:108,12,0,0
BRDA:108,12,1,0
BRDA:116,13,0,0
BRDA:156,14,0,0
BRDA:160,15,0,0
BRDA:161,16,0,0
BRDA:161,16,1,0
BRDA:186,17,0,0
BRDA:194,18,0,0
BRDA:195,19,0,0
BRDA:195,19,1,0
BRDA:195,19,2,0
BRDA:235,20,0,0
BRDA:236,21,0,0
BRDA:236,21,1,0
BRDA:236,21,2,0
BRDA:248,22,0,0
BRDA:263,23,0,0
BRF:33
BRH:0
end_of_record
TN:
SF:app\api\departments\[id]\students\route.ts
FN:19,GET
FN:87,(anonymous_4)
FN:93,(anonymous_5)
FN:110,POST
FN:158,(anonymous_7)
FNF:5
FNH:0
FNDA:0,GET
FNDA:0,(anonymous_4)
FNDA:0,(anonymous_5)
FNDA:0,POST
FNDA:0,(anonymous_7)
DA:1,0
DA:2,0
DA:3,0
DA:19,0
DA:23,0
DA:25,0
DA:26,0
DA:29,0
DA:31,0
DA:32,0
DA:35,0
DA:37,0
DA:38,0
DA:45,0
DA:52,0
DA:53,0
DA:60,0
DA:87,0
DA:93,0
DA:100,0
DA:102,0
DA:103,0
DA:110,0
DA:114,0
DA:116,0
DA:120,0
DA:123,0
DA:124,0
DA:125,0
DA:126,0
DA:128,0
DA:129,0
DA:135,0
DA:136,0
DA:143,0
DA:150,0
DA:151,0
DA:158,0
DA:159,0
DA:172,0
DA:174,0
DA:179,0
DA:180,0
LF:43
LH:0
BRDA:25,0,0,0
BRDA:31,1,0,0
BRDA:37,2,0,0
BRDA:52,3,0,0
BRDA:116,4,0,0
BRDA:117,5,0,0
BRDA:117,5,1,0
BRDA:117,5,2,0
BRDA:128,6,0,0
BRDA:135,7,0,0
BRDA:135,8,0,0
BRDA:135,8,1,0
BRDA:135,8,2,0
BRDA:150,9,0,0
BRF:14
BRH:0
end_of_record
TN:
SF:app\api\events\route.ts
FN:5,GET
FN:40,POST
FNF:2
FNH:0
FNDA:0,GET
FNDA:0,POST
DA:1,0
DA:2,0
DA:3,0
DA:5,0
DA:6,0
DA:7,0
DA:9,0
DA:10,0
DA:13,0
DA:14,0
DA:17,0
DA:18,0
DA:22,0
DA:33,0
DA:35,0
DA:36,0
DA:40,0
DA:41,0
DA:42,0
DA:44,0
DA:45,0
DA:48,0
DA:49,0
DA:52,0
DA:53,0
DA:57,0
DA:59,0
DA:60,0
DA:64,0
DA:76,0
DA:78,0
DA:79,0
LF:32
LH:0
BRDA:9,0,0,0
BRDA:14,1,0,0
BRDA:14,1,1,0
BRDA:14,2,0,0
BRDA:14,2,1,0
BRDA:17,3,0,0
BRDA:26,4,0,0
BRDA:26,4,1,0
BRDA:26,5,0,0
BRDA:26,5,1,0
BRDA:44,6,0,0
BRDA:44,7,0,0
BRDA:44,7,1,0
BRDA:44,7,2,0
BRDA:52,8,0,0
BRDA:52,9,0,0
BRDA:52,9,1,0
BRDA:57,10,0,0
BRDA:57,10,1,0
BRDA:57,11,0,0
BRDA:57,11,1,0
BRDA:59,12,0,0
BRDA:69,13,0,0
BRDA:69,13,1,0
BRDA:71,14,0,0
BRDA:71,14,1,0
BRF:26
BRH:0
end_of_record
TN:
SF:app\api\events\[id]\route.ts
FN:5,GET
FN:45,PUT
FN:112,DELETE
FNF:3
FNH:0
FNDA:0,GET
FNDA:0,PUT
FNDA:0,DELETE
DA:1,0
DA:2,0
DA:3,0
DA:5,0
DA:9,0
DA:10,0
DA:12,0
DA:13,0
DA:16,0
DA:18,0
DA:22,0
DA:23,0
DA:27,0
DA:32,0
DA:35,0
DA:37,0
DA:38,0
DA:45,0
DA:49,0
DA:50,0
DA:52,0
DA:56,0
DA:59,0
DA:60,0
DA:69,0
DA:72,0
DA:76,0
DA:77,0
DA:81,0
DA:85,0
DA:89,0
DA:102,0
DA:104,0
DA:105,0
DA:112,0
DA:116,0
DA:117,0
DA:119,0
DA:123,0
DA:126,0
DA:129,0
DA:133,0
DA:134,0
DA:138,0
DA:142,0
DA:146,0
DA:150,0
DA:152,0
DA:153,0
LF:49
LH:0
BRDA:12,0,0,0
BRDA:22,1,0,0
BRDA:27,2,0,0
BRDA:28,3,0,0
BRDA:28,3,1,0
BRDA:28,3,2,0
BRDA:28,3,3,0
BRDA:52,4,0,0
BRDA:53,5,0,0
BRDA:53,5,1,0
BRDA:53,5,2,0
BRDA:76,6,0,0
BRDA:81,7,0,0
BRDA:82,8,0,0
BRDA:82,8,1,0
BRDA:94,9,0,0
BRDA:94,9,1,0
BRDA:95,10,0,0
BRDA:95,10,1,0
BRDA:97,11,0,0
BRDA:97,11,1,0
BRDA:98,12,0,0
BRDA:98,12,1,0
BRDA:98,13,0,0
BRDA:98,13,1,0
BRDA:119,14,0,0
BRDA:120,15,0,0
BRDA:120,15,1,0
BRDA:120,15,2,0
BRDA:133,16,0,0
BRDA:138,17,0,0
BRDA:139,18,0,0
BRDA:139,18,1,0
BRF:33
BRH:0
end_of_record
TN:
SF:app\api\events\upcoming\route.ts
FN:5,GET
FNF:1
FNH:0
FNDA:0,GET
DA:1,0
DA:2,0
DA:3,0
DA:5,0
DA:6,0
DA:7,0
DA:9,0
DA:10,0
DA:13,0
DA:14,0
DA:15,0
DA:17,0
DA:19,0
DA:49,0
DA:51,0
DA:52,0
LF:16
LH:0
BRDA:9,0,0,0
BRDA:14,1,0,0
BRDA:14,1,1,0
BRDA:15,2,0,0
BRDA:15,2,1,0
BRDA:35,3,0,0
BRDA:35,3,1,0
BRF:7
BRH:0
end_of_record
TN:
SF:app\api\parent-students\route.ts
FN:5,POST
FN:119,(anonymous_4)
FN:133,(anonymous_5)
FN:180,GET
FN:296,(anonymous_7)
FNF:5
FNH:0
FNDA:0,POST
FNDA:0,(anonymous_4)
FNDA:0,(anonymous_5)
FNDA:0,GET
FNDA:0,(anonymous_7)
DA:1,0
DA:2,0
DA:3,0
DA:5,0
DA:6,0
DA:8,0
DA:9,0
DA:10,0
DA:19,0
DA:24,0
DA:33,0
DA:34,0
DA:37,0
DA:43,0
DA:53,0
DA:63,0
DA:64,0
DA:69,0
DA:70,0
DA:79,0
DA:83,0
DA:87,0
DA:96,0
DA:107,0
DA:108,0
DA:118,0
DA:119,0
DA:122,0
DA:123,0
DA:132,0
DA:135,0
DA:142,0
DA:144,0
DA:145,0
DA:150,0
DA:154,0
DA:164,0
DA:170,0
DA:171,0
DA:180,0
DA:181,0
DA:183,0
DA:184,0
DA:185,0
DA:194,0
DA:195,0
DA:198,0
DA:199,0
DA:206,0
DA:216,0
DA:217,0
DA:222,0
DA:223,0
DA:231,0
DA:234,0
DA:240,0
DA:249,0
DA:253,0
DA:262,0
DA:272,0
DA:296,0
DA:299,0
DA:303,0
DA:312,0
DA:316,0
DA:317,0
LF:66
LH:0
BRDA:9,0,0,0
BRDA:19,1,0,0
BRDA:20,2,0,0
BRDA:20,2,1,0
BRDA:20,2,2,0
BRDA:37,3,0,0
BRDA:38,4,0,0
BRDA:38,4,1,0
BRDA:38,4,2,0
BRDA:38,4,3,0
BRDA:63,5,0,0
BRDA:69,6,0,0
BRDA:83,7,0,0
BRDA:84,8,0,0
BRDA:84,8,1,0
BRDA:107,9,0,0
BRDA:122,10,0,0
BRDA:142,11,0,0
BRDA:144,12,0,0
BRDA:184,13,0,0
BRDA:198,14,0,0
BRDA:216,15,0,0
BRDA:222,16,0,0
BRDA:234,17,0,0
BRDA:235,18,0,0
BRDA:235,18,1,0
BRDA:235,18,2,0
BRDA:235,18,3,0
BRDA:249,19,0,0
BRDA:250,20,0,0
BRDA:250,20,1,0
BRDA:250,20,2,0
BRDA:262,21,0,0
BRDA:262,21,1,0
BRDA:281,22,0,0
BRDA:281,22,1,0
BRDA:299,23,0,0
BRDA:299,23,1,0
BRDA:299,24,0,0
BRDA:299,24,1,0
BRDA:305,25,0,0
BRDA:305,25,1,0
BRDA:307,26,0,0
BRDA:307,26,1,0
BRF:44
BRH:0
end_of_record
TN:
SF:app\api\parent-students\[id]\route.ts
FN:6,DELETE
FNF:1
FNH:0
FNDA:0,DELETE
DA:1,0
DA:2,0
DA:3,0
DA:4,0
DA:6,0
DA:10,0
DA:12,0
DA:14,0
DA:15,0
DA:22,0
DA:23,0
DA:24,0
DA:33,0
DA:49,0
DA:50,0
DA:57,0
DA:60,0
DA:66,0
DA:75,0
DA:80,0
DA:89,0
DA:93,0
DA:95,0
DA:96,0
LF:24
LH:0
BRDA:14,0,0,0
BRDA:23,1,0,0
BRDA:49,2,0,0
BRDA:60,3,0,0
BRDA:61,4,0,0
BRDA:61,4,1,0
BRDA:61,4,2,0
BRDA:61,4,3,0
BRDA:75,5,0,0
BRDA:76,6,0,0
BRDA:76,6,1,0
BRDA:76,6,2,0
BRF:12
BRH:0
end_of_record
TN:
SF:app\api\parents\route.ts
FN:18,isAllowedRole
FN:22,GET
FN:88,(anonymous_5)
FN:104,POST
FN:162,(anonymous_7)
FNF:5
FNH:0
FNDA:0,isAllowedRole
FNDA:0,GET
FNDA:0,(anonymous_5)
FNDA:0,POST
FNDA:0,(anonymous_7)
DA:1,0
DA:2,0
DA:4,0
DA:9,0
DA:10,0
DA:12,0
DA:14,0
DA:19,0
DA:22,0
DA:23,0
DA:24,0
DA:26,0
DA:27,0
DA:31,0
DA:32,0
DA:36,0
DA:64,0
DA:69,0
DA:70,0
DA:79,0
DA:80,0
DA:87,0
DA:88,0
DA:99,0
DA:100,0
DA:104,0
DA:105,0
DA:106,0
DA:108,0
DA:109,0
DA:113,0
DA:114,0
DA:117,0
DA:118,0
DA:119,0
DA:120,0
DA:121,0
DA:122,0
DA:124,0
DA:125,0
DA:132,0
DA:137,0
DA:138,0
DA:151,0
DA:154,0
DA:162,0
DA:164,0
DA:175,0
DA:182,0
DA:186,0
DA:192,0
DA:193,0
DA:194,0
DA:202,0
DA:204,0
DA:207,0
DA:217,0
DA:220,0
DA:224,0
DA:236,0
LF:60
LH:0
BRDA:26,0,0,0
BRDA:31,1,0,0
BRDA:40,2,0,0
BRDA:40,2,1,0
BRDA:69,3,0,0
BRDA:79,4,0,0
BRDA:79,5,0,0
BRDA:79,5,1,0
BRDA:94,6,0,0
BRDA:94,6,1,0
BRDA:108,7,0,0
BRDA:113,8,0,0
BRDA:124,9,0,0
BRDA:124,10,0,0
BRDA:124,10,1,0
BRDA:137,11,0,0
BRDA:151,12,0,0
BRDA:151,12,1,0
BRDA:154,13,0,0
BRDA:154,13,1,0
BRDA:170,14,0,0
BRDA:170,14,1,0
BRDA:178,15,0,0
BRDA:178,15,1,0
BRDA:186,16,0,0
BRDA:199,17,0,0
BRDA:199,17,1,0
BRDA:200,18,0,0
BRDA:200,18,1,0
BRDA:220,19,0,0
BRDA:221,20,0,0
BRDA:221,20,1,0
BRF:32
BRH:0
end_of_record
TN:
SF:app\api\parents\[id]\route.ts
FN:10,GET
FN:90,(anonymous_5)
FN:106,(anonymous_6)
FN:131,PATCH
FN:239,(anonymous_8)
FN:277,DELETE
FNF:6
FNH:0
FNDA:0,GET
FNDA:0,(anonymous_5)
FNDA:0,(anonymous_6)
FNDA:0,PATCH
FNDA:0,(anonymous_8)
FNDA:0,DELETE
DA:1,0
DA:2,0
DA:3,0
DA:4,0
DA:5,0
DA:6,0
DA:7,0
DA:10,0
DA:14,0
DA:15,0
DA:16,0
DA:17,0
DA:21,0
DA:48,0
DA:49,0
DA:53,0
DA:57,0
DA:61,0
DA:90,0
DA:92,0
DA:96,0
DA:106,0
DA:117,0
DA:119,0
DA:125,0
DA:126,0
DA:131,0
DA:135,0
DA:136,0
DA:138,0
DA:142,0
DA:146,0
DA:156,0
DA:157,0
DA:161,0
DA:165,0
DA:168,0
DA:171,0
DA:172,0
DA:173,0
DA:174,0
DA:175,0
DA:178,0
DA:179,0
DA:183,0
DA:184,0
DA:190,0
DA:191,0
DA:198,0
DA:204,0
DA:205,0
DA:209,0
DA:210,0
DA:211,0
DA:212,0
DA:215,0
DA:216,0
DA:219,0
DA:223,0
DA:226,0
DA:229,0
DA:231,0
DA:232,0
DA:239,0
DA:241,0
DA:251,0
DA:253,0
DA:263,0
DA:267,0
DA:269,0
DA:271,0
DA:272,0
DA:277,0
DA:281,0
DA:282,0
DA:284,0
DA:288,0
DA:292,0
DA:299,0
DA:300,0
DA:304,0
DA:308,0
DA:312,0
DA:319,0
DA:325,0
DA:327,0
DA:328,0
LF:87
LH:0
BRDA:16,0,0,0
BRDA:48,1,0,0
BRDA:53,2,0,0
BRDA:54,3,0,0
BRDA:54,3,1,0
BRDA:75,4,0,0
BRDA:75,4,1,0
BRDA:92,5,0,0
BRDA:92,5,1,0
BRDA:92,6,0,0
BRDA:92,6,1,0
BRDA:97,7,0,0
BRDA:97,7,1,0
BRDA:106,8,0,0
BRDA:106,8,1,0
BRDA:112,9,0,0
BRDA:112,9,1,0
BRDA:138,10,0,0
BRDA:139,11,0,0
BRDA:139,11,1,0
BRDA:156,12,0,0
BRDA:161,13,0,0
BRDA:162,14,0,0
BRDA:162,14,1,0
BRDA:178,15,0,0
BRDA:178,16,0,0
BRDA:178,16,1,0
BRDA:183,17,0,0
BRDA:190,18,0,0
BRDA:190,19,0,0
BRDA:190,19,1,0
BRDA:204,20,0,0
BRDA:204,21,0,0
BRDA:204,21,1,0
BRDA:209,22,0,0
BRDA:209,23,0,0
BRDA:209,23,1,0
BRDA:251,24,0,0
BRDA:258,25,0,0
BRDA:258,25,1,0
BRDA:284,26,0,0
BRDA:285,27,0,0
BRDA:285,27,1,0
BRDA:299,28,0,0
BRDA:304,29,0,0
BRDA:305,30,0,0
BRDA:305,30,1,0
BRF:47
BRH:0
end_of_record
TN:
SF:app\api\parents\[id]\link-student\route.ts
FN:6,POST
FN:110,DELETE
FNF:2
FNH:0
FNDA:0,POST
FNDA:0,DELETE
DA:1,0
DA:2,0
DA:3,0
DA:4,0
DA:6,0
DA:10,0
DA:11,0
DA:12,0
DA:16,0
DA:20,0
DA:30,0
DA:31,0
DA:35,0
DA:39,0
DA:42,0
DA:44,0
DA:45,0
DA:49,0
DA:58,0
DA:59,0
DA:62,0
DA:63,0
DA:70,0
DA:76,0
DA:77,0
DA:83,0
DA:97,0
DA:105,0
DA:106,0
DA:110,0
DA:114,0
DA:115,0
DA:116,0
DA:117,0
DA:120,0
DA:122,0
DA:123,0
DA:127,0
DA:134,0
DA:135,0
DA:138,0
DA:140,0
DA:141,0
LF:43
LH:0
BRDA:12,0,0,0
BRDA:13,1,0,0
BRDA:13,1,1,0
BRDA:30,2,0,0
BRDA:35,3,0,0
BRDA:36,4,0,0
BRDA:36,4,1,0
BRDA:44,5,0,0
BRDA:58,6,0,0
BRDA:62,7,0,0
BRDA:76,8,0,0
BRDA:116,9,0,0
BRDA:116,10,0,0
BRDA:116,10,1,0
BRDA:122,11,0,0
BRDA:134,12,0,0
BRF:16
BRH:0
end_of_record
TN:
SF:app\api\parents\[id]\students\route.ts
FN:14,POST
FN:139,DELETE
FNF:2
FNH:0
FNDA:0,POST
FNDA:0,DELETE
DA:1,0
DA:2,0
DA:3,0
DA:4,0
DA:5,0
DA:8,0
DA:14,0
DA:18,0
DA:19,0
DA:20,0
DA:26,0
DA:30,0
DA:40,0
DA:41,0
DA:45,0
DA:49,0
DA:53,0
DA:54,0
DA:57,0
DA:67,0
DA:68,0
DA:71,0
DA:72,0
DA:79,0
DA:87,0
DA:88,0
DA:94,0
DA:116,0
DA:118,0
DA:120,0
DA:128,0
DA:129,0
DA:134,0
DA:135,0
DA:139,0
DA:143,0
DA:144,0
DA:145,0
DA:151,0
DA:154,0
DA:155,0
DA:157,0
DA:158,0
DA:162,0
DA:173,0
DA:174,0
DA:178,0
DA:182,0
DA:186,0
DA:190,0
DA:192,0
DA:193,0
LF:52
LH:0
BRDA:20,0,0,0
BRDA:21,1,0,0
BRDA:21,1,1,0
BRDA:40,2,0,0
BRDA:45,3,0,0
BRDA:46,4,0,0
BRDA:46,4,1,0
BRDA:67,5,0,0
BRDA:71,6,0,0
BRDA:87,7,0,0
BRDA:116,8,0,0
BRDA:116,8,1,0
BRDA:118,9,0,0
BRDA:118,9,1,0
BRDA:128,10,0,0
BRDA:145,11,0,0
BRDA:146,12,0,0
BRDA:146,12,1,0
BRDA:157,13,0,0
BRDA:173,14,0,0
BRDA:178,15,0,0
BRDA:179,16,0,0
BRDA:179,16,1,0
BRF:23
BRH:0
end_of_record
TN:
SF:app\api\payment-accounts\route.ts
FN:6,GET
FN:41,POST
FNF:2
FNH:0
FNDA:0,GET
FNDA:0,POST
DA:1,0
DA:2,0
DA:3,0
DA:6,0
DA:7,0
DA:8,0
DA:9,0
DA:10,0
DA:13,0
DA:18,0
DA:19,0
DA:25,0
DA:30,0
DA:32,0
DA:33,0
DA:41,0
DA:42,0
DA:43,0
DA:44,0
DA:45,0
DA:48,0
DA:53,0
DA:54,0
DA:60,0
DA:61,0
DA:63,0
DA:64,0
DA:70,0
DA:81,0
DA:83,0
DA:84,0
LF:31
LH:0
BRDA:9,0,0,0
BRDA:18,1,0,0
BRDA:18,2,0,0
BRDA:18,2,1,0
BRDA:18,2,2,0
BRDA:44,3,0,0
BRDA:53,4,0,0
BRDA:53,5,0,0
BRDA:53,5,1,0
BRDA:53,5,2,0
BRDA:63,6,0,0
BRDA:63,7,0,0
BRDA:63,7,1,0
BRDA:63,7,2,0
BRF:14
BRH:0
end_of_record
TN:
SF:app\api\payment-requests\route.ts
FN:19,GET
FN:71,(anonymous_4)
FN:146,POST
FN:240,(anonymous_6)
FNF:4
FNH:0
FNDA:0,GET
FNDA:0,(anonymous_4)
FNDA:0,POST
FNDA:0,(anonymous_6)
DA:1,0
DA:2,0
DA:3,0
DA:5,0
DA:6,0
DA:9,0
DA:19,0
DA:20,0
DA:22,0
DA:23,0
DA:24,0
DA:28,0
DA:29,0
DA:30,0
DA:33,0
DA:42,0
DA:43,0
DA:47,0
DA:50,0
DA:53,0
DA:55,0
DA:56,0
DA:59,0
DA:61,0
DA:70,0
DA:71,0
DA:74,0
DA:75,0
DA:76,0
DA:84,0
DA:86,0
DA:90,0
DA:92,0
DA:96,0
DA:135,0
DA:137,0
DA:138,0
DA:146,0
DA:147,0
DA:149,0
DA:150,0
DA:151,0
DA:155,0
DA:168,0
DA:169,0
DA:176,0
DA:177,0
DA:179,0
DA:180,0
DA:190,0
DA:193,0
DA:200,0
DA:206,0
DA:207,0
DA:214,0
DA:224,0
DA:225,0
DA:231,0
DA:232,0
DA:239,0
DA:240,0
DA:244,0
DA:246,0
DA:247,0
DA:254,0
DA:278,0
DA:286,0
DA:287,0
LF:68
LH:0
BRDA:23,0,0,0
BRDA:23,1,0,0
BRDA:23,1,1,0
BRDA:42,2,0,0
BRDA:47,3,0,0
BRDA:47,3,1,0
BRDA:47,3,2,0
BRDA:55,4,0,0
BRDA:59,5,0,0
BRDA:59,5,1,0
BRDA:59,6,0,0
BRDA:59,6,1,0
BRDA:74,7,0,0
BRDA:74,7,1,0
BRDA:75,8,0,0
BRDA:90,9,0,0
BRDA:150,10,0,0
BRDA:150,11,0,0
BRDA:150,11,1,0
BRDA:168,12,0,0
BRDA:168,13,0,0
BRDA:168,13,1,0
BRDA:168,13,2,0
BRDA:179,14,0,0
BRDA:206,15,0,0
BRDA:224,16,0,0
BRDA:231,17,0,0
BRDA:246,18,0,0
BRDA:258,19,0,0
BRDA:258,19,1,0
BRDA:259,20,0,0
BRDA:259,20,1,0
BRF:32
BRH:0
end_of_record
TN:
SF:app\api\payment-requests\[id]\process\route.ts
FN:15,PUT
FN:132,updateBillAssignmentStatus
FN:146,(anonymous_5)
FN:167,POST
FN:190,(anonymous_7)
FNF:5
FNH:0
FNDA:0,PUT
FNDA:0,updateBillAssignmentStatus
FNDA:0,(anonymous_5)
FNDA:0,POST
FNDA:0,(anonymous_7)
DA:1,0
DA:2,0
DA:4,0
DA:5,0
DA:9,0
DA:15,0
DA:19,0
DA:20,0
DA:21,0
DA:22,0
DA:25,0
DA:30,0
DA:31,0
DA:37,0
DA:38,0
DA:40,0
DA:41,0
DA:48,0
DA:57,0
DA:58,0
DA:64,0
DA:65,0
DA:71,0
DA:72,0
DA:79,0
DA:99,0
DA:101,0
DA:110,0
DA:118,0
DA:121,0
DA:123,0
DA:124,0
DA:134,0
DA:142,0
DA:145,0
DA:146,0
DA:152,0
DA:153,0
DA:154,0
DA:155,0
DA:157,0
DA:161,0
DA:167,0
DA:171,0
DA:173,0
DA:174,0
DA:175,0
DA:179,0
DA:190,0
DA:191,0
DA:198,0
DA:199,0
DA:200,0
DA:207,0
DA:208,0
DA:210,0
DA:211,0
DA:220,0
DA:223,0
DA:250,0
DA:251,0
DA:258,0
DA:259,0
DA:266,0
DA:269,0
DA:322,0
DA:323,0
DA:358,0
DA:360,0
DA:361,0
LF:70
LH:0
BRDA:21,0,0,0
BRDA:30,1,0,0
BRDA:30,2,0,0
BRDA:30,2,1,0
BRDA:30,2,2,0
BRDA:40,3,0,0
BRDA:40,4,0,0
BRDA:40,4,1,0
BRDA:57,5,0,0
BRDA:64,6,0,0
BRDA:71,7,0,0
BRDA:99,8,0,0
BRDA:142,9,0,0
BRDA:152,10,0,0
BRDA:152,10,1,0
BRDA:154,11,0,0
BRDA:154,11,1,0
BRDA:174,12,0,0
BRDA:174,13,0,0
BRDA:174,13,1,0
BRDA:190,14,0,0
BRDA:190,15,0,0
BRDA:190,15,1,0
BRDA:199,16,0,0
BRDA:210,17,0,0
BRDA:250,18,0,0
BRDA:258,19,0,0
BRDA:266,20,0,0
BRDA:266,20,1,0
BRDA:273,21,0,0
BRDA:273,21,1,0
BRDA:322,22,0,0
BRF:32
BRH:0
end_of_record
TN:
SF:app\api\public\auth\session\route.ts
FN:3,GET
FNF:1
FNH:0
FNDA:0,GET
DA:1,0
DA:3,0
DA:5,0
LF:3
LH:0
BRF:0
BRH:0
end_of_record
TN:
SF:app\api\public\schools\[subdomain]\route.ts
FN:4,GET
FNF:1
FNH:0
FNDA:0,GET
DA:1,0
DA:2,0
DA:4,0
DA:8,0
DA:9,0
DA:11,0
DA:12,0
DA:18,0
DA:20,0
DA:35,0
DA:36,0
DA:37,0
DA:43,0
DA:46,0
DA:52,0
DA:61,0
DA:62,0
LF:17
LH:0
BRDA:11,0,0,0
BRDA:35,1,0,0
BRDA:48,2,0,0
BRDA:48,2,1,0
BRDA:49,3,0,0
BRDA:49,3,1,0
BRF:6
BRH:0
end_of_record
TN:
SF:app\api\public\schools\current\route.ts
FN:4,GET
FNF:1
FNH:0
FNDA:0,GET
DA:1,0
DA:2,0
DA:4,0
DA:5,0
DA:6,0
DA:7,0
DA:8,0
DA:9,0
DA:11,0
DA:12,0
DA:13,0
DA:19,0
DA:20,0
DA:38,0
DA:40,0
DA:41,0
DA:42,0
DA:45,0
DA:51,0
DA:53,0
DA:54,0
LF:21
LH:0
BRDA:11,0,0,0
BRDA:40,1,0,0
BRF:2
BRH:0
end_of_record
TN:
SF:app\api\results\route.ts
FN:4,GET
FN:22,POST
FNF:2
FNH:0
FNDA:0,GET
FNDA:0,POST
DA:1,0
DA:2,0
DA:4,0
DA:5,0
DA:6,0
DA:15,0
DA:17,0
DA:18,0
DA:22,0
DA:23,0
DA:24,0
DA:25,0
DA:27,0
DA:28,0
DA:31,0
DA:41,0
DA:43,0
DA:44,0
LF:18
LH:0
BRDA:27,0,0,0
BRDA:27,1,0,0
BRDA:27,1,1,0
BRDA:36,2,0,0
BRDA:36,2,1,0
BRF:5
BRH:0
end_of_record
TN:
SF:app\api\results\[id]\route.ts
FN:4,GET
FN:26,PATCH
FN:60,DELETE
FNF:3
FNH:0
FNDA:0,GET
FNDA:0,PATCH
FNDA:0,DELETE
DA:1,0
DA:2,0
DA:4,0
DA:5,0
DA:6,0
DA:8,0
DA:15,0
DA:16,0
DA:19,0
DA:21,0
DA:22,0
DA:26,0
DA:27,0
DA:28,0
DA:29,0
DA:30,0
DA:33,0
DA:37,0
DA:38,0
DA:42,0
DA:53,0
DA:55,0
DA:56,0
DA:60,0
DA:61,0
DA:62,0
DA:65,0
DA:69,0
DA:70,0
DA:74,0
DA:78,0
DA:80,0
DA:81,0
LF:33
LH:0
BRDA:15,0,0,0
BRDA:37,1,0,0
BRDA:48,2,0,0
BRDA:48,2,1,0
BRDA:69,3,0,0
BRF:5
BRH:0
end_of_record
TN:
SF:app\api\results\[id]\approve\route.ts
FN:4,POST
FNF:1
FNH:0
FNDA:0,POST
DA:1,0
DA:2,0
DA:4,0
DA:5,0
DA:6,0
DA:9,0
DA:13,0
DA:14,0
DA:18,0
DA:25,0
DA:27,0
DA:28,0
LF:12
LH:0
BRDA:13,0,0,0
BRF:1
BRH:0
end_of_record
TN:
SF:app\api\results\[id]\reject\route.ts
FN:4,POST
FNF:1
FNH:0
FNDA:0,POST
DA:1,0
DA:2,0
DA:4,0
DA:5,0
DA:6,0
DA:9,0
DA:13,0
DA:14,0
DA:18,0
DA:25,0
DA:27,0
DA:28,0
LF:12
LH:0
BRDA:13,0,0,0
BRF:1
BRH:0
end_of_record
TN:
SF:app\api\results\report\route.ts
FN:4,POST
FN:60,GET
FNF:2
FNH:0
FNDA:0,POST
FNDA:0,GET
DA:1,0
DA:2,0
DA:4,0
DA:5,0
DA:6,0
DA:7,0
DA:9,0
DA:10,0
DA:14,0
DA:19,0
DA:20,0
DA:24,0
DA:25,0
DA:29,0
DA:46,0
DA:53,0
DA:55,0
DA:56,0
DA:60,0
DA:61,0
DA:62,0
DA:63,0
DA:65,0
DA:66,0
DA:69,0
DA:73,0
DA:74,0
DA:77,0
DA:79,0
DA:80,0
LF:30
LH:0
BRDA:9,0,0,0
BRDA:19,1,0,0
BRDA:24,2,0,0
BRDA:34,3,0,0
BRDA:34,3,1,0
BRDA:35,4,0,0
BRDA:35,4,1,0
BRDA:65,5,0,0
BRDA:73,6,0,0
BRF:9
BRH:0
end_of_record
TN:
SF:app\api\school-levels\route.ts
FN:15,serializeBigInts
FN:25,(anonymous_4)
FN:40,GET
FN:86,POST
FNF:4
FNH:0
FNDA:0,serializeBigInts
FNDA:0,(anonymous_4)
FNDA:0,GET
FNDA:0,POST
DA:1,0
DA:2,0
DA:3,0
DA:4,0
DA:5,0
DA:8,0
DA:16,0
DA:17,0
DA:20,0
DA:21,0
DA:24,0
DA:25,0
DA:28,0
DA:29,0
DA:30,0
DA:31,0
DA:33,0
DA:36,0
DA:40,0
DA:41,0
DA:42,0
DA:44,0
DA:45,0
DA:48,0
DA:75,0
DA:77,0
DA:78,0
DA:86,0
DA:87,0
DA:88,0
DA:93,0
DA:94,0
DA:100,0
DA:101,0
DA:104,0
DA:105,0
DA:106,0
DA:113,0
DA:120,0
DA:121,0
DA:128,0
DA:143,0
DA:145,0
DA:146,0
LF:44
LH:0
BRDA:16,0,0,0
BRDA:16,1,0,0
BRDA:16,1,1,0
BRDA:20,2,0,0
BRDA:24,3,0,0
BRDA:28,4,0,0
BRDA:44,5,0,0
BRDA:44,6,0,0
BRDA:44,6,1,0
BRDA:44,6,2,0
BRDA:93,7,0,0
BRDA:93,8,0,0
BRDA:93,8,1,0
BRDA:105,9,0,0
BRDA:120,10,0,0
BRDA:131,11,0,0
BRDA:131,11,1,0
BRF:17
BRH:0
end_of_record
TN:
SF:app\api\school-levels\[id]\route.ts
FN:15,serializeBigInts
FN:25,(anonymous_5)
FN:40,GET
FN:107,PUT
FN:191,DELETE
FNF:5
FNH:0
FNDA:0,serializeBigInts
FNDA:0,(anonymous_5)
FNDA:0,GET
FNDA:0,PUT
FNDA:0,DELETE
DA:1,0
DA:2,0
DA:3,0
DA:4,0
DA:5,0
DA:8,0
DA:16,0
DA:17,0
DA:20,0
DA:21,0
DA:24,0
DA:25,0
DA:28,0
DA:29,0
DA:30,0
DA:31,0
DA:33,0
DA:36,0
DA:40,0
DA:44,0
DA:45,0
DA:47,0
DA:48,0
DA:51,0
DA:92,0
DA:93,0
DA:96,0
DA:98,0
DA:99,0
DA:107,0
DA:111,0
DA:112,0
DA:117,0
DA:118,0
DA:124,0
DA:125,0
DA:128,0
DA:129,0
DA:130,0
DA:137,0
DA:144,0
DA:145,0
DA:149,0
DA:157,0
DA:158,0
DA:165,0
DA:180,0
DA:182,0
DA:183,0
DA:191,0
DA:195,0
DA:196,0
DA:201,0
DA:202,0
DA:208,0
DA:211,0
DA:226,0
DA:227,0
DA:231,0
DA:232,0
DA:241,0
DA:247,0
DA:249,0
DA:250,0
LF:64
LH:0
BRDA:16,0,0,0
BRDA:16,1,0,0
BRDA:16,1,1,0
BRDA:20,2,0,0
BRDA:24,3,0,0
BRDA:28,4,0,0
BRDA:47,5,0,0
BRDA:47,6,0,0
BRDA:47,6,1,0
BRDA:47,6,2,0
BRDA:92,7,0,0
BRDA:117,8,0,0
BRDA:117,9,0,0
BRDA:117,9,1,0
BRDA:129,10,0,0
BRDA:144,11,0,0
BRDA:157,12,0,0
BRDA:201,13,0,0
BRDA:201,14,0,0
BRDA:201,14,1,0
BRDA:226,15,0,0
BRDA:231,16,0,0
BRDA:231,17,0,0
BRDA:231,17,1,0
BRF:24
BRH:0
end_of_record
TN:
SF:app\api\school\theme\route.ts
FN:5,GET
FNF:1
FNH:0
FNDA:0,GET
DA:1,0
DA:2,0
DA:3,0
DA:5,0
DA:6,0
DA:8,0
DA:9,0
DA:10,0
DA:13,0
DA:18,0
DA:19,0
DA:26,0
DA:34,0
DA:35,0
DA:38,0
DA:43,0
DA:44,0
LF:17
LH:0
BRDA:9,0,0,0
BRDA:18,1,0,0
BRDA:34,2,0,0
BRDA:39,3,0,0
BRDA:39,3,1,0
BRDA:40,4,0,0
BRDA:40,4,1,0
BRDA:47,5,0,0
BRDA:47,5,1,0
BRDA:50,6,0,0
BRDA:50,6,1,0
BRDA:51,7,0,0
BRDA:51,7,1,0
BRF:13
BRH:0
end_of_record
TN:
SF:app\api\schools\route.ts
FN:5,GET
FN:43,POST
FNF:2
FNH:0
FNDA:0,GET
FNDA:0,POST
DA:1,0
DA:2,0
DA:3,0
DA:5,0
DA:6,0
DA:8,0
DA:9,0
DA:12,0
DA:15,0
DA:17,0
DA:36,0
DA:38,0
DA:39,0
DA:43,0
DA:44,0
DA:46,0
DA:47,0
DA:50,0
DA:51,0
DA:52,0
DA:55,0
DA:56,0
DA:60,0
DA:64,0
DA:65,0
DA:69,0
DA:88,0
DA:90,0
DA:91,0
LF:29
LH:0
BRDA:8,0,0,0
BRDA:15,1,0,0
BRDA:15,1,1,0
BRDA:46,2,0,0
BRDA:46,3,0,0
BRDA:46,3,1,0
BRDA:55,4,0,0
BRDA:55,5,0,0
BRDA:55,5,1,0
BRDA:64,6,0,0
BRF:10
BRH:0
end_of_record
TN:
SF:app\api\schools\[schoolId]\classes\route.ts
FN:5,GET
FNF:1
FNH:0
FNDA:0,GET
DA:1,0
DA:2,0
DA:3,0
DA:5,0
DA:9,0
DA:10,0
DA:11,0
DA:12,0
DA:16,0
DA:17,0
DA:21,0
DA:22,0
DA:27,0
DA:28,0
DA:45,0
DA:61,0
DA:63,0
DA:64,0
LF:18
LH:0
BRDA:11,0,0,0
BRDA:16,1,0,0
BRDA:27,2,0,0
BRDA:27,2,1,0
BRDA:27,3,0,0
BRDA:27,3,1,0
BRDA:67,4,0,0
BRDA:67,4,1,0
BRF:8
BRH:0
end_of_record
TN:
SF:app\api\schools\[schoolId]\results\route.ts
FN:37,POST
FN:54,(anonymous_5)
FN:59,(anonymous_6)
FN:74,(anonymous_7)
FN:98,(anonymous_8)
FN:144,GET
FN:192,PUT
FN:207,(anonymous_11)
FN:221,(anonymous_12)
FN:246,(anonymous_13)
FNF:10
FNH:0
FNDA:0,POST
FNDA:0,(anonymous_5)
FNDA:0,(anonymous_6)
FNDA:0,(anonymous_7)
FNDA:0,(anonymous_8)
FNDA:0,GET
FNDA:0,PUT
FNDA:0,(anonymous_11)
FNDA:0,(anonymous_12)
FNDA:0,(anonymous_13)
DA:1,0
DA:2,0
DA:3,0
DA:4,0
DA:6,0
DA:37,0
DA:41,0
DA:42,0
DA:43,0
DA:44,0
DA:47,0
DA:48,0
DA:51,0
DA:54,0
DA:59,0
DA:60,0
DA:64,0
DA:69,0
DA:70,0
DA:73,0
DA:74,0
DA:77,0
DA:78,0
DA:85,0
DA:97,0
DA:98,0
DA:103,0
DA:134,0
DA:136,0
DA:137,0
DA:144,0
DA:148,0
DA:149,0
DA:150,0
DA:151,0
DA:154,0
DA:155,0
DA:156,0
DA:157,0
DA:158,0
DA:160,0
DA:182,0
DA:184,0
DA:185,0
DA:192,0
DA:196,0
DA:197,0
DA:198,0
DA:199,0
DA:202,0
DA:203,0
DA:204,0
DA:207,0
DA:208,0
DA:211,0
DA:216,0
DA:217,0
DA:220,0
DA:221,0
DA:224,0
DA:225,0
DA:232,0
DA:245,0
DA:246,0
DA:251,0
DA:280,0
DA:282,0
DA:283,0
LF:68
LH:0
BRDA:43,0,0,0
BRDA:69,1,0,0
BRDA:74,2,0,0
BRDA:74,2,1,0
BRDA:77,3,0,0
BRDA:97,4,0,0
BRDA:97,4,1,0
BRDA:150,5,0,0
BRDA:162,6,0,0
BRDA:162,6,1,0
BRDA:163,7,0,0
BRDA:163,7,1,0
BRDA:164,8,0,0
BRDA:164,8,1,0
BRDA:165,9,0,0
BRDA:165,9,1,0
BRDA:198,10,0,0
BRDA:216,11,0,0
BRDA:221,12,0,0
BRDA:221,12,1,0
BRDA:224,13,0,0
BRDA:245,14,0,0
BRDA:245,14,1,0
BRF:23
BRH:0
end_of_record
TN:
SF:app\api\schools\[schoolId]\results\batch\route.ts
FN:6,GET
FN:79,(anonymous_4)
FN:85,(anonymous_5)
FN:92,(anonymous_6)
FN:116,POST
FN:156,(anonymous_8)
FN:158,(anonymous_9)
FN:163,(anonymous_10)
FN:201,(anonymous_11)
FN:213,(anonymous_12)
FN:233,(anonymous_13)
FN:240,(anonymous_14)
FNF:12
FNH:0
FNDA:0,GET
FNDA:0,(anonymous_4)
FNDA:0,(anonymous_5)
FNDA:0,(anonymous_6)
FNDA:0,POST
FNDA:0,(anonymous_8)
FNDA:0,(anonymous_9)
FNDA:0,(anonymous_10)
FNDA:0,(anonymous_11)
FNDA:0,(anonymous_12)
FNDA:0,(anonymous_13)
FNDA:0,(anonymous_14)
DA:1,0
DA:2,0
DA:3,0
DA:6,0
DA:10,0
DA:11,0
DA:12,0
DA:13,0
DA:17,0
DA:18,0
DA:22,0
DA:23,0
DA:24,0
DA:25,0
DA:27,0
DA:28,0
DA:35,0
DA:66,0
DA:67,0
DA:75,0
DA:77,0
DA:78,0
DA:79,0
DA:82,0
DA:84,0
DA:85,0
DA:87,0
DA:91,0
DA:92,0
DA:94,0
DA:100,0
DA:102,0
DA:104,0
DA:105,0
DA:116,0
DA:120,0
DA:121,0
DA:122,0
DA:123,0
DA:127,0
DA:128,0
DA:131,0
DA:132,0
DA:134,0
DA:135,0
DA:142,0
DA:143,0
DA:145,0
DA:146,0
DA:154,0
DA:155,0
DA:156,0
DA:158,0
DA:163,0
DA:165,0
DA:167,0
DA:168,0
DA:172,0
DA:173,0
DA:180,0
DA:192,0
DA:194,0
DA:201,0
DA:213,0
DA:222,0
DA:225,0
DA:233,0
DA:240,0
DA:249,0
DA:254,0
DA:256,0
DA:261,0
DA:262,0
LF:73
LH:0
BRDA:12,0,0,0
BRDA:17,1,0,0
BRDA:27,2,0,0
BRDA:27,3,0,0
BRDA:27,3,1,0
BRDA:66,4,0,0
BRDA:75,5,0,0
BRDA:77,6,0,0
BRDA:77,6,1,0
BRDA:82,7,0,0
BRDA:108,8,0,0
BRDA:108,8,1,0
BRDA:122,9,0,0
BRDA:127,10,0,0
BRDA:134,11,0,0
BRDA:134,12,0,0
BRDA:134,12,1,0
BRDA:145,13,0,0
BRDA:154,14,0,0
BRDA:165,15,0,0
BRDA:167,16,0,0
BRDA:167,16,1,0
BRDA:172,17,0,0
BRDA:172,18,0,0
BRDA:172,18,1,0
BRDA:192,19,0,0
BRDA:192,19,1,0
BRDA:201,20,0,0
BRDA:201,20,1,0
BRDA:204,21,0,0
BRDA:204,21,1,0
BRDA:204,21,2,0
BRDA:205,22,0,0
BRDA:205,22,1,0
BRDA:205,22,2,0
BRDA:233,23,0,0
BRDA:233,23,1,0
BRDA:236,24,0,0
BRDA:236,24,1,0
BRDA:237,25,0,0
BRDA:237,25,1,0
BRDA:265,26,0,0
BRDA:265,26,1,0
BRF:43
BRH:0
end_of_record
TN:
SF:app\api\schools\[schoolId]\results\config\route.ts
FN:8,(anonymous_4)
FN:10,(anonymous_5)
FN:12,(anonymous_6)
FN:14,(anonymous_7)
FN:22,isAllowedRole
FN:90,POST
FN:228,GET
FN:269,(anonymous_11)
FN:314,PUT
FN:373,(anonymous_13)
FNF:10
FNH:0
FNDA:0,(anonymous_4)
FNDA:0,(anonymous_5)
FNDA:0,(anonymous_6)
FNDA:0,(anonymous_7)
FNDA:0,isAllowedRole
FNDA:0,POST
FNDA:0,GET
FNDA:0,(anonymous_11)
FNDA:0,PUT
FNDA:0,(anonymous_13)
DA:1,0
DA:2,0
DA:3,0
DA:4,0
DA:5,0
DA:8,0
DA:9,0
DA:10,0
DA:11,0
DA:12,0
DA:13,0
DA:14,0
DA:15,0
DA:18,0
DA:23,0
DA:62,0
DA:90,0
DA:94,0
DA:95,0
DA:96,0
DA:97,0
DA:100,0
DA:101,0
DA:104,0
DA:114,0
DA:115,0
DA:122,0
DA:132,0
DA:133,0
DA:136,0
DA:139,0
DA:140,0
DA:149,0
DA:150,0
DA:160,0
DA:161,0
DA:171,0
DA:183,0
DA:184,0
DA:188,0
DA:193,0
DA:199,0
DA:204,0
DA:205,0
DA:206,0
DA:210,0
DA:217,0
DA:218,0
DA:228,0
DA:232,0
DA:234,0
DA:235,0
DA:238,0
DA:241,0
DA:244,0
DA:248,0
DA:252,0
DA:265,0
DA:268,0
DA:271,0
DA:276,0
DA:282,0
DA:287,0
DA:288,0
DA:291,0
DA:295,0
DA:304,0
DA:306,0
DA:307,0
DA:314,0
DA:318,0
DA:320,0
DA:321,0
DA:324,0
DA:327,0
DA:330,0
DA:334,0
DA:337,0
DA:338,0
DA:341,0
DA:342,0
DA:343,0
DA:349,0
DA:352,0
DA:359,0
DA:362,0
DA:370,0
DA:373,0
DA:375,0
DA:386,0
DA:387,0
DA:388,0
DA:391,0
DA:392,0
DA:401,0
DA:402,0
DA:412,0
DA:413,0
DA:423,0
DA:435,0
DA:441,0
DA:447,0
DA:453,0
DA:461,0
DA:463,0
DA:464,0
LF:106
LH:0
BRDA:96,0,0,0
BRDA:114,1,0,0
BRDA:132,2,0,0
BRDA:132,3,0,0
BRDA:132,3,1,0
BRDA:183,4,0,0
BRDA:183,5,0,0
BRDA:183,5,1,0
BRDA:204,6,0,0
BRDA:204,6,1,0
BRDA:205,7,0,0
BRDA:205,7,1,0
BRDA:206,8,0,0
BRDA:206,8,1,0
BRDA:221,9,0,0
BRDA:221,9,1,0
BRDA:235,10,0,0
BRDA:238,11,0,0
BRDA:241,12,0,0
BRDA:244,13,0,0
BRDA:245,14,0,0
BRDA:245,14,1,0
BRDA:265,15,0,0
BRDA:265,15,1,0
BRDA:287,16,0,0
BRDA:287,16,1,0
BRDA:288,17,0,0
BRDA:288,17,1,0
BRDA:291,18,0,0
BRDA:291,18,1,0
BRDA:321,19,0,0
BRDA:324,20,0,0
BRDA:327,21,0,0
BRDA:330,22,0,0
BRDA:331,23,0,0
BRDA:331,23,1,0
BRDA:342,24,0,0
BRDA:359,25,0,0
BRDA:370,26,0,0
BRF:39
BRH:0
end_of_record
TN:
SF:app\api\schools\[schoolId]\results\config-client\route.ts
FN:12,handleApiError
FN:28,GET
FN:32,(anonymous_3)
FN:111,(anonymous_4)
FN:115,(anonymous_5)
FN:119,(anonymous_6)
FNF:6
FNH:0
FNDA:0,handleApiError
FNDA:0,GET
FNDA:0,(anonymous_3)
FNDA:0,(anonymous_4)
FNDA:0,(anonymous_5)
FNDA:0,(anonymous_6)
DA:1,0
DA:2,0
DA:3,0
DA:13,0
DA:14,0
DA:16,0
DA:17,0
DA:18,0
DA:19,0
DA:21,0
DA:28,0
DA:32,0
DA:33,0
DA:35,0
DA:36,0
DA:45,0
DA:49,0
DA:55,0
DA:58,0
DA:69,0
DA:70,0
DA:79,0
DA:94,0
DA:97,0
DA:107,0
DA:111,0
DA:115,0
DA:119,0
DA:130,0
LF:29
LH:0
BRDA:18,0,0,0
BRDA:35,1,0,0
BRDA:45,2,0,0
BRDA:46,3,0,0
BRDA:46,3,1,0
BRDA:69,4,0,0
BRDA:94,5,0,0
BRF:7
BRH:0
end_of_record
TN:
SF:app\api\schools\branding\[subdomain]\route.ts
FN:4,GET
FNF:1
FNH:0
FNDA:0,GET
DA:1,0
DA:2,0
DA:4,0
DA:8,0
DA:10,0
DA:11,0
DA:17,0
DA:30,0
DA:31,0
DA:35,0
DA:45,0
DA:46,0
DA:47,0
DA:49,0
DA:50,0
LF:15
LH:0
BRDA:10,0,0,0
BRDA:30,1,0,0
BRF:2
BRH:0
end_of_record
TN:
SF:app\api\schools\current\route.ts
FN:5,GET
FNF:1
FNH:0
FNDA:0,GET
DA:1,0
DA:2,0
DA:3,0
DA:5,0
DA:6,0
DA:7,0
DA:9,0
DA:10,0
DA:13,0
DA:26,0
DA:27,0
DA:30,0
DA:32,0
DA:33,0
LF:14
LH:0
BRDA:9,0,0,0
BRDA:26,1,0,0
BRF:2
BRH:0
end_of_record
TN:
SF:app\api\schools\logo\route.ts
FN:13,POST
FNF:1
FNH:0
FNDA:0,POST
DA:1,0
DA:2,0
DA:3,0
DA:4,0
DA:7,0
DA:13,0
DA:14,0
DA:15,0
DA:17,0
DA:18,0
DA:21,0
DA:22,0
DA:24,0
DA:25,0
DA:29,0
DA:30,0
DA:34,0
DA:35,0
DA:36,0
DA:37,0
DA:40,0
DA:48,0
DA:53,0
DA:55,0
DA:56,0
LF:25
LH:0
BRDA:17,0,0,0
BRDA:17,1,0,0
BRDA:17,1,1,0
BRDA:24,2,0,0
BRDA:29,3,0,0
BRF:5
BRH:0
end_of_record
TN:
SF:app\api\schools\register\route.ts
FN:13,handleFileUpload
FN:45,POST
FN:112,(anonymous_3)
FN:129,(anonymous_4)
FN:146,(anonymous_5)
FN:167,(anonymous_6)
FNF:6
FNH:0
FNDA:0,handleFileUpload
FNDA:0,POST
FNDA:0,(anonymous_3)
FNDA:0,(anonymous_4)
FNDA:0,(anonymous_5)
FNDA:0,(anonymous_6)
DA:1,0
DA:2,0
DA:3,0
DA:4,0
DA:5,0
DA:6,0
DA:7,0
DA:8,0
DA:9,0
DA:10,0
DA:14,0
DA:16,0
DA:18,0
DA:20,0
DA:21,0
DA:22,0
DA:23,0
DA:25,0
DA:28,0
DA:29,0
DA:31,0
DA:32,0
DA:34,0
DA:35,0
DA:37,0
DA:40,0
DA:41,0
DA:45,0
DA:46,0
DA:48,0
DA:51,0
DA:53,0
DA:55,0
DA:58,0
DA:72,0
DA:73,0
DA:74,0
DA:78,0
DA:90,0
DA:93,0
DA:101,0
DA:108,0
DA:113,0
DA:114,0
DA:117,0
DA:118,0
DA:125,0
DA:130,0
DA:131,0
DA:134,0
DA:135,0
DA:142,0
DA:147,0
DA:148,0
DA:151,0
DA:152,0
DA:159,0
DA:162,0
DA:165,0
DA:167,0
DA:170,0
DA:186,0
DA:207,0
DA:211,0
DA:212,0
DA:221,0
DA:225,0
DA:244,0
DA:245,0
DA:258,0
DA:259,0
LF:71
LH:0
BRDA:18,0,0,0
BRDA:18,0,1,0
BRDA:48,1,0,0
BRDA:48,1,1,0
BRDA:53,2,0,0
BRDA:53,2,1,0
BRDA:73,3,0,0
BRDA:73,4,0,0
BRDA:73,4,1,0
BRDA:93,5,0,0
BRDA:94,6,0,0
BRDA:94,6,1,0
BRDA:94,6,2,0
BRDA:94,6,3,0
BRDA:94,6,4,0
BRDA:94,6,5,0
BRDA:117,7,0,0
BRDA:134,8,0,0
BRDA:151,9,0,0
BRDA:174,10,0,0
BRDA:174,10,1,0
BRDA:175,11,0,0
BRDA:175,11,1,0
BRDA:180,12,0,0
BRDA:180,12,1,0
BRDA:181,13,0,0
BRDA:181,13,1,0
BRDA:249,14,0,0
BRDA:249,14,1,0
BRDA:262,15,0,0
BRDA:262,15,1,0
BRF:31
BRH:0
end_of_record
TN:
SF:app\api\schools\settings\route.ts
FN:7,GET
FN:43,PUT
FNF:2
FNH:0
FNDA:0,GET
FNDA:0,PUT
DA:1,0
DA:2,0
DA:3,0
DA:4,0
DA:5,0
DA:7,0
DA:8,0
DA:10,0
DA:11,0
DA:14,0
DA:15,0
DA:29,0
DA:30,0
DA:33,0
DA:35,0
DA:36,0
DA:43,0
DA:44,0
DA:46,0
DA:51,0
DA:54,0
DA:56,0
DA:58,0
DA:59,0
DA:61,0
DA:62,0
DA:66,0
DA:67,0
DA:68,0
DA:70,0
DA:71,0
DA:72,0
DA:73,0
DA:76,0
DA:78,0
DA:79,0
DA:87,0
DA:88,0
DA:89,0
DA:90,0
DA:91,0
DA:92,0
DA:93,0
DA:96,0
DA:97,0
DA:104,0
DA:105,0
DA:112,0
DA:119,0
DA:120,0
DA:127,0
DA:134,0
DA:135,0
DA:142,0
DA:166,0
DA:168,0
DA:169,0
LF:57
LH:0
BRDA:10,0,0,0
BRDA:29,1,0,0
BRDA:46,2,0,0
BRDA:47,3,0,0
BRDA:47,3,1,0
BRDA:47,3,2,0
BRDA:67,4,0,0
BRDA:87,5,0,0
BRDA:87,5,1,0
BRDA:88,6,0,0
BRDA:88,6,1,0
BRDA:89,7,0,0
BRDA:89,7,1,0
BRDA:90,8,0,0
BRDA:90,8,1,0
BRDA:91,9,0,0
BRDA:91,9,1,0
BRDA:92,10,0,0
BRDA:92,10,1,0
BRDA:93,11,0,0
BRDA:93,11,1,0
BRDA:96,12,0,0
BRDA:96,13,0,0
BRDA:96,13,1,0
BRDA:96,13,2,0
BRDA:104,14,0,0
BRDA:119,15,0,0
BRDA:134,16,0,0
BRDA:147,17,0,0
BRDA:147,17,1,0
BRDA:148,18,0,0
BRDA:148,18,1,0
BRDA:150,19,0,0
BRDA:150,19,1,0
BRDA:151,20,0,0
BRDA:151,20,1,0
BRDA:152,21,0,0
BRDA:152,21,1,0
BRF:38
BRH:0
end_of_record
TN:
SF:app\api\send-credentials\route.ts
FN:57,POST
FN:194,GET
FNF:2
FNH:0
FNDA:0,POST
FNDA:0,GET
DA:1,0
DA:6,0
DA:9,0
DA:10,0
DA:43,0
DA:46,0
DA:57,0
DA:58,0
DA:59,0
DA:60,0
DA:62,0
DA:63,0
DA:64,0
DA:67,0
DA:68,0
DA:69,0
DA:70,0
DA:76,0
DA:86,0
DA:88,0
DA:95,0
DA:98,0
DA:99,0
DA:107,0
DA:117,0
DA:118,0
DA:121,0
DA:122,0
DA:127,0
DA:128,0
DA:133,0
DA:134,0
DA:142,0
DA:153,0
DA:160,0
DA:163,0
DA:171,0
DA:182,0
DA:194,0
DA:195,0
DA:197,0
DA:198,0
DA:199,0
DA:202,0
DA:203,0
DA:207,0
DA:214,0
DA:220,0
DA:221,0
LF:49
LH:0
BRDA:68,0,0,0
BRDA:95,1,0,0
BRDA:95,1,1,0
BRDA:111,2,0,0
BRDA:111,2,1,0
BRDA:117,3,0,0
BRDA:117,3,1,0
BRDA:127,4,0,0
BRDA:174,5,0,0
BRDA:174,5,1,0
BRDA:175,6,0,0
BRDA:175,6,1,0
BRDA:185,7,0,0
BRDA:185,7,1,0
BRDA:202,8,0,0
BRDA:208,9,0,0
BRDA:208,9,1,0
BRDA:209,10,0,0
BRDA:209,10,1,0
BRDA:210,11,0,0
BRDA:210,11,1,0
BRDA:211,12,0,0
BRDA:211,12,1,0
BRF:23
BRH:0
end_of_record
TN:
SF:app\api\sessions\route.ts
FN:6,serializeBigInts
FN:16,(anonymous_5)
FN:30,GET
FN:98,POST
FNF:4
FNH:0
FNDA:0,serializeBigInts
FNDA:0,(anonymous_5)
FNDA:0,GET
FNDA:0,POST
DA:1,0
DA:2,0
DA:3,0
DA:7,0
DA:8,0
DA:11,0
DA:12,0
DA:15,0
DA:16,0
DA:19,0
DA:20,0
DA:21,0
DA:22,0
DA:24,0
DA:27,0
DA:30,0
DA:31,0
DA:32,0
DA:34,0
DA:35,0
DA:39,0
DA:41,0
DA:43,0
DA:47,0
DA:49,0
DA:74,0
DA:76,0
DA:80,0
DA:81,0
DA:85,0
DA:98,0
DA:99,0
DA:100,0
DA:102,0
DA:103,0
DA:107,0
DA:108,0
DA:109,0
DA:112,0
DA:113,0
DA:115,0
DA:116,0
DA:124,0
DA:126,0
DA:127,0
DA:134,0
DA:135,0
DA:137,0
DA:138,0
DA:145,0
DA:173,0
DA:178,0
DA:180,0
DA:184,0
DA:185,0
DA:189,0
LF:56
LH:0
BRDA:7,0,0,0
BRDA:7,1,0,0
BRDA:7,1,1,0
BRDA:11,2,0,0
BRDA:15,3,0,0
BRDA:19,4,0,0
BRDA:34,5,0,0
BRDA:43,6,0,0
BRDA:43,6,1,0
BRDA:44,7,0,0
BRDA:44,7,1,0
BRDA:47,8,0,0
BRDA:47,8,1,0
BRDA:52,9,0,0
BRDA:52,9,1,0
BRDA:80,10,0,0
BRDA:80,10,1,0
BRDA:88,11,0,0
BRDA:88,11,1,0
BRDA:102,12,0,0
BRDA:108,13,0,0
BRDA:115,14,0,0
BRDA:115,15,0,0
BRDA:115,15,1,0
BRDA:115,15,2,0
BRDA:124,16,0,0
BRDA:124,16,1,0
BRDA:126,17,0,0
BRDA:137,18,0,0
BRDA:150,19,0,0
BRDA:150,19,1,0
BRDA:184,20,0,0
BRDA:184,20,1,0
BRDA:192,21,0,0
BRDA:192,21,1,0
BRF:35
BRH:0
end_of_record
TN:
SF:app\api\sessions\[id]\route.ts
FN:8,serializeBigInts
FN:18,(anonymous_6)
FN:32,GET
FN:106,PUT
FN:243,DELETE
FNF:5
FNH:0
FNDA:0,serializeBigInts
FNDA:0,(anonymous_6)
FNDA:0,GET
FNDA:0,PUT
FNDA:0,DELETE
DA:1,0
DA:2,0
DA:3,0
DA:9,0
DA:10,0
DA:13,0
DA:14,0
DA:17,0
DA:18,0
DA:21,0
DA:22,0
DA:23,0
DA:24,0
DA:26,0
DA:29,0
DA:32,0
DA:36,0
DA:37,0
DA:39,0
DA:40,0
DA:44,0
DA:46,0
DA:48,0
DA:67,0
DA:68,0
DA:75,0
DA:79,0
DA:82,0
DA:84,0
DA:88,0
DA:89,0
DA:93,0
DA:106,0
DA:110,0
DA:111,0
DA:113,0
DA:114,0
DA:118,0
DA:121,0
DA:122,0
DA:123,0
DA:126,0
DA:127,0
DA:130,0
DA:142,0
DA:143,0
DA:150,0
DA:154,0
DA:159,0
DA:170,0
DA:171,0
DA:184,0
DA:214,0
DA:219,0
DA:221,0
DA:225,0
DA:226,0
DA:230,0
DA:243,0
DA:247,0
DA:248,0
DA:250,0
DA:251,0
DA:255,0
DA:258,0
DA:259,0
DA:262,0
DA:265,0
DA:278,0
DA:279,0
DA:286,0
DA:290,0
DA:295,0
DA:299,0
DA:300,0
DA:314,0
DA:318,0
DA:322,0
DA:326,0
DA:327,0
DA:331,0
LF:81
LH:0
BRDA:9,0,0,0
BRDA:9,1,0,0
BRDA:9,1,1,0
BRDA:13,2,0,0
BRDA:17,3,0,0
BRDA:21,4,0,0
BRDA:39,5,0,0
BRDA:67,6,0,0
BRDA:75,7,0,0
BRDA:76,8,0,0
BRDA:76,8,1,0
BRDA:88,9,0,0
BRDA:88,9,1,0
BRDA:96,10,0,0
BRDA:96,10,1,0
BRDA:113,11,0,0
BRDA:122,12,0,0
BRDA:142,13,0,0
BRDA:150,14,0,0
BRDA:151,15,0,0
BRDA:151,15,1,0
BRDA:170,16,0,0
BRDA:170,17,0,0
BRDA:170,17,1,0
BRDA:188,18,0,0
BRDA:188,18,1,0
BRDA:189,19,0,0
BRDA:189,19,1,0
BRDA:192,20,0,0
BRDA:192,20,1,0
BRDA:192,21,0,0
BRDA:192,21,1,0
BRDA:225,22,0,0
BRDA:225,22,1,0
BRDA:233,23,0,0
BRDA:233,23,1,0
BRDA:250,24,0,0
BRDA:258,25,0,0
BRDA:278,26,0,0
BRDA:286,27,0,0
BRDA:287,28,0,0
BRDA:287,28,1,0
BRDA:299,29,0,0
BRDA:326,30,0,0
BRDA:326,30,1,0
BRDA:334,31,0,0
BRDA:334,31,1,0
BRF:47
BRH:0
end_of_record
TN:
SF:app\api\student-classes\route.ts
FN:5,POST
FN:146,GET
FN:192,(anonymous_6)
FNF:3
FNH:0
FNDA:0,POST
FNDA:0,GET
FNDA:0,(anonymous_6)
DA:1,0
DA:2,0
DA:3,0
DA:5,0
DA:6,0
DA:8,0
DA:9,0
DA:12,0
DA:13,0
DA:14,0
DA:17,0
DA:18,0
DA:22,0
DA:30,0
DA:31,0
DA:35,0
DA:40,0
DA:41,0
DA:45,0
DA:50,0
DA:51,0
DA:55,0
DA:56,0
DA:60,0
DA:61,0
DA:65,0
DA:74,0
DA:76,0
DA:107,0
DA:139,0
DA:141,0
DA:142,0
DA:146,0
DA:147,0
DA:149,0
DA:150,0
DA:153,0
DA:154,0
DA:155,0
DA:156,0
DA:157,0
DA:159,0
DA:161,0
DA:162,0
DA:165,0
DA:166,0
DA:169,0
DA:170,0
DA:174,0
DA:175,0
DA:181,0
DA:182,0
DA:186,0
DA:187,0
DA:192,0
DA:194,0
DA:195,0
DA:198,0
DA:201,0
DA:237,0
DA:239,0
DA:240,0
LF:62
LH:0
BRDA:8,0,0,0
BRDA:8,1,0,0
BRDA:8,1,1,0
BRDA:8,1,2,0
BRDA:17,2,0,0
BRDA:17,3,0,0
BRDA:17,3,1,0
BRDA:17,3,2,0
BRDA:30,4,0,0
BRDA:40,5,0,0
BRDA:50,6,0,0
BRDA:55,7,0,0
BRDA:55,8,0,0
BRDA:55,8,1,0
BRDA:60,9,0,0
BRDA:60,10,0,0
BRDA:60,10,1,0
BRDA:74,11,0,0
BRDA:74,11,1,0
BRDA:139,12,0,0
BRDA:139,12,1,0
BRDA:149,13,0,0
BRDA:161,14,0,0
BRDA:165,15,0,0
BRDA:169,16,0,0
BRDA:174,17,0,0
BRDA:181,18,0,0
BRDA:186,19,0,0
BRDA:194,20,0,0
BRF:29
BRH:0
end_of_record
TN:
SF:app\api\students\route.ts
FN:14,serializeBigInts
FN:24,(anonymous_5)
FN:38,GET
FN:172,(anonymous_7)
FN:174,(anonymous_8)
FN:182,(anonymous_9)
FN:200,(anonymous_10)
FN:214,POST
FN:357,(anonymous_12)
FNF:9
FNH:0
FNDA:0,serializeBigInts
FNDA:0,(anonymous_5)
FNDA:0,GET
FNDA:0,(anonymous_7)
FNDA:0,(anonymous_8)
FNDA:0,(anonymous_9)
FNDA:0,(anonymous_10)
FNDA:0,POST
FNDA:0,(anonymous_12)
DA:1,0
DA:2,0
DA:3,0
DA:9,0
DA:10,0
DA:11,0
DA:15,0
DA:16,0
DA:19,0
DA:20,0
DA:23,0
DA:24,0
DA:27,0
DA:28,0
DA:29,0
DA:30,0
DA:32,0
DA:35,0
DA:38,0
DA:39,0
DA:40,0
DA:41,0
DA:44,0
DA:45,0
DA:46,0
DA:47,0
DA:49,0
DA:50,0
DA:51,0
DA:52,0
DA:59,0
DA:66,0
DA:67,0
DA:74,0
DA:81,0
DA:82,0
DA:86,0
DA:87,0
DA:95,0
DA:96,0
DA:109,0
DA:164,0
DA:165,0
DA:172,0
DA:174,0
DA:176,0
DA:182,0
DA:200,0
DA:204,0
DA:206,0
DA:207,0
DA:214,0
DA:215,0
DA:217,0
DA:218,0
DA:219,0
DA:226,0
DA:227,0
DA:228,0
DA:229,0
DA:230,0
DA:231,0
DA:232,0
DA:233,0
DA:234,0
DA:235,0
DA:236,0
DA:237,0
DA:238,0
DA:239,0
DA:240,0
DA:241,0
DA:242,0
DA:243,0
DA:244,0
DA:247,0
DA:249,0
DA:250,0
DA:252,0
DA:253,0
DA:254,0
DA:255,0
DA:257,0
DA:258,0
DA:260,0
DA:261,0
DA:263,0
DA:264,0
DA:267,0
DA:268,0
DA:273,0
DA:274,0
DA:284,0
DA:291,0
DA:292,0
DA:299,0
DA:300,0
DA:301,0
DA:308,0
DA:309,0
DA:317,0
DA:321,0
DA:322,0
DA:329,0
DA:330,0
DA:338,0
DA:339,0
DA:340,0
DA:342,0
DA:343,0
DA:344,0
DA:346,0
DA:348,0
DA:349,0
DA:357,0
DA:359,0
DA:371,0
DA:387,0
DA:388,0
DA:399,0
DA:425,0
DA:427,0
DA:430,0
DA:431,0
DA:432,0
DA:439,0
LF:126
LH:0
BRDA:15,0,0,0
BRDA:15,1,0,0
BRDA:15,1,1,0
BRDA:19,2,0,0
BRDA:23,3,0,0
BRDA:27,4,0,0
BRDA:40,5,0,0
BRDA:51,6,0,0
BRDA:66,7,0,0
BRDA:81,8,0,0
BRDA:86,9,0,0
BRDA:95,10,0,0
BRDA:95,11,0,0
BRDA:95,11,1,0
BRDA:164,12,0,0
BRDA:181,13,0,0
BRDA:181,13,1,0
BRDA:189,14,0,0
BRDA:189,14,1,0
BRDA:218,15,0,0
BRDA:249,16,0,0
BRDA:252,17,0,0
BRDA:252,17,1,0
BRDA:254,18,0,0
BRDA:257,19,0,0
BRDA:260,20,0,0
BRDA:263,21,0,0
BRDA:267,22,0,0
BRDA:267,23,0,0
BRDA:267,23,1,0
BRDA:273,24,0,0
BRDA:291,25,0,0
BRDA:300,26,0,0
BRDA:308,27,0,0
BRDA:321,28,0,0
BRDA:329,29,0,0
BRDA:339,30,0,0
BRDA:363,31,0,0
BRDA:363,31,1,0
BRDA:374,32,0,0
BRDA:374,32,1,0
BRDA:378,33,0,0
BRDA:378,33,1,0
BRDA:379,34,0,0
BRDA:379,34,1,0
BRDA:380,35,0,0
BRDA:380,35,1,0
BRDA:381,36,0,0
BRDA:381,36,1,0
BRDA:382,37,0,0
BRDA:382,37,1,0
BRDA:387,38,0,0
BRDA:393,39,0,0
BRDA:393,39,1,0
BRDA:430,40,0,0
BRDA:430,41,0,0
BRDA:430,41,1,0
BRDA:430,41,2,0
BRDA:431,42,0,0
BRF:59
BRH:0
end_of_record
TN:
SF:app\api\students\[id]\route.ts
FN:8,GET
FN:89,(anonymous_6)
FN:167,(anonymous_7)
FN:168,(anonymous_8)
FN:177,(anonymous_9)
FN:178,(anonymous_10)
FN:193,(anonymous_11)
FN:212,PATCH
FN:380,DELETE
FN:414,(anonymous_14)
FN:448,PUT
FN:505,(anonymous_16)
FN:556,(anonymous_17)
FN:574,(anonymous_18)
FNF:14
FNH:0
FNDA:0,GET
FNDA:0,(anonymous_6)
FNDA:0,(anonymous_7)
FNDA:0,(anonymous_8)
FNDA:0,(anonymous_9)
FNDA:0,(anonymous_10)
FNDA:0,(anonymous_11)
FNDA:0,PATCH
FNDA:0,DELETE
FNDA:0,(anonymous_14)
FNDA:0,PUT
FNDA:0,(anonymous_16)
FNDA:0,(anonymous_17)
FNDA:0,(anonymous_18)
DA:1,0
DA:2,0
DA:3,0
DA:4,0
DA:5,0
DA:8,0
DA:12,0
DA:13,0
DA:14,0
DA:15,0
DA:19,0
DA:56,0
DA:57,0
DA:64,0
DA:68,0
DA:75,0
DA:83,0
DA:84,0
DA:86,0
DA:88,0
DA:89,0
DA:93,0
DA:94,0
DA:97,0
DA:99,0
DA:108,0
DA:115,0
DA:125,0
DA:132,0
DA:150,0
DA:167,0
DA:168,0
DA:177,0
DA:178,0
DA:188,0
DA:193,0
DA:201,0
DA:203,0
DA:204,0
DA:212,0
DA:216,0
DA:217,0
DA:218,0
DA:219,0
DA:223,0
DA:228,0
DA:231,0
DA:232,0
DA:233,0
DA:236,0
DA:241,0
DA:242,0
DA:246,0
DA:247,0
DA:248,0
DA:252,0
DA:253,0
DA:254,0
DA:256,0
DA:258,0
DA:262,0
DA:263,0
DA:265,0
DA:267,0
DA:269,0
DA:271,0
DA:272,0
DA:278,0
DA:279,0
DA:281,0
DA:286,0
DA:287,0
DA:290,0
DA:291,0
DA:292,0
DA:293,0
DA:294,0
DA:296,0
DA:297,0
DA:302,0
DA:310,0
DA:322,0
DA:323,0
DA:325,0
DA:327,0
DA:334,0
DA:336,0
DA:347,0
DA:359,0
DA:367,0
DA:369,0
DA:370,0
DA:380,0
DA:384,0
DA:385,0
DA:386,0
DA:387,0
DA:391,0
DA:396,0
DA:397,0
DA:403,0
DA:407,0
DA:414,0
DA:416,0
DA:420,0
DA:424,0
DA:429,0
DA:433,0
DA:438,0
DA:440,0
DA:441,0
DA:448,0
DA:452,0
DA:453,0
DA:454,0
DA:455,0
DA:459,0
DA:464,0
DA:465,0
DA:472,0
DA:476,0
DA:482,0
DA:502,0
DA:505,0
DA:507,0
DA:527,0
DA:547,0
DA:549,0
DA:554,0
DA:555,0
DA:556,0
DA:565,0
DA:567,0
DA:572,0
DA:573,0
DA:574,0
DA:584,0
DA:586,0
DA:593,0
DA:595,0
DA:604,0
DA:616,0
DA:647,0
DA:650,0
DA:655,0
DA:656,0
LF:146
LH:0
BRDA:14,0,0,0
BRDA:56,1,0,0
BRDA:64,2,0,0
BRDA:65,3,0,0
BRDA:65,3,1,0
BRDA:77,4,0,0
BRDA:77,4,1,0
BRDA:86,5,0,0
BRDA:86,6,0,0
BRDA:86,6,1,0
BRDA:93,7,0,0
BRDA:93,8,0,0
BRDA:93,8,1,0
BRDA:97,9,0,0
BRDA:110,10,0,0
BRDA:110,10,1,0
BRDA:117,11,0,0
BRDA:117,11,1,0
BRDA:127,12,0,0
BRDA:127,12,1,0
BRDA:135,13,0,0
BRDA:135,13,1,0
BRDA:218,14,0,0
BRDA:223,15,0,0
BRDA:224,16,0,0
BRDA:224,16,1,0
BRDA:224,16,2,0
BRDA:241,17,0,0
BRDA:247,18,0,0
BRDA:252,19,0,0
BRDA:252,19,1,0
BRDA:253,20,0,0
BRDA:253,20,1,0
BRDA:254,21,0,0
BRDA:254,21,1,0
BRDA:256,22,0,0
BRDA:256,22,1,0
BRDA:256,23,0,0
BRDA:256,23,1,0
BRDA:262,24,0,0
BRDA:265,25,0,0
BRDA:269,26,0,0
BRDA:269,26,1,0
BRDA:269,27,0,0
BRDA:269,27,1,0
BRDA:272,28,0,0
BRDA:273,29,0,0
BRDA:273,29,1,0
BRDA:273,29,2,0
BRDA:278,30,0,0
BRDA:278,30,1,0
BRDA:291,31,0,0
BRDA:291,32,0,0
BRDA:291,32,1,0
BRDA:325,33,0,0
BRDA:325,34,0,0
BRDA:325,34,1,0
BRDA:334,35,0,0
BRDA:334,35,1,0
BRDA:342,36,0,0
BRDA:342,36,1,0
BRDA:352,37,0,0
BRDA:352,37,1,0
BRDA:372,38,0,0
BRDA:372,38,1,0
BRDA:386,39,0,0
BRDA:396,40,0,0
BRDA:403,41,0,0
BRDA:404,42,0,0
BRDA:404,42,1,0
BRDA:454,43,0,0
BRDA:464,44,0,0
BRDA:472,45,0,0
BRDA:473,46,0,0
BRDA:473,46,1,0
BRDA:535,47,0,0
BRDA:535,47,1,0
BRDA:547,48,0,0
BRDA:547,49,0,0
BRDA:547,49,1,0
BRDA:554,50,0,0
BRDA:565,51,0,0
BRDA:565,52,0,0
BRDA:565,52,1,0
BRDA:572,53,0,0
BRDA:584,54,0,0
BRDA:584,55,0,0
BRDA:584,55,1,0
BRDA:593,56,0,0
BRDA:593,56,1,0
BRDA:599,57,0,0
BRDA:599,57,1,0
BRDA:609,58,0,0
BRDA:609,58,1,0
BRF:94
BRH:0
end_of_record
TN:
SF:app\api\students\[id]\assign-department\route.ts
FN:6,POST
FNF:1
FNH:0
FNDA:0,POST
DA:1,0
DA:2,0
DA:3,0
DA:4,0
DA:6,0
DA:10,0
DA:12,0
DA:13,0
DA:17,0
DA:18,0
DA:21,0
DA:23,0
DA:25,0
DA:37,0
DA:38,0
DA:41,0
DA:42,0
DA:49,0
DA:50,0
DA:52,0
DA:53,0
DA:60,0
DA:67,0
DA:68,0
DA:75,0
DA:85,0
DA:92,0
DA:94,0
DA:103,0
DA:104,0
DA:113,0
DA:121,0
DA:122,0
DA:123,0
DA:125,0
DA:126,0
DA:131,0
DA:135,0
DA:136,0
LF:39
LH:0
BRDA:12,0,0,0
BRDA:17,1,0,0
BRDA:37,2,0,0
BRDA:41,3,0,0
BRDA:52,4,0,0
BRDA:67,5,0,0
BRDA:103,6,0,0
BRDA:121,7,0,0
BRDA:121,7,1,0
BRDA:123,8,0,0
BRDA:123,8,1,0
BRDA:125,9,0,0
BRF:12
BRH:0
end_of_record
TN:
SF:app\api\students\[id]\class\route.ts
FN:11,POST
FN:209,GET
FN:269,(anonymous_5)
FNF:3
FNH:0
FNDA:0,POST
FNDA:0,GET
FNDA:0,(anonymous_5)
DA:1,0
DA:2,0
DA:3,0
DA:4,0
DA:7,0
DA:11,0
DA:15,0
DA:16,0
DA:17,0
DA:23,0
DA:25,0
DA:26,0
DA:34,0
DA:36,0
DA:37,0
DA:43,0
DA:44,0
DA:51,0
DA:58,0
DA:59,0
DA:63,0
DA:69,0
DA:70,0
DA:74,0
DA:80,0
DA:81,0
DA:88,0
DA:98,0
DA:99,0
DA:110,0
DA:121,0
DA:123,0
DA:124,0
DA:128,0
DA:143,0
DA:144,0
DA:148,0
DA:154,0
DA:180,0
DA:186,0
DA:190,0
DA:198,0
DA:199,0
DA:209,0
DA:213,0
DA:214,0
DA:216,0
DA:217,0
DA:221,0
DA:247,0
DA:248,0
DA:251,0
DA:252,0
DA:259,0
DA:266,0
DA:267,0
DA:268,0
DA:269,0
DA:273,0
DA:279,0
DA:280,0
LF:61
LH:0
BRDA:16,0,0,0
BRDA:25,1,0,0
BRDA:33,2,0,0
BRDA:36,3,0,0
BRDA:43,4,0,0
BRDA:58,5,0,0
BRDA:69,6,0,0
BRDA:80,7,0,0
BRDA:98,8,0,0
BRDA:121,9,0,0
BRDA:121,10,0,0
BRDA:121,10,1,0
BRDA:125,11,0,0
BRDA:125,11,1,0
BRDA:143,12,0,0
BRDA:143,13,0,0
BRDA:143,13,1,0
BRDA:171,14,0,0
BRDA:171,14,1,0
BRDA:181,15,0,0
BRDA:181,15,1,0
BRDA:186,16,0,0
BRDA:186,16,1,0
BRDA:186,17,0,0
BRDA:186,17,1,0
BRDA:202,18,0,0
BRDA:202,18,1,0
BRDA:216,19,0,0
BRDA:247,20,0,0
BRDA:251,21,0,0
BRDA:267,22,0,0
BRDA:283,23,0,0
BRDA:283,23,1,0
BRF:33
BRH:0
end_of_record
TN:
SF:app\api\students\[id]\department\route.ts
FN:5,PUT
FNF:1
FNH:0
FNDA:0,PUT
DA:1,0
DA:2,0
DA:3,0
DA:5,0
DA:9,0
DA:10,0
DA:12,0
DA:13,0
DA:16,0
DA:17,0
DA:20,0
DA:23,0
DA:31,0
DA:32,0
DA:36,0
DA:37,0
DA:44,0
DA:45,0
DA:50,0
DA:69,0
DA:71,0
DA:72,0
LF:22
LH:0
BRDA:12,0,0,0
BRDA:16,1,0,0
BRDA:16,2,0,0
BRDA:16,2,1,0
BRDA:31,3,0,0
BRDA:36,4,0,0
BRDA:44,5,0,0
BRF:7
BRH:0
end_of_record
TN:
SF:app\api\students\[id]\parents\route.ts
FN:7,GET
FN:51,(anonymous_5)
FN:69,(anonymous_6)
FN:69,(anonymous_7)
FN:79,POST
FN:179,DELETE
FNF:6
FNH:0
FNDA:0,GET
FNDA:0,(anonymous_5)
FNDA:0,(anonymous_6)
FNDA:0,(anonymous_7)
FNDA:0,POST
FNDA:0,DELETE
DA:1,0
DA:2,0
DA:3,0
DA:4,0
DA:7,0
DA:11,0
DA:12,0
DA:13,0
DA:14,0
DA:17,0
DA:31,0
DA:32,0
DA:36,0
DA:51,0
DA:66,0
DA:69,0
DA:73,0
DA:74,0
DA:79,0
DA:83,0
DA:84,0
DA:85,0
DA:86,0
DA:90,0
DA:95,0
DA:98,0
DA:99,0
DA:101,0
DA:102,0
DA:106,0
DA:113,0
DA:114,0
DA:118,0
DA:125,0
DA:126,0
DA:130,0
DA:137,0
DA:139,0
DA:140,0
DA:151,0
DA:154,0
DA:160,0
DA:171,0
DA:173,0
DA:174,0
DA:179,0
DA:183,0
DA:184,0
DA:185,0
DA:186,0
DA:190,0
DA:195,0
DA:198,0
DA:199,0
DA:201,0
DA:202,0
DA:206,0
DA:213,0
DA:214,0
DA:218,0
DA:224,0
DA:226,0
DA:227,0
LF:63
LH:0
BRDA:13,0,0,0
BRDA:31,1,0,0
BRDA:85,2,0,0
BRDA:90,3,0,0
BRDA:91,4,0,0
BRDA:91,4,1,0
BRDA:91,4,2,0
BRDA:101,5,0,0
BRDA:113,6,0,0
BRDA:125,7,0,0
BRDA:137,8,0,0
BRDA:139,9,0,0
BRDA:164,10,0,0
BRDA:164,10,1,0
BRDA:185,11,0,0
BRDA:190,12,0,0
BRDA:191,13,0,0
BRDA:191,13,1,0
BRDA:191,13,2,0
BRDA:201,14,0,0
BRDA:213,15,0,0
BRF:21
BRH:0
end_of_record
TN:
SF:app\api\students\by-subjects\route.ts
FN:5,GET
FN:57,(anonymous_2)
FNF:2
FNH:0
FNDA:0,GET
FNDA:0,(anonymous_2)
DA:1,0
DA:2,0
DA:3,0
DA:5,0
DA:6,0
DA:7,0
DA:8,0
DA:9,0
DA:12,0
DA:13,0
DA:15,0
DA:16,0
DA:19,0
DA:57,0
DA:64,0
DA:66,0
DA:67,0
LF:17
LH:0
BRDA:8,0,0,0
BRDA:8,1,0,0
BRDA:8,1,1,0
BRDA:13,2,0,0
BRDA:13,2,1,0
BRDA:15,3,0,0
BRF:6
BRH:0
end_of_record
TN:
SF:app\api\subdomains\check\route.ts
FN:5,GET
FNF:1
FNH:0
FNDA:0,GET
DA:1,0
DA:2,0
DA:3,0
DA:5,0
DA:6,0
DA:7,0
DA:8,0
DA:10,0
DA:11,0
DA:18,0
DA:19,0
DA:20,0
DA:24,0
DA:28,0
DA:33,0
DA:34,0
LF:16
LH:0
BRDA:10,0,0,0
BRDA:19,1,0,0
BRF:2
BRH:0
end_of_record
TN:
SF:app\api\subdomains\lookup\route.ts
FN:5,GET
FNF:1
FNH:0
FNDA:0,GET
DA:1,0
DA:2,0
DA:3,0
DA:5,0
DA:6,0
DA:7,0
DA:8,0
DA:10,0
DA:11,0
DA:18,0
DA:19,0
DA:20,0
DA:24,0
DA:29,0
DA:34,0
DA:35,0
LF:16
LH:0
BRDA:10,0,0,0
BRDA:19,1,0,0
BRDA:30,2,0,0
BRDA:30,2,1,0
BRF:4
BRH:0
end_of_record
TN:
SF:app\api\subject-teachers\route.ts
FN:5,GET
FN:56,POST
FNF:2
FNH:0
FNDA:0,GET
FNDA:0,POST
DA:1,0
DA:2,0
DA:3,0
DA:5,0
DA:6,0
DA:8,0
DA:9,0
DA:12,0
DA:13,0
DA:14,0
DA:15,0
DA:17,0
DA:19,0
DA:20,0
DA:23,0
DA:24,0
DA:28,0
DA:29,0
DA:34,0
DA:49,0
DA:51,0
DA:52,0
DA:56,0
DA:57,0
DA:59,0
DA:60,0
DA:63,0
DA:64,0
DA:65,0
DA:68,0
DA:69,0
DA:73,0
DA:78,0
DA:79,0
DA:83,0
DA:91,0
DA:92,0
DA:96,0
DA:97,0
DA:101,0
DA:102,0
DA:106,0
DA:113,0
DA:114,0
DA:118,0
DA:135,0
DA:137,0
DA:138,0
LF:48
LH:0
BRDA:8,0,0,0
BRDA:19,1,0,0
BRDA:23,2,0,0
BRDA:28,3,0,0
BRDA:28,4,0,0
BRDA:28,4,1,0
BRDA:59,5,0,0
BRDA:59,6,0,0
BRDA:59,6,1,0
BRDA:59,6,2,0
BRDA:68,7,0,0
BRDA:68,8,0,0
BRDA:68,8,1,0
BRDA:78,9,0,0
BRDA:91,10,0,0
BRDA:96,11,0,0
BRDA:101,12,0,0
BRDA:101,13,0,0
BRDA:101,13,1,0
BRDA:113,14,0,0
BRF:20
BRH:0
end_of_record
TN:
SF:app\api\subject-teachers\[id]\route.ts
FN:5,DELETE
FNF:1
FNH:0
FNDA:0,DELETE
DA:1,0
DA:2,0
DA:3,0
DA:5,0
DA:6,0
DA:8,0
DA:9,0
DA:12,0
DA:13,0
DA:16,0
DA:25,0
DA:26,0
DA:30,0
DA:31,0
DA:35,0
DA:39,0
DA:41,0
DA:42,0
LF:18
LH:0
BRDA:8,0,0,0
BRDA:8,1,0,0
BRDA:8,1,1,0
BRDA:8,1,2,0
BRDA:25,2,0,0
BRDA:30,3,0,0
BRDA:30,4,0,0
BRDA:30,4,1,0
BRF:8
BRH:0
end_of_record
TN:
SF:app\api\subjects\route.ts
FN:15,GET
FN:62,(anonymous_8)
FN:64,(anonymous_9)
FN:81,POST
FN:135,(anonymous_11)
FNF:5
FNH:0
FNDA:0,GET
FNDA:0,(anonymous_8)
FNDA:0,(anonymous_9)
FNDA:0,POST
FNDA:0,(anonymous_11)
DA:1,0
DA:2,0
DA:3,0
DA:4,0
DA:6,0
DA:15,0
DA:16,0
DA:17,0
DA:19,0
DA:20,0
DA:23,0
DA:24,0
DA:27,0
DA:62,0
DA:64,0
DA:74,0
DA:76,0
DA:77,0
DA:81,0
DA:82,0
DA:83,0
DA:85,0
DA:86,0
DA:89,0
DA:90,0
DA:93,0
DA:94,0
DA:96,0
DA:133,0
DA:135,0
DA:145,0
DA:147,0
DA:148,0
DA:151,0
DA:152,0
LF:35
LH:0
BRDA:19,0,0,0
BRDA:23,1,0,0
BRDA:85,2,0,0
BRDA:89,3,0,0
BRDA:89,4,0,0
BRDA:89,4,1,0
BRDA:99,5,0,0
BRDA:99,5,1,0
BRDA:100,6,0,0
BRDA:100,6,1,0
BRDA:101,7,0,0
BRDA:101,7,1,0
BRDA:102,8,0,0
BRDA:102,8,1,0
BRDA:147,9,0,0
BRF:15
BRH:0
end_of_record
TN:
SF:app\api\subjects\[id]\route.ts
FN:6,GET
FN:76,PUT
FN:203,DELETE
FN:251,PATCH
FNF:4
FNH:0
FNDA:0,GET
FNDA:0,PUT
FNDA:0,DELETE
FNDA:0,PATCH
DA:1,0
DA:2,0
DA:3,0
DA:4,0
DA:6,0
DA:10,0
DA:12,0
DA:13,0
DA:16,0
DA:17,0
DA:19,0
DA:54,0
DA:55,0
DA:59,0
DA:63,0
DA:66,0
DA:68,0
DA:69,0
DA:76,0
DA:80,0
DA:82,0
DA:86,0
DA:89,0
DA:90,0
DA:91,0
DA:92,0
DA:95,0
DA:96,0
DA:103,0
DA:112,0
DA:113,0
DA:116,0
DA:120,0
DA:124,0
DA:125,0
DA:133,0
DA:134,0
DA:142,0
DA:143,0
DA:148,0
DA:149,0
DA:157,0
DA:158,0
DA:163,0
DA:164,0
DA:172,0
DA:187,0
DA:189,0
DA:190,0
DA:191,0
DA:196,0
DA:203,0
DA:207,0
DA:209,0
DA:213,0
DA:216,0
DA:217,0
DA:220,0
DA:225,0
DA:226,0
DA:229,0
DA:233,0
DA:237,0
DA:241,0
DA:243,0
DA:244,0
DA:251,0
DA:255,0
DA:257,0
DA:262,0
DA:265,0
DA:266,0
DA:267,0
DA:268,0
DA:271,0
DA:280,0
DA:281,0
DA:284,0
DA:288,0
DA:292,0
DA:293,0
DA:294,0
DA:295,0
DA:296,0
DA:297,0
DA:298,0
DA:301,0
DA:302,0
DA:310,0
DA:311,0
DA:319,0
DA:320,0
DA:325,0
DA:326,0
DA:334,0
DA:335,0
DA:340,0
DA:341,0
DA:349,0
DA:358,0
DA:360,0
DA:361,0
DA:362,0
DA:367,0
LF:104
LH:0
BRDA:12,0,0,0
BRDA:54,1,0,0
BRDA:59,2,0,0
BRDA:60,3,0,0
BRDA:60,3,1,0
BRDA:82,4,0,0
BRDA:83,5,0,0
BRDA:83,5,1,0
BRDA:83,5,2,0
BRDA:95,6,0,0
BRDA:112,7,0,0
BRDA:116,8,0,0
BRDA:117,9,0,0
BRDA:117,9,1,0
BRDA:124,10,0,0
BRDA:124,11,0,0
BRDA:124,11,1,0
BRDA:133,12,0,0
BRDA:142,13,0,0
BRDA:148,14,0,0
BRDA:148,15,0,0
BRDA:148,15,1,0
BRDA:157,16,0,0
BRDA:163,17,0,0
BRDA:163,18,0,0
BRDA:163,18,1,0
BRDA:176,19,0,0
BRDA:176,19,1,0
BRDA:178,20,0,0
BRDA:178,20,1,0
BRDA:179,21,0,0
BRDA:179,21,1,0
BRDA:190,22,0,0
BRDA:209,23,0,0
BRDA:210,24,0,0
BRDA:210,24,1,0
BRDA:210,24,2,0
BRDA:225,25,0,0
BRDA:229,26,0,0
BRDA:230,27,0,0
BRDA:230,27,1,0
BRDA:257,28,0,0
BRDA:258,29,0,0
BRDA:258,29,1,0
BRDA:258,29,2,0
BRDA:280,30,0,0
BRDA:284,31,0,0
BRDA:285,32,0,0
BRDA:285,32,1,0
BRDA:293,33,0,0
BRDA:294,34,0,0
BRDA:294,35,0,0
BRDA:294,35,1,0
BRDA:295,36,0,0
BRDA:296,37,0,0
BRDA:297,38,0,0
BRDA:297,38,1,0
BRDA:298,39,0,0
BRDA:298,40,0,0
BRDA:298,40,1,0
BRDA:301,41,0,0
BRDA:301,42,0,0
BRDA:301,42,1,0
BRDA:310,43,0,0
BRDA:319,44,0,0
BRDA:325,45,0,0
BRDA:325,46,0,0
BRDA:325,46,1,0
BRDA:334,47,0,0
BRDA:340,48,0,0
BRDA:340,49,0,0
BRDA:340,49,1,0
BRDA:361,50,0,0
BRF:73
BRH:0
end_of_record
TN:
SF:app\api\subjects\[id]\classes\route.ts
FN:12,serializeBigInts
FN:22,(anonymous_8)
FN:37,GET
FN:94,PUT
FN:170,(anonymous_11)
FN:180,(anonymous_12)
FNF:6
FNH:0
FNDA:0,serializeBigInts
FNDA:0,(anonymous_8)
FNDA:0,GET
FNDA:0,PUT
FNDA:0,(anonymous_11)
FNDA:0,(anonymous_12)
DA:1,0
DA:2,0
DA:3,0
DA:4,0
DA:5,0
DA:7,0
DA:13,0
DA:14,0
DA:17,0
DA:18,0
DA:21,0
DA:22,0
DA:25,0
DA:26,0
DA:27,0
DA:28,0
DA:30,0
DA:33,0
DA:37,0
DA:41,0
DA:43,0
DA:44,0
DA:45,0
DA:49,0
DA:55,0
DA:56,0
DA:60,0
DA:64,0
DA:68,0
DA:83,0
DA:85,0
DA:86,0
DA:94,0
DA:98,0
DA:100,0
DA:101,0
DA:102,0
DA:106,0
DA:110,0
DA:114,0
DA:115,0
DA:117,0
DA:118,0
DA:124,0
DA:127,0
DA:137,0
DA:138,0
DA:142,0
DA:146,0
DA:150,0
DA:159,0
DA:160,0
DA:170,0
DA:172,0
DA:179,0
DA:181,0
DA:199,0
DA:202,0
DA:204,0
DA:205,0
LF:60
LH:0
BRDA:13,0,0,0
BRDA:13,1,0,0
BRDA:13,1,1,0
BRDA:17,2,0,0
BRDA:21,3,0,0
BRDA:25,4,0,0
BRDA:44,5,0,0
BRDA:55,6,0,0
BRDA:60,7,0,0
BRDA:61,8,0,0
BRDA:61,8,1,0
BRDA:101,9,0,0
BRDA:106,10,0,0
BRDA:107,11,0,0
BRDA:107,11,1,0
BRDA:117,12,0,0
BRDA:137,13,0,0
BRDA:142,14,0,0
BRDA:143,15,0,0
BRDA:143,15,1,0
BRDA:159,16,0,0
BRF:21
BRH:0
end_of_record
TN:
SF:app\api\subjects\[id]\teachers\route.ts
FN:7,serializeBigInts
FN:17,(anonymous_7)
FN:32,GET
FN:81,(anonymous_9)
FN:101,POST
FN:227,DELETE
FN:305,PUT
FN:367,(anonymous_13)
FN:369,(anonymous_14)
FN:385,(anonymous_15)
FN:396,(anonymous_16)
FN:428,(anonymous_17)
FNF:12
FNH:0
FNDA:0,serializeBigInts
FNDA:0,(anonymous_7)
FNDA:0,GET
FNDA:0,(anonymous_9)
FNDA:0,POST
FNDA:0,DELETE
FNDA:0,PUT
FNDA:0,(anonymous_13)
FNDA:0,(anonymous_14)
FNDA:0,(anonymous_15)
FNDA:0,(anonymous_16)
FNDA:0,(anonymous_17)
DA:1,0
DA:2,0
DA:3,0
DA:4,0
DA:8,0
DA:9,0
DA:12,0
DA:13,0
DA:16,0
DA:17,0
DA:20,0
DA:21,0
DA:22,0
DA:23,0
DA:25,0
DA:28,0
DA:32,0
DA:36,0
DA:38,0
DA:39,0
DA:40,0
DA:44,0
DA:50,0
DA:51,0
DA:55,0
DA:56,0
DA:60,0
DA:81,0
DA:90,0
DA:92,0
DA:93,0
DA:101,0
DA:105,0
DA:107,0
DA:108,0
DA:109,0
DA:113,0
DA:117,0
DA:121,0
DA:122,0
DA:124,0
DA:125,0
DA:132,0
DA:138,0
DA:139,0
DA:143,0
DA:144,0
DA:148,0
DA:157,0
DA:158,0
DA:161,0
DA:162,0
DA:169,0
DA:176,0
DA:177,0
DA:184,0
DA:205,0
DA:214,0
DA:218,0
DA:219,0
DA:227,0
DA:231,0
DA:233,0
DA:234,0
DA:235,0
DA:239,0
DA:243,0
DA:247,0
DA:248,0
DA:250,0
DA:251,0
DA:258,0
DA:267,0
DA:268,0
DA:275,0
DA:276,0
DA:283,0
DA:284,0
DA:288,0
DA:294,0
DA:296,0
DA:297,0
DA:305,0
DA:309,0
DA:311,0
DA:312,0
DA:313,0
DA:317,0
DA:321,0
DA:325,0
DA:331,0
DA:332,0
DA:336,0
DA:337,0
DA:341,0
DA:342,0
DA:344,0
DA:345,0
DA:352,0
DA:353,0
DA:367,0
DA:368,0
DA:369,0
DA:372,0
DA:373,0
DA:385,0
DA:387,0
DA:394,0
DA:395,0
DA:396,0
DA:404,0
DA:424,0
DA:428,0
DA:437,0
DA:443,0
DA:444,0
LF:116
LH:0
BRDA:8,0,0,0
BRDA:8,1,0,0
BRDA:8,1,1,0
BRDA:12,2,0,0
BRDA:16,3,0,0
BRDA:20,4,0,0
BRDA:39,5,0,0
BRDA:50,6,0,0
BRDA:55,7,0,0
BRDA:108,8,0,0
BRDA:113,9,0,0
BRDA:114,10,0,0
BRDA:114,10,1,0
BRDA:124,11,0,0
BRDA:138,12,0,0
BRDA:143,13,0,0
BRDA:157,14,0,0
BRDA:161,15,0,0
BRDA:176,16,0,0
BRDA:234,17,0,0
BRDA:239,18,0,0
BRDA:240,19,0,0
BRDA:240,19,1,0
BRDA:250,20,0,0
BRDA:267,21,0,0
BRDA:275,22,0,0
BRDA:283,23,0,0
BRDA:312,24,0,0
BRDA:317,25,0,0
BRDA:318,26,0,0
BRDA:318,26,1,0
BRDA:331,27,0,0
BRDA:336,28,0,0
BRDA:344,29,0,0
BRDA:352,30,0,0
BRDA:372,31,0,0
BRDA:394,32,0,0
BRF:37
BRH:0
end_of_record
TN:
SF:app\api\subjects\stats\route.ts
FN:6,GET
FNF:1
FNH:0
FNDA:0,GET
DA:1,0
DA:2,0
DA:3,0
DA:4,0
DA:6,0
DA:7,0
DA:8,0
DA:10,0
DA:11,0
DA:14,0
DA:15,0
DA:18,0
DA:40,0
DA:46,0
DA:47,0
LF:15
LH:0
BRDA:10,0,0,0
BRDA:14,1,0,0
BRF:2
BRH:0
end_of_record
TN:
SF:app\api\subjects\teaching\route.ts
FN:5,GET
FNF:1
FNH:0
FNDA:0,GET
DA:1,0
DA:2,0
DA:3,0
DA:5,0
DA:6,0
[...]
FNDA:0,(anonymous_7)
DA:3,0
DA:4,0
DA:5,0
DA:6,0
DA:7,0
DA:8,0
DA:9,0
DA:48,0
DA:49,0
DA:50,0
DA:51,0
DA:62,0
DA:65,0
DA:66,0
DA:67,0
DA:68,0
DA:69,0
DA:70,0
DA:71,0
DA:72,0
DA:73,0
DA:75,0
DA:77,0
DA:78,0
DA:80,0
DA:84,0
DA:87,0
DA:88,0
DA:104,0
DA:122,0
LF:30
LH:0
BRDA:57,0,0,0
BRDA:57,0,1,0
BRDA:70,1,0,0
BRDA:72,2,0,0
BRDA:102,3,0,0
BRDA:110,4,0,0
BRF:6
BRH:0
end_of_record
TN:
SF:app\dashboard\users\add-student.tsx
FN:33,AddStudentDialog
FN:57,(anonymous_2)
FN:59,(anonymous_3)
FN:62,(anonymous_4)
FN:63,(anonymous_5)
FN:66,(anonymous_6)
FN:73,(anonymous_7)
FN:80,(anonymous_8)
FN:101,(anonymous_9)
FN:107,(anonymous_10)
FN:110,(anonymous_11)
FN:127,(anonymous_12)
FN:225,(anonymous_13)
FN:308,(anonymous_14)
FN:314,(anonymous_15)
FN:327,(anonymous_16)
FN:334,(anonymous_17)
FN:349,(anonymous_18)
FN:355,(anonymous_19)
FN:374,(anonymous_20)
FN:386,(anonymous_21)
FN:404,(anonymous_22)
FNF:22
FNH:0
FNDA:0,AddStudentDialog
FNDA:0,(anonymous_2)
FNDA:0,(anonymous_3)
FNDA:0,(anonymous_4)
FNDA:0,(anonymous_5)
FNDA:0,(anonymous_6)
FNDA:0,(anonymous_7)
FNDA:0,(anonymous_8)
FNDA:0,(anonymous_9)
FNDA:0,(anonymous_10)
FNDA:0,(anonymous_11)
FNDA:0,(anonymous_12)
FNDA:0,(anonymous_13)
FNDA:0,(anonymous_14)
FNDA:0,(anonymous_15)
FNDA:0,(anonymous_16)
FNDA:0,(anonymous_17)
FNDA:0,(anonymous_18)
FNDA:0,(anonymous_19)
FNDA:0,(anonymous_20)
FNDA:0,(anonymous_21)
FNDA:0,(anonymous_22)
DA:5,0
DA:6,0
DA:7,0
DA:8,0
DA:16,0
DA:17,0
DA:18,0
DA:19,0
DA:20,0
DA:21,0
DA:33,0
DA:34,0
DA:51,0
DA:52,0
DA:53,0
DA:55,0
DA:57,0
DA:58,0
DA:59,0
DA:62,0
DA:63,0
DA:66,0
DA:67,0
DA:68,0
DA:69,0
DA:72,0
DA:73,0
DA:74,0
DA:76,0
DA:80,0
DA:81,0
DA:97,0
DA:98,0
DA:101,0
DA:102,0
DA:103,0
DA:104,0
DA:105,0
DA:107,0
DA:110,0
DA:111,0
DA:112,0
DA:117,0
DA:120,0
DA:122,0
DA:124,0
DA:127,0
DA:128,0
DA:129,0
DA:134,0
DA:137,0
DA:138,0
DA:142,0
DA:143,0
DA:147,0
DA:152,0
DA:153,0
DA:154,0
DA:157,0
DA:162,0
DA:163,0
DA:164,0
DA:166,0
DA:167,0
DA:173,0
DA:225,0
DA:308,0
DA:315,0
DA:327,0
DA:335,0
DA:349,0
DA:356,0
DA:375,0
DA:376,0
DA:386,0
DA:404,0
LF:76
LH:0
BRDA:67,0,0,0
BRDA:67,1,0,0
BRDA:67,1,1,0
BRDA:111,2,0,0
BRDA:111,3,0,0
BRDA:111,3,1,0
BRDA:111,3,2,0
BRDA:128,4,0,0
BRDA:137,5,0,0
BRDA:142,6,0,0
BRDA:152,7,0,0
BRDA:154,8,0,0
BRDA:154,8,1,0
BRDA:169,9,0,0
BRDA:169,9,1,0
BRDA:316,10,0,0
BRDA:316,10,1,0
BRDA:367,11,0,0
BRDA:408,12,0,0
BRF:19
BRH:0
end_of_record
TN:
SF:app\dashboard\users\add-teacher.tsx
FN:31,AddTeacherDialog
FN:53,(anonymous_2)
FN:55,(anonymous_3)
FN:58,(anonymous_4)
FN:59,(anonymous_5)
FN:62,(anonymous_6)
FN:63,(anonymous_7)
FN:69,(anonymous_8)
FN:80,(anonymous_9)
FN:87,(anonymous_10)
FN:94,(anonymous_11)
FN:113,(anonymous_12)
FN:119,(anonymous_13)
FN:122,(anonymous_14)
FN:139,(anonymous_15)
FN:255,(anonymous_16)
FN:343,(anonymous_17)
FN:355,(anonymous_18)
FN:374,(anonymous_19)
FN:379,(anonymous_20)
FN:385,(anonymous_21)
FN:396,(anonymous_22)
FNF:22
FNH:0
FNDA:0,AddTeacherDialog
FNDA:0,(anonymous_2)
FNDA:0,(anonymous_3)
FNDA:0,(anonymous_4)
FNDA:0,(anonymous_5)
FNDA:0,(anonymous_6)
FNDA:0,(anonymous_7)
FNDA:0,(anonymous_8)
FNDA:0,(anonymous_9)
FNDA:0,(anonymous_10)
FNDA:0,(anonymous_11)
FNDA:0,(anonymous_12)
FNDA:0,(anonymous_13)
FNDA:0,(anonymous_14)
FNDA:0,(anonymous_15)
FNDA:0,(anonymous_16)
FNDA:0,(anonymous_17)
FNDA:0,(anonymous_18)
FNDA:0,(anonymous_19)
FNDA:0,(anonymous_20)
FNDA:0,(anonymous_21)
FNDA:0,(anonymous_22)
DA:5,0
DA:6,0
DA:7,0
DA:8,0
DA:16,0
DA:17,0
DA:18,0
DA:19,0
DA:20,0
DA:21,0
DA:31,0
DA:32,0
DA:47,0
DA:48,0
DA:49,0
DA:51,0
DA:53,0
DA:54,0
DA:55,0
DA:58,0
DA:59,0
DA:62,0
DA:63,0
DA:64,0
DA:66,0
DA:67,0
DA:69,0
DA:72,0
DA:80,0
DA:81,0
DA:82,0
DA:83,0
DA:86,0
DA:87,0
DA:88,0
DA:90,0
DA:94,0
DA:95,0
DA:109,0
DA:110,0
DA:113,0
DA:114,0
DA:115,0
DA:116,0
DA:117,0
DA:119,0
DA:122,0
DA:123,0
DA:124,0
DA:129,0
DA:132,0
DA:134,0
DA:136,0
DA:139,0
DA:140,0
DA:141,0
DA:146,0
DA:149,0
DA:150,0
DA:154,0
DA:155,0
DA:159,0
DA:164,0
DA:165,0
DA:166,0
DA:169,0
DA:172,0
DA:173,0
DA:174,0
DA:187,0
DA:192,0
DA:193,0
DA:194,0
DA:196,0
DA:197,0
DA:203,0
DA:255,0
DA:344,0
DA:345,0
DA:355,0
DA:375,0
DA:379,0
DA:396,0
LF:83
LH:0
BRDA:66,0,0,0
BRDA:66,0,1,0
BRDA:81,1,0,0
BRDA:81,2,0,0
BRDA:81,2,1,0
BRDA:123,3,0,0
BRDA:123,4,0,0
BRDA:123,4,1,0
BRDA:123,4,2,0
BRDA:140,5,0,0
BRDA:140,6,0,0
BRDA:140,6,1,0
BRDA:149,7,0,0
BRDA:154,8,0,0
BRDA:164,9,0,0
BRDA:166,10,0,0
BRDA:166,10,1,0
BRDA:172,11,0,0
BRDA:199,12,0,0
BRDA:199,12,1,0
BRDA:336,13,0,0
BRDA:378,14,0,0
BRDA:378,14,1,0
BRDA:400,15,0,0
BRF:24
BRH:0
end_of_record
TN:
SF:app\dashboard\users\page.tsx
FN:10,UsersPage
FN:18,(anonymous_2)
FNF:2
FNH:0
FNDA:0,UsersPage
FNDA:0,(anonymous_2)
DA:3,0
DA:4,0
DA:5,0
DA:6,0
DA:7,0
DA:10,0
DA:11,0
DA:12,0
DA:18,0
LF:9
LH:0
BRF:0
BRH:0
end_of_record
TN:
SF:app\dashboard\users\users-table.tsx
FN:105,UsersTable
FN:160,(anonymous_2)
FN:193,(anonymous_3)
FN:198,(anonymous_4)
FN:200,fetchStudents
FN:225,(anonymous_6)
FN:231,(anonymous_7)
FN:233,(anonymous_8)
FN:240,(anonymous_9)
FN:241,(anonymous_10)
FN:248,(anonymous_11)
FN:271,(anonymous_12)
FN:277,(anonymous_13)
FN:303,(anonymous_14)
FN:315,(anonymous_15)
FN:327,(anonymous_16)
FN:331,(anonymous_17)
FN:352,(anonymous_18)
FN:365,(anonymous_19)
FN:371,(anonymous_20)
FN:393,(anonymous_21)
FN:393,(anonymous_22)
FN:406,(anonymous_23)
FN:421,(anonymous_24)
FN:421,(anonymous_25)
FN:431,(anonymous_26)
FN:466,(anonymous_27)
FN:502,(anonymous_28)
FN:503,(anonymous_29)
FN:504,(anonymous_30)
FN:509,(anonymous_31)
FN:515,(anonymous_32)
FN:518,(anonymous_33)
FN:526,(anonymous_34)
FN:544,(anonymous_35)
FN:562,(anonymous_36)
FN:580,(anonymous_37)
FN:585,(anonymous_38)
FN:590,(anonymous_39)
FN:594,(anonymous_40)
FN:598,(anonymous_41)
FN:615,(anonymous_42)
FN:620,(anonymous_43)
FN:630,(anonymous_44)
FN:681,(anonymous_45)
FN:702,(anonymous_46)
FN:711,(anonymous_47)
FN:723,(anonymous_48)
FN:734,(anonymous_49)
FN:806,(anonymous_50)
FN:828,(anonymous_51)
FN:920,(anonymous_52)
FN:922,(anonymous_53)
FN:933,(anonymous_54)
FN:944,(anonymous_55)
FN:960,(anonymous_56)
FN:988,(anonymous_57)
FN:993,(anonymous_58)
FN:1002,(anonymous_59)
FN:1041,(anonymous_60)
FN:1057,(anonymous_61)
FN:1074,(anonymous_62)
FN:1083,(anonymous_63)
FN:1092,(anonymous_64)
FNF:64
FNH:0
FNDA:0,UsersTable
FNDA:0,(anonymous_2)
FNDA:0,(anonymous_3)
FNDA:0,(anonymous_4)
FNDA:0,fetchStudents
FNDA:0,(anonymous_6)
FNDA:0,(anonymous_7)
FNDA:0,(anonymous_8)
FNDA:0,(anonymous_9)
FNDA:0,(anonymous_10)
FNDA:0,(anonymous_11)
FNDA:0,(anonymous_12)
FNDA:0,(anonymous_13)
FNDA:0,(anonymous_14)
FNDA:0,(anonymous_15)
FNDA:0,(anonymous_16)
FNDA:0,(anonymous_17)
FNDA:0,(anonymous_18)
FNDA:0,(anonymous_19)
FNDA:0,(anonymous_20)
FNDA:0,(anonymous_21)
FNDA:0,(anonymous_22)
FNDA:0,(anonymous_23)
FNDA:0,(anonymous_24)
FNDA:0,(anonymous_25)
FNDA:0,(anonymous_26)
FNDA:0,(anonymous_27)
FNDA:0,(anonymous_28)
FNDA:0,(anonymous_29)
FNDA:0,(anonymous_30)
FNDA:0,(anonymous_31)
FNDA:0,(anonymous_32)
FNDA:0,(anonymous_33)
FNDA:0,(anonymous_34)
FNDA:0,(anonymous_35)
FNDA:0,(anonymous_36)
FNDA:0,(anonymous_37)
FNDA:0,(anonymous_38)
FNDA:0,(anonymous_39)
FNDA:0,(anonymous_40)
FNDA:0,(anonymous_41)
FNDA:0,(anonymous_42)
FNDA:0,(anonymous_43)
FNDA:0,(anonymous_44)
FNDA:0,(anonymous_45)
FNDA:0,(anonymous_46)
FNDA:0,(anonymous_47)
FNDA:0,(anonymous_48)
FNDA:0,(anonymous_49)
FNDA:0,(anonymous_50)
FNDA:0,(anonymous_51)
FNDA:0,(anonymous_52)
FNDA:0,(anonymous_53)
FNDA:0,(anonymous_54)
FNDA:0,(anonymous_55)
FNDA:0,(anonymous_56)
FNDA:0,(anonymous_57)
FNDA:0,(anonymous_58)
FNDA:0,(anonymous_59)
FNDA:0,(anonymous_60)
FNDA:0,(anonymous_61)
FNDA:0,(anonymous_62)
FNDA:0,(anonymous_63)
FNDA:0,(anonymous_64)
DA:4,0
DA:5,0
DA:6,0
DA:7,0
DA:8,0
DA:16,0
DA:17,0
DA:18,0
DA:19,0
DA:20,0
DA:21,0
DA:23,0
DA:24,0
DA:32,0
DA:105,0
DA:115,0
DA:116,0
DA:117,0
DA:118,0
DA:119,0
DA:120,0
DA:121,0
DA:122,0
DA:123,0
DA:124,0
DA:125,0
DA:144,0
DA:145,0
DA:146,0
DA:147,0
DA:148,0
DA:149,0
DA:150,0
DA:151,0
DA:152,0
DA:153,0
DA:154,0
DA:155,0
DA:156,0
DA:157,0
DA:160,0
DA:161,0
DA:162,0
DA:163,0
DA:165,0
DA:166,0
DA:169,0
DA:170,0
DA:173,0
DA:175,0
DA:176,0
DA:179,0
DA:180,0
DA:181,0
DA:183,0
DA:186,0
DA:187,0
DA:189,0
DA:193,0
DA:194,0
DA:198,0
DA:199,0
DA:201,0
DA:202,0
DA:204,0
DA:205,0
DA:208,0
DA:209,0
DA:210,0
DA:212,0
DA:215,0
DA:219,0
DA:224,0
DA:226,0
DA:231,0
DA:232,0
DA:233,0
DA:240,0
DA:241,0
DA:248,0
DA:249,0
DA:271,0
DA:272,0
DA:273,0
DA:277,0
DA:278,0
DA:279,0
DA:280,0
DA:299,0
DA:303,0
DA:304,0
DA:305,0
DA:306,0
DA:309,0
DA:310,0
DA:311,0
DA:315,0
DA:316,0
DA:317,0
DA:318,0
DA:321,0
DA:322,0
DA:323,0
DA:327,0
DA:328,0
DA:329,0
DA:330,0
DA:331,0
DA:332,0
DA:333,0
DA:337,0
DA:338,0
DA:341,0
DA:346,0
DA:347,0
DA:348,0
DA:351,0
DA:352,0
DA:353,0
DA:354,0
DA:355,0
DA:357,0
DA:358,0
DA:360,0
DA:365,0
DA:366,0
DA:368,0
DA:369,0
DA:370,0
DA:371,0
DA:372,0
DA:373,0
DA:374,0
DA:378,0
DA:379,0
DA:382,0
DA:387,0
DA:388,0
DA:389,0
DA:392,0
DA:393,0
DA:394,0
DA:395,0
DA:396,0
DA:398,0
DA:399,0
DA:401,0
DA:406,0
DA:407,0
DA:408,0
DA:411,0
DA:412,0
DA:416,0
DA:417,0
DA:418,0
DA:421,0
DA:423,0
DA:425,0
DA:426,0
DA:431,0
DA:432,0
DA:434,0
DA:435,0
DA:436,0
DA:447,0
DA:448,0
DA:449,0
DA:452,0
DA:453,0
DA:454,0
DA:456,0
DA:458,0
DA:459,0
DA:461,0
DA:466,0
DA:467,0
DA:469,0
DA:470,0
DA:471,0
DA:483,0
DA:484,0
DA:485,0
DA:488,0
DA:489,0
DA:490,0
DA:492,0
DA:494,0
DA:495,0
DA:497,0
DA:502,0
DA:503,0
DA:504,0
DA:509,0
DA:510,0
DA:511,0
DA:512,0
DA:513,0
DA:515,0
DA:518,0
DA:519,0
DA:520,0
DA:521,0
DA:522,0
DA:526,0
DA:527,0
DA:528,0
DA:529,0
DA:530,0
DA:531,0
DA:533,0
DA:534,0
DA:536,0
DA:537,0
DA:538,0
DA:540,0
DA:544,0
DA:545,0
DA:546,0
DA:547,0
DA:548,0
DA:549,0
DA:551,0
DA:552,0
DA:554,0
DA:555,0
DA:556,0
DA:558,0
DA:562,0
DA:563,0
DA:564,0
DA:565,0
DA:566,0
DA:567,0
DA:569,0
DA:570,0
DA:572,0
DA:573,0
DA:574,0
DA:576,0
DA:580,0
DA:581,0
DA:582,0
DA:585,0
DA:586,0
DA:587,0
DA:590,0
DA:591,0
DA:594,0
DA:595,0
DA:598,0
DA:599,0
DA:602,0
DA:615,0
DA:620,0
DA:631,0
DA:682,0
DA:702,0
DA:711,0
DA:723,0
DA:734,0
DA:806,0
DA:828,0
DA:921,0
DA:922,0
DA:933,0
DA:945,0
DA:960,0
DA:989,0
DA:993,0
DA:1002,0
DA:1042,0
DA:1057,0
DA:1074,0
DA:1083,0
DA:1092,0
LF:275
LH:0
BRDA:110,0,0,0
BRDA:111,1,0,0
BRDA:130,2,0,0
BRDA:130,2,1,0
BRDA:165,3,0,0
BRDA:169,4,0,0
BRDA:175,5,0,0
BRDA:180,6,0,0
BRDA:180,6,1,0
BRDA:199,7,0,0
BRDA:199,8,0,0
BRDA:199,8,1,0
BRDA:199,8,2,0
BRDA:202,9,0,0
BRDA:202,9,1,0
BRDA:204,10,0,0
BRDA:209,11,0,0
BRDA:209,11,1,0
BRDA:226,12,0,0
BRDA:226,12,1,0
BRDA:254,13,0,0
BRDA:254,13,1,0
BRDA:278,14,0,0
BRDA:285,15,0,0
BRDA:285,15,1,0
BRDA:304,16,0,0
BRDA:304,17,0,0
BRDA:304,17,1,0
BRDA:316,18,0,0
BRDA:316,19,0,0
BRDA:316,19,1,0
BRDA:332,20,0,0
BRDA:332,21,0,0
BRDA:332,21,1,0
BRDA:332,21,2,0
BRDA:337,22,0,0
BRDA:346,23,0,0
BRDA:348,24,0,0
BRDA:348,24,1,0
BRDA:358,25,0,0
BRDA:358,25,1,0
BRDA:366,26,0,0
BRDA:372,27,0,0
BRDA:372,28,0,0
BRDA:372,28,1,0
BRDA:373,29,0,0
BRDA:373,30,0,0
BRDA:373,30,1,0
BRDA:373,30,2,0
BRDA:378,31,0,0
BRDA:387,32,0,0
BRDA:389,33,0,0
BRDA:389,33,1,0
BRDA:393,34,0,0
BRDA:393,34,1,0
BRDA:399,35,0,0
BRDA:399,35,1,0
BRDA:407,36,0,0
BRDA:416,37,0,0
BRDA:418,38,0,0
BRDA:418,38,1,0
BRDA:426,39,0,0
BRDA:426,39,1,0
BRDA:432,40,0,0
BRDA:432,41,0,0
BRDA:432,41,1,0
BRDA:447,42,0,0
BRDA:449,43,0,0
BRDA:449,43,1,0
BRDA:459,44,0,0
BRDA:459,44,1,0
BRDA:467,45,0,0
BRDA:467,46,0,0
BRDA:467,46,1,0
BRDA:467,46,2,0
BRDA:483,47,0,0
BRDA:485,48,0,0
BRDA:485,48,1,0
BRDA:495,49,0,0
BRDA:495,49,1,0
BRDA:504,50,0,0
BRDA:504,50,1,0
BRDA:519,51,0,0
BRDA:530,52,0,0
BRDA:534,53,0,0
BRDA:534,53,1,0
BRDA:548,54,0,0
BRDA:552,55,0,0
BRDA:552,55,1,0
BRDA:566,56,0,0
BRDA:570,57,0,0
BRDA:570,57,1,0
BRDA:602,58,0,0
BRDA:610,59,0,0
BRDA:610,59,1,0
BRDA:619,60,0,0
BRDA:626,61,0,0
BRDA:630,62,0,0
BRDA:631,63,0,0
BRDA:631,63,1,0
BRDA:665,64,0,0
BRDA:665,64,1,0
BRDA:667,65,0,0
BRDA:667,65,1,0
BRDA:674,66,0,0
BRDA:674,66,1,0
BRDA:676,67,0,0
BRDA:676,67,1,0
BRDA:686,68,0,0
BRDA:686,68,1,0
BRDA:693,69,0,0
BRDA:698,70,0,0
BRDA:698,70,1,0
BRDA:699,71,0,0
BRDA:699,71,1,0
BRDA:707,72,0,0
BRDA:719,73,0,0
BRDA:719,73,1,0
BRDA:813,74,0,0
BRDA:921,75,0,0
BRDA:921,75,1,0
BRDA:927,76,0,0
BRDA:940,77,0,0
BRDA:944,78,0,0
BRDA:945,79,0,0
BRDA:945,79,1,0
BRDA:964,80,0,0
BRDA:985,81,0,0
BRDA:985,81,1,0
BRDA:1005,82,0,0
BRDA:1005,82,1,0
BRDA:1006,83,0,0
BRDA:1026,84,0,0
BRDA:1037,85,0,0
BRDA:1041,86,0,0
BRDA:1042,87,0,0
BRDA:1042,87,1,0
BRDA:1043,88,0,0
BRDA:1043,88,1,0
BRDA:1044,89,0,0
BRDA:1044,89,1,0
BRDA:1062,90,0,0
BRDA:1062,90,1,0
BRDA:1062,90,2,0
BRDA:1062,90,3,0
BRDA:1064,91,0,0
BRDA:1071,92,0,0
BRDA:1074,93,0,0
BRDA:1074,93,1,0
BRDA:1080,94,0,0
BRDA:1083,95,0,0
BRDA:1083,95,1,0
BRDA:1089,96,0,0
BRDA:1092,97,0,0
BRDA:1092,97,1,0
BRF:155
BRH:0
end_of_record
TN:
SF:app\dashboard\users\admins\page.tsx
FN:10,AdminsPage
FN:17,(anonymous_2)
FNF:2
FNH:0
FNDA:0,AdminsPage
FNDA:0,(anonymous_2)
DA:3,0
DA:4,0
DA:5,0
DA:6,0
DA:7,0
DA:8,0
DA:10,0
DA:11,0
DA:17,0
LF:9
LH:0
BRF:0
BRH:0
end_of_record
TN:
SF:app\dashboard\users\parents\page.tsx
FN:10,ParentsPage
FN:17,(anonymous_2)
FNF:2
FNH:0
FNDA:0,ParentsPage
FNDA:0,(anonymous_2)
DA:3,0
DA:4,0
DA:5,0
DA:6,0
DA:7,0
DA:8,0
DA:10,0
DA:11,0
DA:17,0
LF:9
LH:0
BRF:0
BRH:0
end_of_record
TN:
SF:app\dashboard\users\students\page.tsx
FN:10,StudentsPage
FN:17,(anonymous_2)
FNF:2
FNH:0
FNDA:0,StudentsPage
FNDA:0,(anonymous_2)
DA:3,0
DA:4,0
DA:5,0
DA:6,0
DA:7,0
DA:8,0
DA:10,0
DA:11,0
DA:17,0
LF:9
LH:0
BRF:0
BRH:0
end_of_record
TN:
SF:app\docs\api\page.tsx
FN:789,ApiDocs
FN:798,(anonymous_2)
FN:802,(anonymous_3)
FN:809,(anonymous_4)
FN:818,(anonymous_5)
FN:832,(anonymous_6)
FN:859,(anonymous_7)
FNF:7
FNH:0
FNDA:0,ApiDocs
FNDA:0,(anonymous_2)
FNDA:0,(anonymous_3)
FNDA:0,(anonymous_4)
FNDA:0,(anonymous_5)
FNDA:0,(anonymous_6)
FNDA:0,(anonymous_7)
DA:3,0
DA:4,0
DA:5,0
DA:6,0
DA:7,0
DA:8,0
DA:35,0
DA:789,0
DA:790,0
DA:799,0
DA:802,0
DA:810,0
DA:819,0
DA:833,0
DA:860,0
LF:15
LH:0
BRDA:821,0,0,0
BRDA:821,0,1,0
BRDA:828,1,0,0
BRDA:837,2,0,0
BRDA:846,3,0,0
BRDA:855,4,0,0
BRF:6
BRH:0
end_of_record
TN:
SF:app\docs\setup\page.tsx
FN:6,SetupDocumentationPage
FNF:1
FNH:0
FNDA:0,SetupDocumentationPage
DA:1,0
DA:2,0
DA:3,0
DA:4,0
DA:6,0
LF:5
LH:0
BRF:0
BRH:0
end_of_record
TN:
SF:app\docs\user-guide\page.tsx
FN:6,UserGuideDocumentationPage
FNF:1
FNH:0
FNDA:0,UserGuideDocumentationPage
DA:1,0
DA:2,0
DA:3,0
DA:4,0
DA:6,0
LF:5
LH:0
BRF:0
BRH:0
end_of_record
TN:
SF:app\lib\auth.ts
FN:4,getSession
FN:19,(anonymous_4)
FNF:2
FNH:0
FNDA:0,getSession
FNDA:0,(anonymous_4)
DA:1,0
DA:2,0
DA:4,0
DA:5,0
DA:6,0
DA:8,0
DA:18,0
DA:20,0
DA:21,0
LF:9
LH:0
BRDA:6,0,0,0
BRF:1
BRH:0
end_of_record
TN:
SF:app\lib\cloudinary.ts
FN:16,uploadToCloudinary
FN:20,(anonymous_2)
FN:30,(anonymous_3)
FNF:3
FNH:0
FNDA:0,uploadToCloudinary
FNDA:0,(anonymous_2)
FNDA:0,(anonymous_3)
DA:1,0
DA:4,0
DA:16,0
DA:20,0
DA:21,0
DA:27,0
DA:28,0
DA:30,0
DA:31,0
DA:32,0
DA:33,0
DA:34,0
DA:37,0
LF:13
LH:0
BRDA:18,0,0,0
BRDA:31,1,0,0
BRDA:37,2,0,0
BRDA:37,2,1,0
BRF:4
BRH:0
end_of_record
TN:
SF:app\lib\prisma.ts
FNF:0
FNH:0
DA:1,0
DA:3,0
DA:7,0
DA:9,0
LF:4
LH:0
BRDA:7,0,0,0
BRDA:7,0,1,0
BRDA:9,1,0,0
BRF:3
BRH:0
end_of_record
TN:
SF:app\lib\session.ts
FN:3,getServerSession
FNF:1
FNH:0
FNDA:0,getServerSession
DA:3,0
DA:4,0
DA:5,0
DA:7,0
DA:8,0
LF:5
LH:0
BRDA:5,0,0,0
BRF:1
BRH:0
end_of_record
TN:
SF:app\lib\utils.ts
FN:1,formatCurrency
FNF:1
FNH:0
FNDA:0,formatCurrency
DA:1,0
DA:2,0
LF:2
LH:0
BRF:0
BRH:0
end_of_record
TN:
SF:app\lib\schemas\event.ts
FNF:0
FNH:0
DA:1,0
DA:3,0
LF:2
LH:0
BRF:0
BRH:0
end_of_record
TN:
SF:app\lib\services\event-service.ts
FN:7,fetchEvents
FN:22,(anonymous_6)
FN:31,createEvent
FN:46,updateEvent
FN:64,deleteEvent
FNF:5
FNH:0
FNDA:0,fetchEvents
FNDA:0,(anonymous_6)
FNDA:0,createEvent
FNDA:0,updateEvent
FNDA:0,deleteEvent
DA:7,0
DA:12,0
DA:13,0
DA:14,0
DA:15,0
DA:16,0
DA:17,0
DA:19,0
DA:20,0
DA:21,0
DA:22,0
DA:31,0
DA:32,0
DA:37,0
DA:42,0
DA:43,0
DA:46,0
DA:50,0
DA:55,0
DA:60,0
DA:61,0
DA:64,0
DA:65,0
DA:68,0
LF:24
LH:0
BRDA:13,0,0,0
BRDA:15,1,0,0
BRDA:17,2,0,0
BRDA:20,3,0,0
BRDA:25,4,0,0
BRDA:25,4,1,0
BRDA:42,5,0,0
BRDA:60,6,0,0
BRDA:68,7,0,0
BRF:9
BRH:0
end_of_record
TN:
SF:app\lib\types\auth.ts
FNF:0
FNH:0
DA:1,0
DA:4,0
LF:2
LH:0
BRF:0
BRH:0
end_of_record
TN:
SF:app\login\loading.tsx
FN:3,Loading
FNF:1
FNH:0
FNDA:0,Loading
DA:1,0
DA:3,0
LF:2
LH:0
BRF:0
BRH:0
end_of_record
TN:
SF:app\login\page.tsx
FN:28,LoginPage
FN:41,(anonymous_3)
FN:64,(anonymous_4)
FN:68,(anonymous_5)
FN:69,(anonymous_6)
FN:107,(anonymous_7)
FN:153,(anonymous_8)
FN:258,(anonymous_9)
FN:282,(anonymous_10)
FN:289,(anonymous_11)
FNF:10
FNH:0
FNDA:0,LoginPage
FNDA:0,(anonymous_3)
FNDA:0,(anonymous_4)
FNDA:0,(anonymous_5)
FNDA:0,(anonymous_6)
FNDA:0,(anonymous_7)
FNDA:0,(anonymous_8)
FNDA:0,(anonymous_9)
FNDA:0,(anonymous_10)
FNDA:0,(anonymous_11)
DA:5,0
DA:6,0
DA:7,0
DA:8,0
DA:9,0
DA:10,0
DA:11,0
DA:12,0
DA:13,0
DA:14,0
DA:15,0
DA:28,0
DA:29,0
DA:30,0
DA:31,0
DA:32,0
DA:33,0
DA:34,0
DA:35,0
DA:36,0
DA:37,0
DA:38,0
DA:41,0
DA:42,0
DA:43,0
DA:48,0
DA:49,0
DA:50,0
DA:52,0
DA:53,0
DA:55,0
DA:60,0
DA:64,0
DA:65,0
DA:68,0
DA:69,0
DA:70,0
DA:71,0
DA:73,0
DA:74,0
DA:76,0
DA:77,0
DA:78,0
DA:81,0
DA:82,0
DA:83,0
DA:85,0
DA:86,0
DA:89,0
DA:90,0
DA:91,0
DA:94,0
DA:95,0
DA:97,0
DA:98,0
DA:100,0
DA:104,0
DA:107,0
DA:108,0
DA:111,0
DA:112,0
DA:113,0
DA:116,0
DA:117,0
DA:119,0
DA:120,0
DA:129,0
DA:131,0
DA:132,0
DA:136,0
DA:141,0
DA:142,0
DA:145,0
DA:146,0
DA:148,0
DA:153,0
DA:154,0
DA:155,0
DA:157,0
DA:161,0
DA:162,0
DA:163,0
DA:258,0
DA:282,0
DA:289,0
LF:85
LH:0
BRDA:48,0,0,0
BRDA:50,1,0,0
BRDA:52,2,0,0
BRDA:52,2,1,0
BRDA:76,3,0,0
BRDA:85,4,0,0
BRDA:86,5,0,0
BRDA:86,5,1,0
BRDA:90,6,0,0
BRDA:98,7,0,0
BRDA:98,7,1,0
BRDA:111,8,0,0
BRDA:131,9,0,0
BRDA:132,10,0,0
BRDA:132,10,1,0
BRDA:141,11,0,0
BRDA:141,11,1,0
BRDA:146,12,0,0
BRDA:146,12,1,0
BRDA:154,13,0,0
BRDA:154,14,0,0
BRDA:154,14,1,0
BRDA:161,15,0,0
BRDA:161,15,1,0
BRDA:162,16,0,0
BRDA:162,16,1,0
BRDA:163,17,0,0
BRDA:163,17,1,0
BRDA:211,18,0,0
BRDA:215,19,0,0
BRDA:226,20,0,0
BRDA:226,20,1,0
BRDA:229,21,0,0
BRDA:229,21,1,0
BRDA:238,22,0,0
BRDA:254,23,0,0
BRDA:254,23,1,0
BRDA:275,24,0,0
BRDA:275,24,1,0
BRDA:278,25,0,0
BRDA:278,25,1,0
BRDA:292,26,0,0
BRDA:297,27,0,0
BRDA:297,27,1,0
BRDA:306,28,0,0
BRDA:306,28,1,0
BRDA:308,29,0,0
BRDA:308,29,1,0
BRDA:320,30,0,0
BRF:49
BRH:0
end_of_record
TN:
SF:app\register\page.tsx
FN:16,RegisterPage
FN:37,(anonymous_3)
FN:39,(anonymous_4)
FN:42,(anonymous_5)
FN:43,(anonymous_6)
FN:46,(anonymous_7)
FN:66,(anonymous_8)
FN:73,(anonymous_9)
FN:119,(anonymous_10)
FN:133,(anonymous_11)
FN:267,(anonymous_12)
FN:311,(anonymous_13)
FN:329,(anonymous_14)
FNF:13
FNH:0
FNDA:0,RegisterPage
FNDA:0,(anonymous_3)
FNDA:0,(anonymous_4)
FNDA:0,(anonymous_5)
FNDA:0,(anonymous_6)
FNDA:0,(anonymous_7)
FNDA:0,(anonymous_8)
FNDA:0,(anonymous_9)
FNDA:0,(anonymous_10)
FNDA:0,(anonymous_11)
FNDA:0,(anonymous_12)
FNDA:0,(anonymous_13)
FNDA:0,(anonymous_14)
DA:4,0
DA:5,0
DA:6,0
DA:7,0
DA:8,0
DA:9,0
DA:10,0
DA:11,0
DA:12,0
DA:13,0
DA:14,0
DA:16,0
DA:17,0
DA:18,0
DA:19,0
DA:32,0
DA:33,0
DA:34,0
DA:35,0
DA:37,0
DA:38,0
DA:39,0
DA:42,0
DA:43,0
DA:46,0
DA:47,0
DA:48,0
DA:51,0
DA:52,0
DA:53,0
DA:57,0
DA:58,0
DA:59,0
DA:62,0
DA:65,0
DA:66,0
DA:67,0
DA:69,0
DA:73,0
DA:74,0
DA:75,0
DA:76,0
DA:79,0
DA:80,0
DA:81,0
DA:84,0
DA:85,0
DA:86,0
DA:89,0
DA:90,0
DA:91,0
DA:94,0
DA:95,0
DA:96,0
DA:99,0
DA:100,0
DA:101,0
DA:105,0
DA:106,0
DA:107,0
DA:108,0
DA:111,0
DA:112,0
DA:113,0
DA:116,0
DA:119,0
DA:120,0
DA:121,0
DA:122,0
DA:124,0
DA:125,0
DA:126,0
DA:129,0
DA:130,0
DA:133,0
DA:134,0
DA:135,0
DA:140,0
DA:141,0
DA:145,0
DA:152,0
DA:154,0
DA:155,0
DA:159,0
DA:161,0
DA:162,0
DA:164,0
DA:267,0
DA:311,0
DA:329,0
LF:90
LH:0
BRDA:47,0,0,0
BRDA:47,1,0,0
BRDA:47,1,1,0
BRDA:51,2,0,0
BRDA:57,3,0,0
BRDA:74,4,0,0
BRDA:74,5,0,0
BRDA:74,5,1,0
BRDA:74,5,2,0
BRDA:74,5,3,0
BRDA:74,5,4,0
BRDA:74,5,5,0
BRDA:74,5,6,0
BRDA:79,6,0,0
BRDA:84,7,0,0
BRDA:89,8,0,0
BRDA:94,9,0,0
BRDA:99,10,0,0
BRDA:106,11,0,0
BRDA:111,12,0,0
BRDA:124,13,0,0
BRDA:134,14,0,0
BRDA:140,15,0,0
BRDA:154,16,0,0
BRDA:155,17,0,0
BRDA:155,17,1,0
BRDA:155,17,2,0
BRDA:162,18,0,0
BRDA:162,18,1,0
BRDA:187,19,0,0
BRDA:219,20,0,0
BRDA:219,20,1,0
BRDA:270,21,0,0
BRDA:272,22,0,0
BRDA:272,22,1,0
BRDA:400,23,0,0
BRDA:400,23,1,0
BRF:37
BRH:0
end_of_record
