TN:
SF:app\layout.tsx
FN:29,hexToHSL
FN:80,generateColorVariables
FN:124,RootLayout
FNF:3
FNH:0
FNDA:0,hexToHSL
FNDA:0,generateColorVariables
FNDA:0,RootLayout
DA:1,0
DA:3,0
DA:4,0
DA:5,0
DA:6,0
DA:8,0
DA:14,0
DA:20,0
DA:21,0
DA:23,0
DA:31,0
DA:34,0
DA:35,0
DA:36,0
DA:39,0
DA:40,0
DA:43,0
DA:47,0
DA:49,0
DA:52,0
DA:55,0
DA:57,0
DA:58,0
DA:60,0
DA:61,0
DA:63,0
DA:64,0
DA:66,0
DA:68,0
DA:72,0
DA:73,0
DA:74,0
DA:76,0
DA:82,0
DA:83,0
DA:84,0
DA:86,0
DA:87,0
DA:89,0
DA:124,0
LF:40
LH:0
BRDA:47,0,0,0
BRDA:47,0,1,0
BRDA:52,1,0,0
BRDA:52,1,1,0
BRDA:55,2,0,0
BRDA:55,2,1,0
BRDA:55,2,2,0
BRDA:55,2,3,0
BRDA:57,3,0,0
BRDA:57,3,1,0
BRDA:83,4,0,0
BRDA:83,4,1,0
BRDA:84,5,0,0
BRDA:84,5,1,0
BRF:14
BRH:0
end_of_record
TN:
SF:app\page.tsx
FN:42,Home
FN:77,(anonymous_3)
FN:109,(anonymous_4)
FN:281,(anonymous_5)
FN:317,(anonymous_6)
FN:358,(anonymous_7)
FN:390,(anonymous_8)
FN:517,(anonymous_9)
FN:529,(anonymous_10)
FN:533,(anonymous_11)
FNF:10
FNH:0
FNDA:0,Home
FNDA:0,(anonymous_3)
FNDA:0,(anonymous_4)
FNDA:0,(anonymous_5)
FNDA:0,(anonymous_6)
FNDA:0,(anonymous_7)
FNDA:0,(anonymous_8)
FNDA:0,(anonymous_9)
FNDA:0,(anonymous_10)
FNDA:0,(anonymous_11)
DA:3,0
DA:4,0
DA:5,0
DA:6,0
DA:36,0
DA:40,0
DA:42,0
DA:43,0
DA:50,0
DA:78,0
DA:110,0
DA:282,0
DA:318,0
DA:359,0
DA:391,0
DA:518,0
DA:530,0
DA:534,0
LF:18
LH:0
BRF:0
BRH:0
end_of_record
TN:
SF:app\_components\providers.tsx
FN:15,Providers
FNF:1
FNH:0
FNDA:0,Providers
DA:3,0
DA:6,0
DA:15,0
LF:3
LH:0
BRF:0
BRH:0
end_of_record
TN:
SF:app\admin\page.tsx
FN:13,AdminPage
FNF:1
FNH:0
FNDA:0,AdminPage
DA:2,0
DA:3,0
DA:4,0
DA:6,0
DA:11,0
DA:13,0
DA:14,0
DA:16,0
DA:17,0
DA:21,0
DA:22,0
DA:25,0
LF:12
LH:0
BRDA:16,0,0,0
BRDA:21,1,0,0
BRF:2
BRH:0
end_of_record
TN:
SF:app\admin\_components\admin-dashboard.tsx
FN:46,getDashboardStats
FN:57,getSchools
FN:68,DashboardSkeleton
FN:72,(anonymous_4)
FN:90,AdminDashboard
FN:134,StatsCard
FN:158,AdminToolCard
FN:183,SchoolsTable
FNF:8
FNH:0
FNDA:0,getDashboardStats
FNDA:0,getSchools
FNDA:0,DashboardSkeleton
FNDA:0,(anonymous_4)
FNDA:0,AdminDashboard
FNDA:0,StatsCard
FNDA:0,AdminToolCard
FNDA:0,SchoolsTable
DA:3,0
DA:5,0
DA:6,0
DA:7,0
DA:18,0
DA:19,0
DA:20,0
DA:21,0
DA:47,0
DA:50,0
DA:51,0
DA:53,0
DA:58,0
DA:61,0
DA:62,0
DA:64,0
DA:73,0
DA:90,0
DA:91,0
DA:92,0
DA:188,0
LF:21
LH:0
BRDA:50,0,0,0
BRDA:61,1,0,0
BRDA:209,2,0,0
BRF:3
BRH:0
end_of_record
TN:
SF:app\admin\_components\dashboard-tabs.tsx
FN:46,StatsCard
FN:70,AdminToolCard
FN:95,SchoolsTable
FN:174,DashboardTabs
FN:234,(anonymous_8)
FN:240,(anonymous_9)
FNF:6
FNH:0
FNDA:0,StatsCard
FNDA:0,AdminToolCard
FNDA:0,SchoolsTable
FNDA:0,DashboardTabs
FNDA:0,(anonymous_8)
FNDA:0,(anonymous_9)
DA:3,0
DA:4,0
DA:5,0
DA:6,0
DA:15,0
DA:100,0
DA:174,0
LF:7
LH:0
BRDA:121,0,0,0
BRF:1
BRH:0
end_of_record
TN:
SF:app\admin\_components\school-details-dialog.tsx
FN:62,fetchSchoolDetails
FN:70,SchoolDetailsDialog
FN:73,(anonymous_3)
FN:156,(anonymous_4)
FN:167,(anonymous_5)
FN:176,(anonymous_6)
FN:198,StatsCard
FN:212,UserCard
FN:219,(anonymous_9)
FNF:9
FNH:0
FNDA:0,fetchSchoolDetails
FNDA:0,SchoolDetailsDialog
FNDA:0,(anonymous_3)
FNDA:0,(anonymous_4)
FNDA:0,(anonymous_5)
FNDA:0,(anonymous_6)
FNDA:0,StatsCard
FNDA:0,UserCard
FNDA:0,(anonymous_9)
DA:8,0
DA:9,0
DA:10,0
DA:11,0
DA:12,0
DA:13,0
DA:22,0
DA:63,0
DA:64,0
DA:65,0
DA:67,0
DA:70,0
DA:71,0
DA:73,0
DA:157,0
DA:168,0
DA:177,0
DA:219,0
LF:18
LH:0
BRDA:64,0,0,0
BRDA:84,1,0,0
BRDA:84,1,1,0
BRDA:89,2,0,0
BRDA:89,2,1,0
BRDA:94,3,0,0
BRDA:94,3,1,0
BRDA:104,4,0,0
BRDA:110,5,0,0
BRDA:217,6,0,0
BRDA:217,6,1,0
BRF:11
BRH:0
end_of_record
TN:
SF:app\admin\_components\school-details.tsx
FN:58,fetchSchoolDetails
FN:66,SchoolDetails
FN:70,(anonymous_3)
FN:79,(anonymous_4)
FN:169,(anonymous_5)
FN:183,(anonymous_6)
FN:197,(anonymous_7)
FN:219,StatsCard
FN:233,UserCard
FN:240,(anonymous_10)
FNF:10
FNH:0
FNDA:0,fetchSchoolDetails
FNDA:0,SchoolDetails
FNDA:0,(anonymous_3)
FNDA:0,(anonymous_4)
FNDA:0,(anonymous_5)
FNDA:0,(anonymous_6)
FNDA:0,(anonymous_7)
FNDA:0,StatsCard
FNDA:0,UserCard
FNDA:0,(anonymous_10)
DA:3,0
DA:4,0
DA:5,0
DA:6,0
DA:7,0
DA:8,0
DA:9,0
DA:10,0
DA:20,0
DA:59,0
DA:60,0
DA:61,0
DA:63,0
DA:66,0
DA:67,0
DA:68,0
DA:70,0
DA:79,0
DA:170,0
DA:184,0
DA:198,0
DA:240,0
LF:22
LH:0
BRDA:60,0,0,0
BRDA:87,1,0,0
BRDA:87,1,1,0
BRDA:94,2,0,0
BRDA:94,2,1,0
BRDA:99,3,0,0
BRDA:99,3,1,0
BRDA:104,4,0,0
BRDA:104,4,1,0
BRDA:114,5,0,0
BRDA:120,6,0,0
BRDA:238,7,0,0
BRDA:238,7,1,0
BRF:13
BRH:0
end_of_record
TN:
SF:app\admin\dashboard\layout.tsx
FN:8,AdminDashboardLayout
FNF:1
FNH:0
FNDA:0,AdminDashboardLayout
DA:2,0
DA:8,0
LF:2
LH:0
BRF:0
BRH:0
end_of_record
TN:
SF:app\admin\dashboard\page.tsx
FN:28,getAdminStats
FN:99,(anonymous_6)
FN:104,(anonymous_7)
FN:123,getSchools
FN:168,(anonymous_9)
FN:168,(anonymous_10)
FN:170,(anonymous_11)
FN:171,(anonymous_12)
FN:172,(anonymous_13)
FN:173,(anonymous_14)
FN:175,(anonymous_15)
FN:180,(anonymous_16)
FN:200,DashboardSkeleton
FN:204,(anonymous_18)
FN:221,AdminDashboardPage
FNF:15
FNH:0
FNDA:0,getAdminStats
FNDA:0,(anonymous_6)
FNDA:0,(anonymous_7)
FNDA:0,getSchools
FNDA:0,(anonymous_9)
FNDA:0,(anonymous_10)
FNDA:0,(anonymous_11)
FNDA:0,(anonymous_12)
FNDA:0,(anonymous_13)
FNDA:0,(anonymous_14)
FNDA:0,(anonymous_15)
FNDA:0,(anonymous_16)
FNDA:0,DashboardSkeleton
FNDA:0,(anonymous_18)
FNDA:0,AdminDashboardPage
DA:2,0
DA:3,0
DA:4,0
DA:5,0
DA:6,0
DA:8,0
DA:9,0
DA:11,0
DA:16,0
DA:40,0
DA:99,0
DA:104,0
DA:109,0
DA:124,0
DA:168,0
DA:169,0
DA:170,0
DA:171,0
DA:172,0
DA:173,0
DA:174,0
DA:175,0
DA:177,0
DA:180,0
DA:181,0
DA:182,0
DA:183,0
DA:185,0
DA:188,0
DA:205,0
DA:221,0
DA:222,0
DA:224,0
DA:225,0
LF:34
LH:0
BRDA:116,0,0,0
BRDA:116,0,1,0
BRDA:174,1,0,0
BRDA:181,2,0,0
BRDA:181,2,1,0
BRDA:181,2,2,0
BRDA:182,3,0,0
BRDA:183,4,0,0
BRDA:183,4,1,0
BRDA:190,5,0,0
BRDA:190,5,1,0
BRDA:224,6,0,0
BRDA:224,7,0,0
BRDA:224,7,1,0
BRF:14
BRH:0
end_of_record
TN:
SF:app\admin\dashboard\_components\admin-dashboard-content.tsx
FN:57,StatsCard
FN:79,AdminDashboardContent
FN:169,(anonymous_3)
FNF:3
FNH:0
FNDA:0,StatsCard
FNDA:0,AdminDashboardContent
FNDA:0,(anonymous_3)
DA:3,0
DA:4,0
DA:5,0
DA:13,0
DA:14,0
DA:79,0
DA:169,0
LF:7
LH:0
BRF:0
BRH:0
end_of_record
TN:
SF:app\admin\dashboard\_components\admin-dashboard-tabs.tsx
FN:38,StatsCard
FN:58,AdminDashboardTabs
FNF:2
FNH:0
FNDA:0,StatsCard
FNDA:0,AdminDashboardTabs
DA:3,0
DA:4,0
DA:5,0
DA:12,0
DA:58,0
LF:5
LH:0
BRF:0
BRH:0
end_of_record
TN:
SF:app\admin\dashboard\_components\admin-sidebar.tsx
FN:52,AdminSidebar
FN:73,(anonymous_3)
FN:84,(anonymous_4)
FNF:3
FNH:0
FNDA:0,AdminSidebar
FNDA:0,(anonymous_3)
FNDA:0,(anonymous_4)
DA:3,0
DA:4,0
DA:5,0
DA:6,0
DA:7,0
DA:17,0
DA:19,0
DA:52,0
DA:53,0
DA:54,0
DA:73,0
DA:85,0
DA:86,0
LF:13
LH:0
BRDA:60,0,0,0
BRDA:60,0,1,0
BRDA:64,1,0,0
BRDA:74,2,0,0
BRDA:74,2,1,0
BRDA:77,3,0,0
BRDA:92,4,0,0
BRDA:92,4,1,0
BRDA:93,5,0,0
BRDA:93,5,1,0
BRDA:97,6,0,0
BRF:11
BRH:0
end_of_record
TN:
SF:app\admin\debug\page.tsx
FN:29,AdminDebugPage
FN:38,(anonymous_2)
FN:53,(anonymous_3)
FN:64,(anonymous_4)
FN:69,(anonymous_5)
FN:76,(anonymous_6)
FN:80,(anonymous_7)
FN:93,(anonymous_8)
FN:104,(anonymous_9)
FN:140,(anonymous_10)
FN:154,(anonymous_11)
FN:167,(anonymous_12)
FN:197,(anonymous_13)
FN:238,(anonymous_14)
FNF:14
FNH:0
FNDA:0,AdminDebugPage
FNDA:0,(anonymous_2)
FNDA:0,(anonymous_3)
FNDA:0,(anonymous_4)
FNDA:0,(anonymous_5)
FNDA:0,(anonymous_6)
FNDA:0,(anonymous_7)
FNDA:0,(anonymous_8)
FNDA:0,(anonymous_9)
FNDA:0,(anonymous_10)
FNDA:0,(anonymous_11)
FNDA:0,(anonymous_12)
FNDA:0,(anonymous_13)
FNDA:0,(anonymous_14)
DA:3,0
DA:4,0
DA:5,0
DA:6,0
DA:7,0
DA:8,0
DA:29,0
DA:30,0
DA:31,0
DA:32,0
DA:33,0
DA:34,0
DA:35,0
DA:36,0
DA:38,0
DA:39,0
DA:40,0
DA:41,0
DA:42,0
DA:43,0
DA:44,0
DA:45,0
DA:47,0
DA:49,0
DA:53,0
DA:54,0
DA:55,0
DA:56,0
DA:57,0
DA:58,0
DA:60,0
DA:64,0
DA:65,0
DA:66,0
DA:69,0
DA:70,0
DA:71,0
DA:73,0
DA:76,0
DA:77,0
DA:80,0
DA:81,0
DA:82,0
DA:94,0
DA:95,0
DA:104,0
DA:141,0
DA:154,0
DA:168,0
DA:198,0
DA:239,0
LF:51
LH:0
BRDA:42,0,0,0
BRDA:44,1,0,0
BRDA:44,1,1,0
BRDA:45,2,0,0
BRDA:45,2,1,0
BRDA:56,3,0,0
BRDA:58,4,0,0
BRDA:58,4,1,0
BRDA:81,5,0,0
BRDA:127,6,0,0
BRDA:131,7,0,0
BRDA:171,8,0,0
BRDA:171,8,1,0
BRDA:192,9,0,0
BRDA:200,10,0,0
BRDA:200,10,1,0
BRDA:204,11,0,0
BRDA:204,11,1,0
BRDA:209,12,0,0
BRDA:209,12,1,0
BRDA:230,13,0,0
BRDA:247,14,0,0
BRDA:247,14,1,0
BRDA:250,15,0,0
BRDA:250,15,1,0
BRF:25
BRH:0
end_of_record
TN:
SF:app\admin\schools\[id]\page.tsx
FN:11,SchoolPage
FNF:1
FNH:0
FNDA:0,SchoolPage
DA:1,0
DA:2,0
DA:3,0
DA:11,0
DA:12,0
DA:14,0
DA:15,0
LF:7
LH:0
BRDA:14,0,0,0
BRDA:14,1,0,0
BRDA:14,1,1,0
BRF:3
BRH:0
end_of_record
TN:
SF:app\api\academic-sessions\route.ts
FN:10,(anonymous_3)
FN:11,(anonymous_4)
FN:15,GET
FN:80,(anonymous_6)
FN:96,POST
FNF:5
FNH:0
FNDA:0,(anonymous_3)
FNDA:0,(anonymous_4)
FNDA:0,GET
FNDA:0,(anonymous_6)
FNDA:0,POST
DA:1,0
DA:2,0
DA:3,0
DA:4,0
DA:7,0
DA:10,0
DA:11,0
DA:15,0
DA:16,0
DA:17,0
DA:18,0
DA:19,0
DA:23,0
DA:24,0
DA:25,0
DA:26,0
DA:29,0
DA:30,0
DA:31,0
DA:32,0
DA:33,0
DA:36,0
DA:37,0
DA:41,0
DA:42,0
DA:45,0
DA:46,0
DA:50,0
DA:57,0
DA:80,0
DA:86,0
DA:88,0
DA:89,0
DA:96,0
DA:97,0
DA:98,0
DA:99,0
DA:100,0
DA:103,0
DA:104,0
DA:107,0
DA:111,0
DA:118,0
DA:119,0
DA:131,0
DA:151,0
DA:156,0
DA:158,0
DA:159,0
DA:164,0
DA:165,0
LF:51
LH:0
BRDA:18,0,0,0
BRDA:30,1,0,0
BRDA:30,1,1,0
BRDA:32,2,0,0
BRDA:36,3,0,0
BRDA:41,4,0,0
BRDA:45,5,0,0
BRDA:45,5,1,0
BRDA:99,6,0,0
BRDA:107,7,0,0
BRDA:108,8,0,0
BRDA:108,8,1,0
BRDA:118,9,0,0
BRDA:158,10,0,0
BRF:14
BRH:0
end_of_record
TN:
SF:app\api\admin\analytics\route.ts
FN:5,GET
FN:44,(anonymous_3)
FN:49,(anonymous_4)
FNF:3
FNH:0
FNDA:0,GET
FNDA:0,(anonymous_3)
FNDA:0,(anonymous_4)
DA:1,0
DA:2,0
DA:3,0
DA:5,0
DA:6,0
DA:8,0
DA:9,0
DA:12,0
DA:14,0
DA:15,0
DA:18,0
DA:31,0
DA:44,0
DA:45,0
DA:46,0
DA:49,0
DA:50,0
DA:51,0
DA:54,0
DA:59,0
DA:60,0
LF:21
LH:0
BRDA:8,0,0,0
BRDA:8,1,0,0
BRDA:8,1,1,0
BRF:3
BRH:0
end_of_record
TN:
SF:app\api\admin\results\publish\route.ts
FN:5,POST
FN:76,(anonymous_7)
FN:94,sendResultNotifications
FN:132,(anonymous_9)
FN:151,(anonymous_10)
FN:157,(anonymous_11)
FN:185,DELETE
FNF:7
FNH:0
FNDA:0,POST
FNDA:0,(anonymous_7)
FNDA:0,sendResultNotifications
FNDA:0,(anonymous_9)
FNDA:0,(anonymous_10)
FNDA:0,(anonymous_11)
FNDA:0,DELETE
DA:1,0
DA:2,0
DA:3,0
DA:5,0
DA:6,0
DA:7,0
DA:9,0
DA:10,0
DA:13,0
DA:15,0
DA:16,0
DA:23,0
DA:30,0
DA:31,0
DA:43,0
DA:45,0
DA:46,0
DA:53,0
DA:63,0
DA:76,0
DA:77,0
DA:80,0
DA:86,0
DA:87,0
DA:95,0
DA:96,0
DA:105,0
DA:108,0
DA:114,0
DA:115,0
DA:126,0
DA:132,0
DA:135,0
DA:151,0
DA:153,0
DA:154,0
DA:155,0
DA:157,0
DA:158,0
DA:159,0
DA:161,0
DA:174,0
DA:180,0
DA:185,0
DA:186,0
DA:187,0
DA:189,0
DA:190,0
DA:193,0
DA:194,0
DA:195,0
DA:196,0
DA:198,0
DA:199,0
DA:206,0
DA:212,0
DA:213,0
DA:225,0
DA:234,0
DA:239,0
DA:240,0
LF:61
LH:0
BRDA:9,0,0,0
BRDA:9,1,0,0
BRDA:9,1,1,0
BRDA:9,1,2,0
BRDA:15,2,0,0
BRDA:15,3,0,0
BRDA:15,3,1,0
BRDA:30,4,0,0
BRDA:45,5,0,0
BRDA:68,6,0,0
BRDA:68,6,1,0
BRDA:105,7,0,0
BRDA:114,8,0,0
BRDA:155,9,0,0
BRDA:157,10,0,0
BRDA:157,10,1,0
BRDA:189,11,0,0
BRDA:189,12,0,0
BRDA:189,12,1,0
BRDA:189,12,2,0
BRDA:198,13,0,0
BRDA:198,14,0,0
BRDA:198,14,1,0
BRDA:212,15,0,0
BRF:24
BRH:0
end_of_record
TN:
SF:app\api\admin\schools\route.ts
FN:6,GET
FN:45,(anonymous_2)
FN:55,(anonymous_3)
FN:57,(anonymous_4)
FNF:4
FNH:0
FNDA:0,GET
FNDA:0,(anonymous_2)
FNDA:0,(anonymous_3)
FNDA:0,(anonymous_4)
DA:1,0
DA:2,0
DA:3,0
DA:4,0
DA:6,0
DA:7,0
DA:9,0
DA:10,0
DA:13,0
DA:14,0
DA:45,0
DA:55,0
DA:57,0
DA:61,0
DA:63,0
DA:64,0
LF:16
LH:0
BRDA:9,0,0,0
BRDA:9,1,0,0
BRDA:9,1,1,0
BRDA:48,2,0,0
BRDA:48,2,1,0
BRF:5
BRH:0
end_of_record
TN:
SF:app\api\admin\schools\[id]\route.ts
FN:5,GET
FN:65,(anonymous_2)
FN:67,(anonymous_3)
FN:69,(anonymous_4)
FN:72,(anonymous_5)
FN:75,(anonymous_6)
FNF:6
FNH:0
FNDA:0,GET
FNDA:0,(anonymous_2)
FNDA:0,(anonymous_3)
FNDA:0,(anonymous_4)
FNDA:0,(anonymous_5)
FNDA:0,(anonymous_6)
DA:1,0
DA:2,0
DA:3,0
DA:5,0
DA:9,0
DA:11,0
DA:12,0
DA:15,0
DA:16,0
DA:58,0
DA:59,0
DA:63,0
DA:65,0
DA:67,0
DA:69,0
DA:72,0
DA:75,0
DA:79,0
DA:81,0
DA:82,0
LF:20
LH:0
BRDA:11,0,0,0
BRDA:11,1,0,0
BRDA:11,1,1,0
BRDA:58,2,0,0
BRF:4
BRH:0
end_of_record
TN:
SF:app\api\admin\stats\route.ts
FN:6,GET
FNF:1
FNH:0
FNDA:0,GET
DA:1,0
DA:2,0
DA:3,0
DA:4,0
DA:6,0
DA:7,0
DA:9,0
DA:10,0
DA:13,0
DA:22,0
DA:60,0
DA:69,0
DA:70,0
LF:13
LH:0
BRDA:9,0,0,0
BRDA:9,1,0,0
BRDA:9,1,1,0
BRF:3
BRH:0
end_of_record
TN:
SF:app\api\attendance\route.ts
FN:5,GET
FN:63,(anonymous_5)
FN:126,(anonymous_6)
FN:145,POST
FN:170,(anonymous_8)
FN:183,(anonymous_9)
FNF:6
FNH:0
FNDA:0,GET
FNDA:0,(anonymous_5)
FNDA:0,(anonymous_6)
FNDA:0,POST
FNDA:0,(anonymous_8)
FNDA:0,(anonymous_9)
DA:1,0
DA:2,0
DA:3,0
DA:5,0
DA:6,0
DA:8,0
DA:9,0
DA:12,0
DA:13,0
DA:14,0
DA:15,0
DA:16,0
DA:17,0
DA:20,0
DA:21,0
DA:28,0
DA:33,0
DA:34,0
DA:35,0
DA:36,0
DA:37,0
DA:38,0
DA:45,0
DA:46,0
DA:47,0
DA:48,0
DA:49,0
DA:51,0
DA:56,0
DA:57,0
DA:63,0
DA:67,0
DA:68,0
DA:76,0
DA:77,0
DA:90,0
DA:91,0
DA:98,0
DA:126,0
DA:135,0
DA:137,0
DA:138,0
DA:145,0
DA:146,0
DA:148,0
DA:154,0
DA:157,0
DA:158,0
DA:159,0
DA:161,0
DA:162,0
DA:169,0
DA:171,0
DA:174,0
DA:175,0
DA:182,0
DA:184,0
DA:196,0
DA:198,0
DA:199,0
LF:60
LH:0
BRDA:8,0,0,0
BRDA:20,1,0,0
BRDA:33,2,0,0
BRDA:45,3,0,0
BRDA:45,3,1,0
BRDA:47,4,0,0
BRDA:47,4,1,0
BRDA:49,5,0,0
BRDA:56,6,0,0
BRDA:67,7,0,0
BRDA:67,7,1,0
BRDA:76,8,0,0
BRDA:90,9,0,0
BRDA:90,10,0,0
BRDA:90,10,1,0
BRDA:148,11,0,0
BRDA:149,12,0,0
BRDA:149,12,1,0
BRDA:149,12,2,0
BRDA:149,12,3,0
BRDA:161,13,0,0
BRDA:161,14,0,0
BRDA:161,14,1,0
BRDA:171,15,0,0
BRDA:171,15,1,0
BRDA:171,15,2,0
BRDA:171,15,3,0
BRDA:174,16,0,0
BRDA:190,17,0,0
BRDA:190,17,1,0
BRF:30
BRH:0
end_of_record
TN:
SF:app\api\attendance\[id]\route.ts
FN:5,GET
FN:106,PUT
FN:201,DELETE
FNF:3
FNH:0
FNDA:0,GET
FNDA:0,PUT
FNDA:0,DELETE
DA:1,0
DA:2,0
DA:3,0
DA:5,0
DA:9,0
DA:11,0
DA:12,0
DA:15,0
DA:16,0
DA:18,0
DA:55,0
DA:56,0
DA:63,0
DA:64,0
DA:65,0
DA:67,0
DA:68,0
DA:74,0
DA:75,0
DA:77,0
DA:78,0
DA:87,0
DA:88,0
DA:90,0
DA:91,0
DA:92,0
DA:96,0
DA:98,0
DA:99,0
DA:106,0
DA:110,0
DA:112,0
DA:118,0
DA:121,0
DA:122,0
DA:123,0
DA:124,0
DA:127,0
DA:128,0
DA:137,0
DA:148,0
DA:149,0
DA:156,0
DA:157,0
DA:158,0
DA:160,0
DA:161,0
DA:170,0
DA:171,0
DA:176,0
DA:191,0
DA:193,0
DA:194,0
DA:201,0
DA:205,0
DA:207,0
DA:211,0
DA:214,0
DA:215,0
DA:218,0
DA:229,0
DA:230,0
DA:237,0
DA:241,0
DA:245,0
DA:249,0
DA:251,0
DA:252,0
LF:68
LH:0
BRDA:11,0,0,0
BRDA:55,1,0,0
BRDA:63,2,0,0
BRDA:63,2,1,0
BRDA:64,3,0,0
BRDA:67,4,0,0
BRDA:67,4,1,0
BRDA:74,5,0,0
BRDA:77,6,0,0
BRDA:77,6,1,0
BRDA:87,7,0,0
BRDA:90,8,0,0
BRDA:91,9,0,0
BRDA:112,10,0,0
BRDA:113,11,0,0
BRDA:113,11,1,0
BRDA:113,11,2,0
BRDA:113,11,3,0
BRDA:127,12,0,0
BRDA:148,13,0,0
BRDA:156,14,0,0
BRDA:156,14,1,0
BRDA:157,15,0,0
BRDA:160,16,0,0
BRDA:170,17,0,0
BRDA:207,18,0,0
BRDA:208,19,0,0
BRDA:208,19,1,0
BRDA:208,19,2,0
BRDA:229,20,0,0
BRDA:237,21,0,0
BRDA:238,22,0,0
BRDA:238,22,1,0
BRF:33
BRH:0
end_of_record
TN:
SF:app\api\attendance\mark\route.ts
FN:20,POST
FN:92,(anonymous_4)
FN:137,GET
FN:212,(anonymous_6)
FN:220,(anonymous_7)
FN:224,(anonymous_8)
FNF:6
FNH:0
FNDA:0,POST
FNDA:0,(anonymous_4)
FNDA:0,GET
FNDA:0,(anonymous_6)
FNDA:0,(anonymous_7)
FNDA:0,(anonymous_8)
DA:1,0
DA:2,0
DA:3,0
DA:4,0
DA:5,0
DA:8,0
DA:20,0
DA:21,0
DA:22,0
DA:24,0
DA:25,0
DA:28,0
DA:29,0
DA:32,0
DA:33,0
DA:34,0
DA:40,0
DA:43,0
DA:53,0
DA:54,0
DA:61,0
DA:62,0
DA:67,0
DA:68,0
DA:74,0
DA:79,0
DA:80,0
DA:88,0
DA:89,0
DA:92,0
DA:93,0
DA:95,0
DA:96,0
DA:117,0
DA:120,0
DA:123,0
DA:128,0
DA:129,0
DA:137,0
DA:138,0
DA:139,0
DA:141,0
DA:142,0
DA:145,0
DA:146,0
DA:147,0
DA:148,0
DA:150,0
DA:151,0
DA:158,0
DA:168,0
DA:169,0
DA:176,0
DA:177,0
DA:180,0
DA:210,0
DA:212,0
DA:219,0
DA:220,0
DA:224,0
DA:234,0
DA:240,0
DA:241,0
LF:63
LH:0
BRDA:24,0,0,0
BRDA:24,1,0,0
BRDA:24,1,1,0
BRDA:24,1,2,0
BRDA:33,2,0,0
BRDA:53,3,0,0
BRDA:61,4,0,0
BRDA:67,5,0,0
BRDA:79,6,0,0
BRDA:79,7,0,0
BRDA:79,7,1,0
BRDA:106,8,0,0
BRDA:106,8,1,0
BRDA:113,9,0,0
BRDA:113,9,1,0
BRDA:141,10,0,0
BRDA:141,11,0,0
BRDA:141,11,1,0
BRDA:150,12,0,0
BRDA:150,13,0,0
BRDA:150,13,1,0
BRDA:168,14,0,0
BRDA:231,15,0,0
BRDA:231,15,1,0
BRF:24
BRH:0
end_of_record
TN:
SF:app\api\auth\check\route.ts
FN:4,GET
FNF:1
FNH:0
FNDA:0,GET
DA:1,0
DA:2,0
DA:4,0
DA:5,0
DA:7,0
DA:8,0
DA:13,0
LF:7
LH:0
BRDA:7,0,0,0
BRF:1
BRH:0
end_of_record
TN:
SF:app\api\auth\confirm-reset\route.ts
FN:5,POST
FNF:1
FNH:0
FNDA:0,POST
DA:1,0
DA:2,0
DA:3,0
DA:5,0
DA:6,0
DA:7,0
DA:9,0
DA:10,0
DA:13,0
DA:17,0
DA:18,0
DA:22,0
DA:24,0
DA:25,0
DA:29,0
DA:32,0
DA:39,0
DA:41,0
DA:42,0
LF:19
LH:0
BRDA:9,0,0,0
BRDA:9,1,0,0
BRDA:9,1,1,0
BRDA:9,1,2,0
BRDA:17,2,0,0
BRDA:24,3,0,0
BRF:6
BRH:0
end_of_record
TN:
SF:app\api\auth\login\route.ts
FN:6,POST
FN:16,(anonymous_5)
FN:38,(anonymous_6)
FN:51,(anonymous_7)
FNF:4
FNH:0
FNDA:0,POST
FNDA:0,(anonymous_5)
FNDA:0,(anonymous_6)
FNDA:0,(anonymous_7)
DA:1,0
DA:2,0
DA:3,0
DA:4,0
DA:6,0
DA:7,0
DA:8,0
DA:9,0
DA:11,0
DA:12,0
DA:16,0
DA:17,0
DA:22,0
DA:23,0
DA:24,0
DA:27,0
DA:28,0
DA:29,0
DA:30,0
DA:33,0
DA:36,0
DA:37,0
DA:38,0
DA:39,0
DA:44,0
DA:48,0
DA:51,0
DA:52,0
DA:63,0
DA:75,0
DA:77,0
DA:79,0
DA:80,0
LF:33
LH:0
BRDA:11,0,0,0
BRDA:11,1,0,0
BRDA:11,1,1,0
BRDA:22,2,0,0
BRDA:28,3,0,0
BRDA:37,4,0,0
BRDA:37,5,0,0
BRDA:37,5,1,0
BRDA:48,6,0,0
BRDA:48,6,1,0
BRDA:55,7,0,0
BRDA:55,7,1,0
BRDA:57,8,0,0
BRDA:57,8,1,0
BRDA:58,9,0,0
BRDA:58,9,1,0
BRDA:69,10,0,0
BRDA:69,10,1,0
BRDA:70,11,0,0
BRDA:70,11,1,0
BRF:20
BRH:0
end_of_record
TN:
SF:app\api\auth\logout\route.ts
FN:4,POST
FNF:1
FNH:0
FNDA:0,POST
DA:1,0
DA:2,0
DA:4,0
DA:5,0
DA:6,0
DA:8,0
DA:10,0
DA:11,0
LF:8
LH:0
BRF:0
BRH:0
end_of_record
TN:
SF:app\api\auth\reset-password\route.ts
FN:7,POST
FNF:1
FNH:0
FNDA:0,POST
DA:1,0
DA:2,0
DA:3,0
DA:4,0
DA:5,0
DA:7,0
DA:8,0
DA:9,0
DA:11,0
DA:12,0
DA:16,0
DA:27,0
DA:29,0
DA:40,0
DA:44,0
DA:47,0
DA:54,0
DA:57,0
DA:64,0
DA:65,0
DA:71,0
DA:82,0
DA:83,0
LF:23
LH:0
BRDA:11,0,0,0
BRDA:27,1,0,0
BRDA:54,2,0,0
BRDA:54,2,1,0
BRDA:58,3,0,0
BRDA:58,3,1,0
BRDA:64,4,0,0
BRDA:75,5,0,0
BRDA:75,5,1,0
BRDA:75,6,0,0
BRDA:75,6,1,0
BRF:11
BRH:0
end_of_record
TN:
SF:app\api\auth\session\route.ts
FN:4,GET
FNF:1
FNH:0
FNDA:0,GET
DA:1,0
DA:2,0
DA:4,0
DA:5,0
DA:7,0
DA:8,0
DA:12,0
LF:7
LH:0
BRDA:7,0,0,0
BRF:1
BRH:0
end_of_record
TN:
SF:app\api\auth\session-debug\route.ts
FN:5,GET
FN:18,(anonymous_2)
FNF:2
FNH:0
FNDA:0,GET
FNDA:0,(anonymous_2)
DA:1,0
DA:2,0
DA:3,0
DA:5,0
DA:6,0
DA:8,0
DA:9,0
DA:10,0
DA:13,0
DA:14,0
DA:18,0
DA:25,0
DA:27,0
DA:28,0
DA:40,0
DA:57,0
DA:58,0
LF:17
LH:0
BRDA:13,0,0,0
BRDA:27,1,0,0
BRDA:61,2,0,0
BRDA:61,2,1,0
BRF:4
BRH:0
end_of_record
TN:
SF:app\api\auth\verify-code\route.ts
FN:5,POST
FNF:1
FNH:0
FNDA:0,POST
DA:1,0
DA:2,0
DA:3,0
DA:5,0
DA:6,0
DA:7,0
DA:9,0
DA:10,0
DA:13,0
DA:17,0
DA:18,0
DA:22,0
DA:24,0
DA:25,0
DA:31,0
DA:33,0
DA:34,0
LF:17
LH:0
BRDA:9,0,0,0
BRDA:9,1,0,0
BRDA:9,1,1,0
BRDA:17,2,0,0
BRDA:24,3,0,0
BRF:5
BRH:0
end_of_record
TN:
SF:app\api\bills\route.ts
FN:23,POST
FN:24,(anonymous_4)
FN:56,(anonymous_5)
FN:66,(anonymous_6)
FN:88,(anonymous_7)
FN:158,GET
FN:159,(anonymous_9)
FNF:7
FNH:0
FNDA:0,POST
FNDA:0,(anonymous_4)
FNDA:0,(anonymous_5)
FNDA:0,(anonymous_6)
FNDA:0,(anonymous_7)
FNDA:0,GET
FNDA:0,(anonymous_9)
DA:1,0
DA:2,0
DA:3,0
DA:4,0
DA:23,0
DA:24,0
DA:26,0
DA:27,0
DA:28,0
DA:31,0
DA:36,0
DA:37,0
DA:44,0
DA:45,0
DA:47,0
DA:48,0
DA:55,0
DA:56,0
DA:58,0
DA:59,0
DA:66,0
DA:67,0
DA:68,0
DA:69,0
DA:77,0
DA:78,0
DA:86,0
DA:87,0
DA:90,0
DA:100,0
DA:101,0
DA:102,0
DA:109,0
DA:113,0
DA:131,0
DA:132,0
DA:135,0
DA:144,0
DA:146,0
DA:147,0
DA:158,0
DA:159,0
DA:161,0
DA:162,0
DA:163,0
DA:166,0
DA:171,0
DA:172,0
DA:179,0
DA:207,0
LF:50
LH:0
BRDA:27,0,0,0
BRDA:36,1,0,0
BRDA:36,2,0,0
BRDA:36,2,1,0
BRDA:47,3,0,0
BRDA:47,4,0,0
BRDA:47,4,1,0
BRDA:56,5,0,0
BRDA:56,5,1,0
BRDA:58,6,0,0
BRDA:68,7,0,0
BRDA:77,8,0,0
BRDA:95,9,0,0
BRDA:95,9,1,0
BRDA:131,10,0,0
BRDA:149,11,0,0
BRDA:149,11,1,0
BRDA:162,12,0,0
BRDA:171,13,0,0
BRF:19
BRH:0
end_of_record
TN:
SF:app\api\bills\[billId]\route.ts
FN:5,GET
FN:9,(anonymous_4)
FN:61,(anonymous_5)
FN:63,(anonymous_6)
FN:64,(anonymous_7)
FN:67,(anonymous_8)
FN:68,(anonymous_9)
FN:115,(anonymous_10)
FN:117,(anonymous_11)
FN:121,(anonymous_12)
FN:134,(anonymous_13)
FN:146,DELETE
FN:150,(anonymous_15)
FN:191,(anonymous_16)
FNF:14
FNH:0
FNDA:0,GET
FNDA:0,(anonymous_4)
FNDA:0,(anonymous_5)
FNDA:0,(anonymous_6)
FNDA:0,(anonymous_7)
FNDA:0,(anonymous_8)
FNDA:0,(anonymous_9)
FNDA:0,(anonymous_10)
FNDA:0,(anonymous_11)
FNDA:0,(anonymous_12)
FNDA:0,(anonymous_13)
FNDA:0,DELETE
FNDA:0,(anonymous_15)
FNDA:0,(anonymous_16)
DA:1,0
DA:2,0
DA:3,0
DA:5,0
DA:9,0
DA:10,0
DA:12,0
DA:13,0
DA:14,0
DA:17,0
DA:22,0
DA:23,0
DA:30,0
DA:56,0
DA:57,0
DA:61,0
DA:62,0
DA:63,0
DA:64,0
DA:66,0
DA:67,0
DA:68,0
DA:70,0
DA:115,0
DA:116,0
DA:117,0
DA:120,0
DA:121,0
DA:122,0
DA:123,0
DA:127,0
DA:132,0
DA:134,0
DA:139,0
DA:146,0
DA:150,0
DA:151,0
DA:153,0
DA:154,0
DA:155,0
DA:158,0
DA:163,0
DA:164,0
DA:171,0
DA:185,0
DA:186,0
DA:190,0
DA:191,0
DA:194,0
DA:195,0
DA:202,0
DA:213,0
LF:52
LH:0
BRDA:13,0,0,0
BRDA:22,1,0,0
BRDA:56,2,0,0
BRDA:116,3,0,0
BRDA:116,3,1,0
BRDA:120,4,0,0
BRDA:122,5,0,0
BRDA:154,6,0,0
BRDA:163,7,0,0
BRDA:163,8,0,0
BRDA:163,8,1,0
BRDA:185,9,0,0
BRDA:194,10,0,0
BRF:13
BRH:0
end_of_record
TN:
SF:app\api\bills\[billId]\assignments\route.ts
FN:5,POST
FN:9,(anonymous_2)
FN:49,(anonymous_3)
FN:87,(anonymous_4)
FN:89,(anonymous_5)
FNF:5
FNH:0
FNDA:0,POST
FNDA:0,(anonymous_2)
FNDA:0,(anonymous_3)
FNDA:0,(anonymous_4)
FNDA:0,(anonymous_5)
DA:1,0
DA:2,0
DA:3,0
DA:5,0
DA:9,0
DA:10,0
DA:13,0
DA:14,0
DA:15,0
DA:18,0
DA:21,0
DA:22,0
DA:24,0
DA:25,0
DA:32,0
DA:42,0
DA:43,0
DA:48,0
DA:49,0
DA:52,0
DA:53,0
DA:60,0
DA:61,0
DA:67,0
DA:68,0
DA:70,0
DA:71,0
DA:75,0
DA:76,0
DA:83,0
DA:87,0
DA:88,0
DA:89,0
DA:92,0
DA:93,0
DA:99,0
DA:106,0
DA:116,0
LF:38
LH:0
BRDA:14,0,0,0
BRDA:14,1,0,0
BRDA:14,1,1,0
BRDA:24,2,0,0
BRDA:24,3,0,0
BRDA:24,3,1,0
BRDA:24,3,2,0
BRDA:42,4,0,0
BRDA:49,5,0,0
BRDA:49,5,1,0
BRDA:52,6,0,0
BRDA:54,7,0,0
BRDA:54,7,1,0
BRDA:60,8,0,0
BRDA:60,8,1,0
BRDA:67,9,0,0
BRDA:70,10,0,0
BRDA:70,10,1,0
BRDA:75,11,0,0
BRDA:75,12,0,0
BRDA:75,12,1,0
BRDA:89,13,0,0
BRDA:89,13,1,0
BRDA:92,14,0,0
BRF:24
BRH:0
end_of_record
TN:
SF:app\api\bills\[billId]\assignments\[assignmentId]\route.ts
FN:5,GET
FN:9,(anonymous_2)
FN:76,(anonymous_3)
FNF:3
FNH:0
FNDA:0,GET
FNDA:0,(anonymous_2)
FNDA:0,(anonymous_3)
DA:1,0
DA:2,0
DA:3,0
DA:5,0
DA:9,0
DA:11,0
DA:12,0
DA:13,0
DA:17,0
DA:43,0
DA:44,0
DA:51,0
DA:52,0
DA:56,0
DA:57,0
DA:58,0
DA:75,0
DA:76,0
DA:82,0
DA:84,0
DA:88,0
DA:91,0
LF:22
LH:0
BRDA:12,0,0,0
BRDA:12,1,0,0
BRDA:12,1,1,0
BRDA:43,2,0,0
BRDA:51,3,0,0
BRDA:57,4,0,0
BRDA:57,4,1,0
BRDA:75,5,0,0
BRDA:82,6,0,0
BRF:9
BRH:0
end_of_record
TN:
SF:app\api\class-subjects\route.ts
FN:5,GET
FN:59,POST
FN:160,DELETE
FNF:3
FNH:0
FNDA:0,GET
FNDA:0,POST
FNDA:0,DELETE
DA:1,0
DA:2,0
DA:3,0
DA:5,0
DA:6,0
DA:8,0
DA:9,0
DA:12,0
DA:13,0
DA:14,0
DA:15,0
DA:17,0
DA:19,0
DA:20,0
DA:23,0
DA:24,0
DA:28,0
DA:29,0
DA:34,0
DA:49,0
DA:51,0
DA:52,0
DA:59,0
DA:60,0
DA:62,0
DA:66,0
DA:69,0
DA:70,0
DA:71,0
DA:74,0
DA:75,0
DA:82,0
DA:87,0
DA:88,0
DA:92,0
DA:97,0
DA:98,0
DA:102,0
DA:103,0
DA:110,0
DA:114,0
DA:118,0
DA:125,0
DA:126,0
DA:133,0
DA:150,0
DA:152,0
DA:153,0
DA:160,0
DA:161,0
DA:163,0
DA:167,0
DA:170,0
DA:171,0
DA:172,0
DA:174,0
DA:175,0
DA:181,0
DA:185,0
DA:186,0
DA:189,0
DA:193,0
DA:196,0
DA:203,0
LF:64
LH:0
BRDA:8,0,0,0
BRDA:19,1,0,0
BRDA:23,2,0,0
BRDA:28,3,0,0
BRDA:28,4,0,0
BRDA:28,4,1,0
BRDA:62,5,0,0
BRDA:63,6,0,0
BRDA:63,6,1,0
BRDA:63,6,2,0
BRDA:74,7,0,0
BRDA:74,8,0,0
BRDA:74,8,1,0
BRDA:87,9,0,0
BRDA:97,10,0,0
BRDA:102,11,0,0
BRDA:110,12,0,0
BRDA:111,13,0,0
BRDA:111,13,1,0
BRDA:125,14,0,0
BRDA:163,15,0,0
BRDA:164,16,0,0
BRDA:164,16,1,0
BRDA:164,16,2,0
BRDA:174,17,0,0
BRDA:174,18,0,0
BRDA:174,18,1,0
BRDA:185,19,0,0
BRDA:189,20,0,0
BRDA:190,21,0,0
BRDA:190,21,1,0
BRF:31
BRH:0
end_of_record
TN:
SF:app\api\class-subjects\[id]\route.ts
FN:5,DELETE
FNF:1
FNH:0
FNDA:0,DELETE
DA:1,0
DA:2,0
DA:3,0
DA:5,0
DA:6,0
DA:8,0
DA:9,0
DA:12,0
DA:13,0
DA:16,0
DA:25,0
DA:26,0
DA:30,0
DA:31,0
DA:35,0
DA:39,0
DA:41,0
DA:42,0
LF:18
LH:0
BRDA:8,0,0,0
BRDA:8,1,0,0
BRDA:8,1,1,0
BRDA:8,1,2,0
BRDA:25,2,0,0
BRDA:30,3,0,0
BRDA:30,4,0,0
BRDA:30,4,1,0
BRF:8
BRH:0
end_of_record
TN:
SF:app\api\classes\route.ts
FN:16,GET
FN:45,(anonymous_4)
FN:67,(anonymous_5)
FN:83,(anonymous_6)
FN:152,(anonymous_7)
FN:179,(anonymous_8)
FN:191,(anonymous_9)
FN:225,POST
FN:297,(anonymous_11)
FN:332,(anonymous_12)
FNF:10
FNH:0
FNDA:0,GET
FNDA:0,(anonymous_4)
FNDA:0,(anonymous_5)
FNDA:0,(anonymous_6)
FNDA:0,(anonymous_7)
FNDA:0,(anonymous_8)
FNDA:0,(anonymous_9)
FNDA:0,POST
FNDA:0,(anonymous_11)
FNDA:0,(anonymous_12)
DA:1,0
DA:2,0
DA:3,0
DA:4,0
DA:5,0
DA:8,0
DA:16,0
DA:17,0
DA:19,0
DA:20,0
DA:22,0
DA:23,0
DA:24,0
DA:30,0
DA:31,0
DA:32,0
DA:35,0
DA:38,0
DA:45,0
DA:46,0
DA:61,0
DA:62,0
DA:65,0
DA:66,0
DA:67,0
DA:68,0
DA:74,0
DA:75,0
DA:76,0
DA:83,0
DA:85,0
DA:91,0
DA:92,0
DA:96,0
DA:152,0
DA:154,0
DA:179,0
DA:180,0
DA:181,0
DA:183,0
DA:187,0
DA:191,0
DA:205,0
DA:206,0
DA:212,0
DA:215,0
DA:216,0
DA:217,0
DA:225,0
DA:226,0
DA:228,0
DA:229,0
DA:231,0
DA:232,0
DA:236,0
DA:242,0
DA:243,0
DA:245,0
DA:246,0
DA:249,0
DA:253,0
DA:254,0
DA:257,0
DA:258,0
DA:259,0
DA:263,0
DA:272,0
DA:275,0
DA:283,0
DA:284,0
DA:290,0
DA:297,0
DA:299,0
DA:324,0
DA:325,0
DA:330,0
DA:331,0
DA:332,0
DA:340,0
DA:343,0
DA:344,0
DA:350,0
DA:352,0
DA:353,0
DA:355,0
LF:85
LH:0
BRDA:22,0,0,0
BRDA:22,1,0,0
BRDA:22,1,1,0
BRDA:31,2,0,0
BRDA:66,3,0,0
BRDA:74,4,0,0
BRDA:87,5,0,0
BRDA:87,5,1,0
BRDA:91,6,0,0
BRDA:91,7,0,0
BRDA:91,7,1,0
BRDA:154,8,0,0
BRDA:154,8,1,0
BRDA:180,9,0,0
BRDA:197,10,0,0
BRDA:197,10,1,0
BRDA:209,11,0,0
BRDA:209,11,1,0
BRDA:231,12,0,0
BRDA:231,13,0,0
BRDA:231,13,1,0
BRDA:231,13,2,0
BRDA:245,14,0,0
BRDA:258,15,0,0
BRDA:279,16,0,0
BRDA:279,16,1,0
BRDA:283,17,0,0
BRDA:302,18,0,0
BRDA:302,18,1,0
BRDA:303,19,0,0
BRDA:303,19,1,0
BRDA:304,20,0,0
BRDA:304,20,1,0
BRDA:324,21,0,0
BRDA:330,22,0,0
BRF:35
BRH:0
end_of_record
TN:
SF:app\api\classes\[id]\route.ts
FN:11,GET
FN:118,PUT
FN:192,DELETE
FN:228,(anonymous_7)
FNF:4
FNH:0
FNDA:0,GET
FNDA:0,PUT
FNDA:0,DELETE
FNDA:0,(anonymous_7)
DA:1,0
DA:2,0
DA:3,0
DA:4,0
DA:11,0
DA:15,0
DA:16,0
DA:18,0
DA:19,0
DA:23,0
DA:24,0
DA:26,0
DA:79,0
DA:80,0
DA:84,0
DA:104,0
DA:109,0
DA:110,0
DA:118,0
DA:122,0
DA:123,0
DA:128,0
DA:129,0
DA:135,0
DA:138,0
DA:139,0
DA:141,0
DA:144,0
DA:151,0
DA:152,0
DA:156,0
DA:181,0
DA:183,0
DA:184,0
DA:192,0
DA:196,0
DA:197,0
DA:202,0
DA:203,0
DA:209,0
DA:212,0
DA:213,0
DA:216,0
DA:223,0
DA:224,0
DA:228,0
DA:230,0
DA:237,0
DA:244,0
DA:251,0
DA:253,0
DA:254,0
LF:52
LH:0
BRDA:18,0,0,0
BRDA:18,1,0,0
BRDA:18,1,1,0
BRDA:18,1,2,0
BRDA:79,2,0,0
BRDA:128,3,0,0
BRDA:128,4,0,0
BRDA:128,4,1,0
BRDA:151,5,0,0
BRDA:202,6,0,0
BRDA:202,7,0,0
BRDA:202,7,1,0
BRDA:223,8,0,0
BRF:13
BRH:0
end_of_record
TN:
SF:app\api\classes\[id]\add-student\route.ts
FN:6,POST
FNF:1
FNH:0
FNDA:0,POST
DA:1,0
DA:2,0
DA:3,0
DA:6,0
DA:10,0
DA:12,0
DA:18,0
DA:19,0
DA:25,0
DA:26,0
DA:29,0
DA:30,0
DA:31,0
DA:32,0
DA:33,0
DA:35,0
DA:46,0
DA:47,0
DA:53,0
DA:54,0
DA:61,0
DA:72,0
DA:73,0
DA:77,0
DA:78,0
DA:79,0
DA:86,0
DA:87,0
DA:94,0
DA:99,0
DA:100,0
DA:104,0
DA:117,0
DA:119,0
DA:120,0
DA:124,0
DA:140,0
DA:148,0
DA:149,0
DA:156,0
DA:158,0
DA:162,0
DA:168,0
DA:181,0
DA:185,0
DA:189,0
DA:195,0
DA:197,0
DA:198,0
LF:49
LH:0
BRDA:18,0,0,0
BRDA:18,1,0,0
BRDA:18,1,1,0
BRDA:18,1,2,0
BRDA:46,2,0,0
BRDA:53,3,0,0
BRDA:72,4,0,0
BRDA:78,5,0,0
BRDA:86,6,0,0
BRDA:86,7,0,0
BRDA:86,7,1,0
BRDA:99,8,0,0
BRDA:117,9,0,0
BRDA:117,10,0,0
BRDA:117,10,1,0
BRDA:121,11,0,0
BRDA:121,11,1,0
BRDA:148,12,0,0
BRDA:156,13,0,0
BRDA:156,14,0,0
BRDA:156,14,1,0
BRDA:173,15,0,0
BRDA:173,15,1,0
BRDA:182,16,0,0
BRDA:182,16,1,0
BRDA:185,17,0,0
BRDA:185,17,1,0
BRDA:185,18,0,0
BRDA:185,18,1,0
BRDA:197,19,0,0
BRDA:197,19,1,0
BRF:31
BRH:0
end_of_record
TN:
SF:app\api\classes\[id]\available-students\route.ts
FN:12,GET
FN:161,(anonymous_2)
FNF:2
FNH:0
FNDA:0,GET
FNDA:0,(anonymous_2)
DA:1,0
DA:2,0
DA:3,0
DA:4,0
DA:12,0
DA:16,0
DA:17,0
DA:19,0
DA:20,0
DA:26,0
DA:27,0
DA:28,0
DA:29,0
DA:31,0
DA:37,0
DA:58,0
DA:59,0
DA:66,0
DA:67,0
DA:69,0
DA:76,0
DA:77,0
DA:80,0
DA:89,0
DA:90,0
DA:92,0
DA:103,0
DA:110,0
DA:111,0
DA:120,0
DA:123,0
DA:161,0
DA:169,0
DA:171,0
DA:175,0
DA:176,0
LF:36
LH:0
BRDA:19,0,0,0
BRDA:19,1,0,0
BRDA:19,1,1,0
BRDA:19,1,2,0
BRDA:58,2,0,0
BRDA:67,3,0,0
BRDA:67,3,1,0
BRDA:76,4,0,0
BRDA:76,4,1,0
BRDA:89,5,0,0
BRDA:89,5,1,0
BRDA:110,6,0,0
BRF:12
BRH:0
end_of_record
TN:
SF:app\api\classes\[id]\detail\route.ts
FN:6,GET
FN:146,(anonymous_2)
FN:163,(anonymous_3)
FN:164,(anonymous_4)
FN:165,(anonymous_5)
FN:206,(anonymous_6)
FN:207,(anonymous_7)
FN:225,(anonymous_8)
FN:235,(anonymous_9)
FNF:9
FNH:0
FNDA:0,GET
FNDA:0,(anonymous_2)
FNDA:0,(anonymous_3)
FNDA:0,(anonymous_4)
FNDA:0,(anonymous_5)
FNDA:0,(anonymous_6)
FNDA:0,(anonymous_7)
FNDA:0,(anonymous_8)
FNDA:0,(anonymous_9)
DA:1,0
DA:2,0
DA:3,0
DA:4,0
DA:6,0
DA:10,0
DA:11,0
DA:12,0
DA:14,0
DA:15,0
DA:18,0
DA:21,0
DA:32,0
DA:33,0
DA:40,0
DA:67,0
DA:68,0
DA:72,0
DA:73,0
DA:78,0
DA:79,0
DA:87,0
DA:117,0
DA:143,0
DA:144,0
DA:146,0
DA:148,0
DA:161,0
DA:163,0
DA:164,0
DA:165,0
DA:170,0
DA:186,0
DA:193,0
DA:194,0
DA:205,0
DA:206,0
DA:207,0
DA:208,0
DA:218,0
DA:225,0
DA:235,0
DA:249,0
DA:251,0
DA:252,0
LF:45
LH:0
BRDA:14,0,0,0
BRDA:14,1,0,0
BRDA:14,1,1,0
BRDA:32,2,0,0
BRDA:67,3,0,0
BRDA:72,4,0,0
BRDA:78,5,0,0
BRDA:78,6,0,0
BRDA:78,6,1,0
BRDA:193,7,0,0
BRDA:193,8,0,0
BRDA:193,8,1,0
BRDA:205,9,0,0
BRF:13
BRH:0
end_of_record
TN:
SF:app\api\classes\[id]\remove-student\route.ts
FN:6,POST
FNF:1
FNH:0
FNDA:0,POST
DA:1,0
DA:2,0
DA:3,0
DA:4,0
DA:6,0
DA:10,0
DA:12,0
DA:13,0
DA:17,0
DA:18,0
DA:21,0
DA:23,0
DA:25,0
DA:32,0
DA:33,0
DA:37,0
DA:38,0
DA:40,0
DA:41,0
DA:48,0
DA:57,0
DA:58,0
DA:62,0
DA:69,0
DA:70,0
DA:77,0
DA:83,0
DA:90,0
DA:94,0
DA:95,0
LF:30
LH:0
BRDA:12,0,0,0
BRDA:17,1,0,0
BRDA:32,2,0,0
BRDA:40,3,0,0
BRDA:57,4,0,0
BRDA:69,5,0,0
BRF:6
BRH:0
end_of_record
TN:
SF:app\api\dashboard\stats\route.ts
FN:7,GET
FNF:1
FNH:0
FNDA:0,GET
DA:1,0
DA:3,0
DA:5,0
DA:7,0
DA:8,0
DA:10,0
DA:11,0
DA:14,0
DA:15,0
DA:16,0
DA:18,0
LF:11
LH:0
BRDA:10,0,0,0
BRDA:10,1,0,0
BRDA:10,1,1,0
BRF:3
BRH:0
end_of_record
TN:
SF:app\api\debug-emails\route.ts
FN:7,GET
FN:35,(anonymous_5)
FN:36,(anonymous_6)
FN:46,(anonymous_7)
FN:69,POST
FNF:5
FNH:0
FNDA:0,GET
FNDA:0,(anonymous_5)
FNDA:0,(anonymous_6)
FNDA:0,(anonymous_7)
FNDA:0,POST
DA:1,0
DA:2,0
DA:3,0
DA:4,0
DA:7,0
DA:9,0
DA:10,0
DA:16,0
DA:19,0
DA:20,0
DA:23,0
DA:24,0
DA:27,0
DA:28,0
DA:29,0
DA:33,0
DA:35,0
DA:38,0
DA:46,0
DA:47,0
DA:48,0
DA:50,0
DA:58,0
DA:60,0
DA:61,0
DA:69,0
DA:71,0
DA:72,0
DA:78,0
DA:81,0
DA:82,0
DA:85,0
DA:86,0
DA:88,0
DA:94,0
DA:100,0
DA:101,0
DA:104,0
DA:105,0
DA:106,0
DA:112,0
DA:113,0
DA:116,0
DA:118,0
DA:120,0
DA:121,0
LF:46
LH:0
BRDA:9,0,0,0
BRDA:19,1,0,0
BRDA:19,2,0,0
BRDA:19,2,1,0
BRDA:27,3,0,0
BRDA:35,4,0,0
BRDA:35,4,1,0
BRDA:71,5,0,0
BRDA:81,6,0,0
BRDA:81,7,0,0
BRDA:81,7,1,0
BRDA:88,8,0,0
BRDA:89,9,0,0
BRDA:89,9,1,0
BRDA:89,9,2,0
BRDA:89,9,3,0
BRDA:105,10,0,0
BRDA:112,11,0,0
BRF:18
BRH:0
end_of_record
TN:
SF:app\api\debug\emails\route.ts
FN:10,GET
FN:37,(anonymous_6)
FN:38,(anonymous_7)
FN:60,(anonymous_8)
FN:76,getEmailConfig
FNF:5
FNH:0
FNDA:0,GET
FNDA:0,(anonymous_6)
FNDA:0,(anonymous_7)
FNDA:0,(anonymous_8)
FNDA:0,getEmailConfig
DA:4,0
DA:5,0
DA:6,0
DA:10,0
DA:12,0
DA:13,0
DA:19,0
DA:20,0
DA:23,0
DA:24,0
DA:25,0
DA:32,0
DA:35,0
DA:37,0
DA:39,0
DA:40,0
DA:43,0
DA:46,0
DA:47,0
DA:49,0
DA:60,0
DA:62,0
DA:67,0
DA:68,0
DA:77,0
DA:80,0
DA:83,0
DA:86,0
DA:89,0
DA:92,0
DA:97,0
DA:100,0
DA:103,0
LF:33
LH:0
BRDA:12,0,0,0
BRDA:23,1,0,0
BRDA:46,2,0,0
BRDA:46,2,1,0
BRDA:47,3,0,0
BRDA:47,3,1,0
BRDA:80,4,0,0
BRDA:80,4,1,0
BRDA:83,5,0,0
BRDA:83,5,1,0
BRDA:86,6,0,0
BRDA:86,6,1,0
BRDA:89,7,0,0
BRDA:89,7,1,0
BRDA:92,8,0,0
BRDA:92,8,1,0
BRDA:97,9,0,0
BRDA:97,9,1,0
BRDA:101,10,0,0
BRDA:101,10,1,0
BRF:20
BRH:0
end_of_record
TN:
SF:app\api\debug\emails\[filename]\route.ts
FN:6,GET
FNF:1
FNH:0
FNDA:0,GET
DA:1,0
DA:2,0
DA:3,0
DA:6,0
DA:11,0
DA:12,0
DA:18,0
DA:21,0
DA:22,0
DA:25,0
DA:26,0
DA:27,0
DA:30,0
DA:31,0
DA:38,0
DA:41,0
DA:47,0
DA:48,0
LF:18
LH:0
BRDA:11,0,0,0
BRDA:21,1,0,0
BRDA:21,2,0,0
BRDA:21,2,1,0
BRDA:21,2,2,0
BRDA:30,3,0,0
BRF:6
BRH:0
end_of_record
TN:
SF:app\api\departments\route.ts
FN:8,GET
FN:54,POST
FN:127,PATCH
FN:227,DELETE
FNF:4
FNH:0
FNDA:0,GET
FNDA:0,POST
FNDA:0,PATCH
FNDA:0,DELETE
DA:1,0
DA:2,0
DA:3,0
DA:4,0
DA:5,0
DA:8,0
DA:9,0
DA:11,0
DA:12,0
DA:15,0
DA:17,0
DA:18,0
DA:24,0
DA:25,0
DA:43,0
DA:45,0
DA:46,0
DA:54,0
DA:55,0
DA:57,0
DA:58,0
DA:61,0
DA:65,0
DA:68,0
DA:70,0
DA:71,0
DA:77,0
DA:78,0
DA:80,0
DA:81,0
DA:88,0
DA:95,0
DA:96,0
DA:102,0
DA:110,0
DA:116,0
DA:118,0
DA:119,0
DA:127,0
DA:128,0
DA:130,0
DA:131,0
DA:134,0
DA:138,0
DA:141,0
DA:143,0
DA:144,0
DA:150,0
DA:151,0
DA:153,0
DA:154,0
DA:160,0
DA:161,0
DA:168,0
DA:175,0
DA:176,0
DA:183,0
DA:193,0
DA:194,0
DA:200,0
DA:210,0
DA:216,0
DA:218,0
DA:219,0
DA:227,0
DA:228,0
DA:230,0
DA:231,0
DA:234,0
DA:238,0
DA:241,0
DA:243,0
DA:244,0
DA:250,0
DA:251,0
DA:253,0
DA:254,0
DA:260,0
DA:262,0
DA:278,0
DA:279,0
DA:286,0
DA:291,0
DA:300,0
DA:306,0
DA:312,0
DA:314,0
DA:315,0
LF:88
LH:0
BRDA:11,0,0,0
BRDA:17,1,0,0
BRDA:57,2,0,0
BRDA:61,3,0,0
BRDA:62,4,0,0
BRDA:62,4,1,0
BRDA:70,5,0,0
BRDA:80,6,0,0
BRDA:95,7,0,0
BRDA:130,8,0,0
BRDA:134,9,0,0
BRDA:135,10,0,0
BRDA:135,10,1,0
BRDA:143,11,0,0
BRDA:153,12,0,0
BRDA:160,13,0,0
BRDA:175,14,0,0
BRDA:193,15,0,0
BRDA:230,16,0,0
BRDA:234,17,0,0
BRDA:235,18,0,0
BRDA:235,18,1,0
BRDA:243,19,0,0
BRDA:253,20,0,0
BRDA:278,21,0,0
BRDA:286,22,0,0
BRDA:287,23,0,0
BRDA:287,23,1,0
BRDA:287,23,2,0
BRF:29
BRH:0
end_of_record
TN:
SF:app\api\departments\[id]\route.ts
FN:7,serializeBigInts
FN:17,(anonymous_6)
FN:32,GET
FN:97,PUT
FN:151,DELETE
FN:232,PATCH
FNF:6
FNH:0
FNDA:0,serializeBigInts
FNDA:0,(anonymous_6)
FNDA:0,GET
FNDA:0,PUT
FNDA:0,DELETE
FNDA:0,PATCH
DA:1,0
DA:2,0
DA:3,0
DA:4,0
DA:8,0
DA:9,0
DA:12,0
DA:13,0
DA:16,0
DA:17,0
DA:20,0
DA:21,0
DA:22,0
DA:23,0
DA:25,0
DA:28,0
DA:32,0
DA:36,0
DA:37,0
DA:38,0
DA:40,0
DA:41,0
DA:44,0
DA:46,0
DA:47,0
DA:54,0
DA:70,0
DA:71,0
DA:78,0
DA:83,0
DA:87,0
DA:89,0
DA:90,0
DA:97,0
DA:101,0
DA:102,0
DA:103,0
DA:105,0
DA:106,0
DA:109,0
DA:113,0
DA:116,0
DA:118,0
DA:119,0
DA:122,0
DA:141,0
DA:143,0
DA:144,0
DA:151,0
DA:155,0
DA:156,0
DA:157,0
DA:159,0
DA:160,0
DA:163,0
DA:167,0
DA:170,0
DA:173,0
DA:189,0
DA:190,0
DA:197,0
DA:202,0
DA:212,0
DA:219,0
DA:224,0
DA:225,0
DA:232,0
DA:236,0
DA:237,0
DA:239,0
DA:243,0
DA:246,0
DA:247,0
DA:248,0
DA:249,0
DA:252,0
DA:253,0
DA:260,0
DA:267,0
DA:268,0
DA:275,0
DA:295,0
DA:297,0
DA:298,0
LF:84
LH:0
BRDA:8,0,0,0
BRDA:8,1,0,0
BRDA:8,1,1,0
BRDA:12,2,0,0
BRDA:16,3,0,0
BRDA:20,4,0,0
BRDA:40,5,0,0
BRDA:46,6,0,0
BRDA:70,7,0,0
BRDA:78,8,0,0
BRDA:79,9,0,0
BRDA:79,9,1,0
BRDA:79,9,2,0
BRDA:105,10,0,0
BRDA:109,11,0,0
BRDA:110,12,0,0
BRDA:110,12,1,0
BRDA:118,13,0,0
BRDA:159,14,0,0
BRDA:163,15,0,0
BRDA:164,16,0,0
BRDA:164,16,1,0
BRDA:189,17,0,0
BRDA:197,18,0,0
BRDA:198,19,0,0
BRDA:198,19,1,0
BRDA:198,19,2,0
BRDA:239,20,0,0
BRDA:240,21,0,0
BRDA:240,21,1,0
BRDA:240,21,2,0
BRDA:252,22,0,0
BRDA:267,23,0,0
BRF:33
BRH:0
end_of_record
TN:
SF:app\api\departments\[id]\students\route.ts
FN:19,GET
FN:87,(anonymous_4)
FN:93,(anonymous_5)
FN:110,POST
FN:158,(anonymous_7)
FNF:5
FNH:0
FNDA:0,GET
FNDA:0,(anonymous_4)
FNDA:0,(anonymous_5)
FNDA:0,POST
FNDA:0,(anonymous_7)
DA:1,0
DA:2,0
DA:3,0
DA:19,0
DA:23,0
DA:25,0
DA:26,0
DA:29,0
DA:31,0
DA:32,0
DA:35,0
DA:37,0
DA:38,0
DA:45,0
DA:52,0
DA:53,0
DA:60,0
DA:87,0
DA:93,0
DA:100,0
DA:102,0
DA:103,0
DA:110,0
DA:114,0
DA:116,0
DA:120,0
DA:123,0
DA:124,0
DA:125,0
DA:126,0
DA:128,0
DA:129,0
DA:135,0
DA:136,0
DA:143,0
DA:150,0
DA:151,0
DA:158,0
DA:159,0
DA:172,0
DA:174,0
DA:179,0
DA:180,0
LF:43
LH:0
BRDA:25,0,0,0
BRDA:31,1,0,0
BRDA:37,2,0,0
BRDA:52,3,0,0
BRDA:116,4,0,0
BRDA:117,5,0,0
BRDA:117,5,1,0
BRDA:117,5,2,0
BRDA:128,6,0,0
BRDA:135,7,0,0
BRDA:135,8,0,0
BRDA:135,8,1,0
BRDA:135,8,2,0
BRDA:150,9,0,0
BRF:14
BRH:0
end_of_record
TN:
SF:app\api\events\route.ts
FN:5,GET
FN:40,POST
FNF:2
FNH:0
FNDA:0,GET
FNDA:0,POST
DA:1,0
DA:2,0
DA:3,0
DA:5,0
DA:6,0
DA:7,0
DA:9,0
DA:10,0
DA:13,0
DA:14,0
DA:17,0
DA:18,0
DA:22,0
DA:33,0
DA:35,0
DA:36,0
DA:40,0
DA:41,0
DA:42,0
DA:44,0
DA:45,0
DA:48,0
DA:49,0
DA:52,0
DA:53,0
DA:57,0
DA:59,0
DA:60,0
DA:64,0
DA:76,0
DA:78,0
DA:79,0
LF:32
LH:0
BRDA:9,0,0,0
BRDA:14,1,0,0
BRDA:14,1,1,0
BRDA:14,2,0,0
BRDA:14,2,1,0
BRDA:17,3,0,0
BRDA:26,4,0,0
BRDA:26,4,1,0
BRDA:26,5,0,0
BRDA:26,5,1,0
BRDA:44,6,0,0
BRDA:44,7,0,0
BRDA:44,7,1,0
BRDA:44,7,2,0
BRDA:52,8,0,0
BRDA:52,9,0,0
BRDA:52,9,1,0
BRDA:57,10,0,0
BRDA:57,10,1,0
BRDA:57,11,0,0
BRDA:57,11,1,0
BRDA:59,12,0,0
BRDA:69,13,0,0
BRDA:69,13,1,0
BRDA:71,14,0,0
BRDA:71,14,1,0
BRF:26
BRH:0
end_of_record
TN:
SF:app\api\events\[id]\route.ts
FN:5,GET
FN:46,PUT
FN:114,DELETE
FNF:3
FNH:0
FNDA:0,GET
FNDA:0,PUT
FNDA:0,DELETE
DA:1,0
DA:2,0
DA:3,0
DA:5,0
DA:9,0
DA:10,0
DA:11,0
DA:13,0
DA:14,0
DA:17,0
DA:19,0
DA:23,0
DA:24,0
DA:28,0
DA:33,0
DA:36,0
DA:38,0
DA:39,0
DA:46,0
DA:50,0
DA:51,0
DA:52,0
DA:54,0
DA:58,0
DA:61,0
DA:62,0
DA:71,0
DA:74,0
DA:78,0
DA:79,0
DA:83,0
DA:87,0
DA:91,0
DA:104,0
DA:106,0
DA:107,0
DA:114,0
DA:118,0
DA:119,0
DA:120,0
DA:122,0
DA:126,0
DA:129,0
DA:132,0
DA:136,0
DA:137,0
DA:141,0
DA:145,0
DA:149,0
DA:153,0
DA:155,0
DA:156,0
LF:52
LH:0
BRDA:13,0,0,0
BRDA:23,1,0,0
BRDA:28,2,0,0
BRDA:29,3,0,0
BRDA:29,3,1,0
BRDA:29,3,2,0
BRDA:29,3,3,0
BRDA:54,4,0,0
BRDA:55,5,0,0
BRDA:55,5,1,0
BRDA:55,5,2,0
BRDA:78,6,0,0
BRDA:83,7,0,0
BRDA:84,8,0,0
BRDA:84,8,1,0
BRDA:96,9,0,0
BRDA:96,9,1,0
BRDA:97,10,0,0
BRDA:97,10,1,0
BRDA:99,11,0,0
BRDA:99,11,1,0
BRDA:100,12,0,0
BRDA:100,12,1,0
BRDA:100,13,0,0
BRDA:100,13,1,0
BRDA:122,14,0,0
BRDA:123,15,0,0
BRDA:123,15,1,0
BRDA:123,15,2,0
BRDA:136,16,0,0
BRDA:141,17,0,0
BRDA:142,18,0,0
BRDA:142,18,1,0
BRF:33
BRH:0
end_of_record
TN:
SF:app\api\events\upcoming\route.ts
FN:6,GET
FN:20,(anonymous_3)
FNF:2
FNH:0
FNDA:0,GET
FNDA:0,(anonymous_3)
DA:1,0
DA:2,0
DA:3,0
DA:4,0
DA:6,0
DA:7,0
DA:8,0
DA:10,0
DA:11,0
DA:14,0
DA:15,0
DA:16,0
DA:18,0
DA:20,0
DA:50,0
DA:52,0
DA:53,0
LF:17
LH:0
BRDA:10,0,0,0
BRDA:15,1,0,0
BRDA:15,1,1,0
BRDA:16,2,0,0
BRDA:16,2,1,0
BRDA:36,3,0,0
BRDA:36,3,1,0
BRF:7
BRH:0
end_of_record
TN:
SF:app\api\parent-students\route.ts
FN:5,POST
FN:119,(anonymous_4)
FN:133,(anonymous_5)
FN:180,GET
FN:296,(anonymous_7)
FNF:5
FNH:0
FNDA:0,POST
FNDA:0,(anonymous_4)
FNDA:0,(anonymous_5)
FNDA:0,GET
FNDA:0,(anonymous_7)
DA:1,0
DA:2,0
DA:3,0
DA:5,0
DA:6,0
DA:8,0
DA:9,0
DA:10,0
DA:19,0
DA:24,0
DA:33,0
DA:34,0
DA:37,0
DA:43,0
DA:53,0
DA:63,0
DA:64,0
DA:69,0
DA:70,0
DA:79,0
DA:83,0
DA:87,0
DA:96,0
DA:107,0
DA:108,0
DA:118,0
DA:119,0
DA:122,0
DA:123,0
DA:132,0
DA:135,0
DA:142,0
DA:144,0
DA:145,0
DA:150,0
DA:154,0
DA:164,0
DA:170,0
DA:171,0
DA:180,0
DA:181,0
DA:183,0
DA:184,0
DA:185,0
DA:194,0
DA:195,0
DA:198,0
DA:199,0
DA:206,0
DA:216,0
DA:217,0
DA:222,0
DA:223,0
DA:231,0
DA:234,0
DA:240,0
DA:249,0
DA:253,0
DA:262,0
DA:272,0
DA:296,0
DA:299,0
DA:303,0
DA:312,0
DA:316,0
DA:317,0
LF:66
LH:0
BRDA:9,0,0,0
BRDA:19,1,0,0
BRDA:20,2,0,0
BRDA:20,2,1,0
BRDA:20,2,2,0
BRDA:37,3,0,0
BRDA:38,4,0,0
BRDA:38,4,1,0
BRDA:38,4,2,0
BRDA:38,4,3,0
BRDA:63,5,0,0
BRDA:69,6,0,0
BRDA:83,7,0,0
BRDA:84,8,0,0
BRDA:84,8,1,0
BRDA:107,9,0,0
BRDA:122,10,0,0
BRDA:142,11,0,0
BRDA:144,12,0,0
BRDA:184,13,0,0
BRDA:198,14,0,0
BRDA:216,15,0,0
BRDA:222,16,0,0
BRDA:234,17,0,0
BRDA:235,18,0,0
BRDA:235,18,1,0
BRDA:235,18,2,0
BRDA:235,18,3,0
BRDA:249,19,0,0
BRDA:250,20,0,0
BRDA:250,20,1,0
BRDA:250,20,2,0
BRDA:262,21,0,0
BRDA:262,21,1,0
BRDA:281,22,0,0
BRDA:281,22,1,0
BRDA:299,23,0,0
BRDA:299,23,1,0
BRDA:299,24,0,0
BRDA:299,24,1,0
BRDA:305,25,0,0
BRDA:305,25,1,0
BRDA:307,26,0,0
BRDA:307,26,1,0
BRF:44
BRH:0
end_of_record
TN:
SF:app\api\parent-students\[id]\route.ts
FN:6,DELETE
FNF:1
FNH:0
FNDA:0,DELETE
DA:1,0
DA:2,0
DA:3,0
DA:4,0
DA:6,0
DA:10,0
DA:12,0
DA:14,0
DA:15,0
DA:22,0
DA:23,0
DA:24,0
DA:33,0
DA:49,0
DA:50,0
DA:57,0
DA:60,0
DA:66,0
DA:75,0
DA:80,0
DA:89,0
DA:93,0
DA:95,0
DA:96,0
LF:24
LH:0
BRDA:14,0,0,0
BRDA:23,1,0,0
BRDA:49,2,0,0
BRDA:60,3,0,0
BRDA:61,4,0,0
BRDA:61,4,1,0
BRDA:61,4,2,0
BRDA:61,4,3,0
BRDA:75,5,0,0
BRDA:76,6,0,0
BRDA:76,6,1,0
BRDA:76,6,2,0
BRF:12
BRH:0
end_of_record
TN:
SF:app\api\parents\route.ts
FN:16,isAllowedRole
FN:36,GET
FN:50,(anonymous_9)
FN:88,(anonymous_10)
FN:108,(anonymous_11)
FN:141,POST
FN:185,(anonymous_13)
FN:218,(anonymous_14)
FN:239,(anonymous_15)
FNF:9
FNH:0
FNDA:0,isAllowedRole
FNDA:0,GET
FNDA:0,(anonymous_9)
FNDA:0,(anonymous_10)
FNDA:0,(anonymous_11)
FNDA:0,POST
FNDA:0,(anonymous_13)
FNDA:0,(anonymous_14)
FNDA:0,(anonymous_15)
DA:1,0
DA:2,0
DA:4,0
DA:5,0
DA:6,0
DA:7,0
DA:8,0
DA:9,0
DA:10,0
DA:12,0
DA:17,0
DA:21,0
DA:36,0
DA:37,0
DA:38,0
DA:40,0
DA:41,0
DA:45,0
DA:46,0
DA:50,0
DA:51,0
DA:82,0
DA:87,0
DA:88,0
DA:89,0
DA:99,0
DA:100,0
DA:108,0
DA:120,0
DA:126,0
DA:131,0
DA:134,0
DA:135,0
DA:137,0
DA:141,0
DA:142,0
DA:143,0
DA:145,0
DA:146,0
DA:150,0
DA:151,0
DA:154,0
DA:155,0
DA:158,0
DA:182,0
DA:185,0
DA:186,0
DA:192,0
DA:193,0
DA:206,0
DA:209,0
DA:213,0
DA:214,0
DA:218,0
DA:219,0
DA:226,0
DA:227,0
DA:228,0
DA:229,0
DA:230,0
DA:231,0
DA:232,0
DA:234,0
DA:239,0
DA:241,0
DA:253,0
DA:266,0
DA:270,0
DA:276,0
DA:277,0
DA:278,0
DA:282,0
DA:290,0
DA:293,0
DA:294,0
DA:298,0
DA:309,0
DA:310,0
DA:314,0
DA:315,0
DA:322,0
DA:326,0
DA:338,0
LF:83
LH:0
BRDA:40,0,0,0
BRDA:45,1,0,0
BRDA:55,2,0,0
BRDA:55,2,1,0
BRDA:87,3,0,0
BRDA:99,4,0,0
BRDA:99,5,0,0
BRDA:99,5,1,0
BRDA:116,6,0,0
BRDA:116,6,1,0
BRDA:134,7,0,0
BRDA:145,8,0,0
BRDA:150,9,0,0
BRDA:192,10,0,0
BRDA:206,11,0,0
BRDA:206,11,1,0
BRDA:209,12,0,0
BRDA:209,12,1,0
BRDA:210,13,0,0
BRDA:210,13,1,0
BRDA:213,14,0,0
BRDA:227,15,0,0
BRDA:227,16,0,0
BRDA:227,16,1,0
BRDA:256,17,0,0
BRDA:256,17,1,0
BRDA:257,18,0,0
BRDA:257,18,1,0
BRDA:258,19,0,0
BRDA:258,19,1,0
BRDA:259,20,0,0
BRDA:259,20,1,0
BRDA:260,21,0,0
BRDA:260,21,1,0
BRDA:261,22,0,0
BRDA:261,22,1,0
BRDA:262,23,0,0
BRDA:262,23,1,0
BRDA:270,24,0,0
BRDA:278,25,0,0
BRDA:278,25,1,0
BRDA:280,26,0,0
BRDA:280,26,1,0
BRDA:287,27,0,0
BRDA:287,27,1,0
BRDA:293,28,0,0
BRDA:309,29,0,0
BRDA:314,30,0,0
BRDA:322,31,0,0
BRDA:323,32,0,0
BRDA:323,32,1,0
BRF:51
BRH:0
end_of_record
TN:
SF:app\api\parents\[id]\route.ts
FN:10,GET
FN:125,(anonymous_5)
FN:141,(anonymous_6)
FN:189,PATCH
FN:319,(anonymous_8)
FN:389,DELETE
FNF:6
FNH:0
FNDA:0,GET
FNDA:0,(anonymous_5)
FNDA:0,(anonymous_6)
FNDA:0,PATCH
FNDA:0,(anonymous_8)
FNDA:0,DELETE
DA:1,0
DA:2,0
DA:3,0
DA:4,0
DA:5,0
DA:6,0
DA:7,0
DA:10,0
DA:14,0
DA:15,0
DA:16,0
DA:17,0
DA:18,0
DA:22,0
DA:78,0
DA:79,0
DA:83,0
DA:87,0
DA:91,0
DA:125,0
DA:127,0
DA:131,0
DA:141,0
DA:155,0
DA:173,0
DA:178,0
DA:181,0
DA:182,0
DA:184,0
DA:189,0
DA:193,0
DA:194,0
DA:195,0
DA:197,0
DA:203,0
DA:207,0
DA:224,0
DA:225,0
DA:229,0
DA:233,0
DA:236,0
DA:239,0
DA:240,0
DA:241,0
DA:242,0
DA:243,0
DA:244,0
DA:245,0
DA:246,0
DA:247,0
DA:248,0
DA:249,0
DA:252,0
DA:253,0
DA:257,0
DA:258,0
DA:267,0
DA:268,0
DA:275,0
DA:281,0
DA:282,0
DA:286,0
DA:287,0
DA:288,0
DA:289,0
DA:292,0
DA:293,0
DA:296,0
DA:300,0
DA:303,0
DA:306,0
DA:309,0
DA:310,0
DA:312,0
DA:319,0
DA:321,0
DA:341,0
DA:343,0
DA:359,0
DA:363,0
DA:373,0
DA:378,0
DA:381,0
DA:382,0
DA:384,0
DA:389,0
DA:393,0
DA:394,0
DA:395,0
DA:397,0
DA:403,0
DA:407,0
DA:418,0
DA:419,0
DA:423,0
DA:427,0
DA:431,0
DA:436,0
DA:443,0
DA:444,0
DA:449,0
DA:452,0
DA:453,0
DA:455,0
LF:104
LH:0
BRDA:17,0,0,0
BRDA:78,1,0,0
BRDA:83,2,0,0
BRDA:84,3,0,0
BRDA:84,3,1,0
BRDA:127,4,0,0
BRDA:127,4,1,0
BRDA:127,5,0,0
BRDA:127,5,1,0
BRDA:132,6,0,0
BRDA:132,6,1,0
BRDA:141,7,0,0
BRDA:141,7,1,0
BRDA:147,8,0,0
BRDA:147,8,1,0
BRDA:181,9,0,0
BRDA:197,10,0,0
BRDA:198,11,0,0
BRDA:198,11,1,0
BRDA:224,12,0,0
BRDA:229,13,0,0
BRDA:230,14,0,0
BRDA:230,14,1,0
BRDA:252,15,0,0
BRDA:252,16,0,0
BRDA:252,16,1,0
BRDA:257,17,0,0
BRDA:267,18,0,0
BRDA:267,19,0,0
BRDA:267,19,1,0
BRDA:281,20,0,0
BRDA:281,21,0,0
BRDA:281,21,1,0
BRDA:286,22,0,0
BRDA:286,23,0,0
BRDA:286,23,1,0
BRDA:309,24,0,0
BRDA:341,25,0,0
BRDA:348,26,0,0
BRDA:348,26,1,0
BRDA:349,27,0,0
BRDA:349,27,1,0
BRDA:350,28,0,0
BRDA:350,28,1,0
BRDA:351,29,0,0
BRDA:351,29,1,0
BRDA:352,30,0,0
BRDA:352,30,1,0
BRDA:353,31,0,0
BRDA:353,31,1,0
BRDA:354,32,0,0
BRDA:354,32,1,0
BRDA:381,33,0,0
BRDA:397,34,0,0
BRDA:398,35,0,0
BRDA:398,35,1,0
BRDA:418,36,0,0
BRDA:423,37,0,0
BRDA:424,38,0,0
BRDA:424,38,1,0
BRDA:452,39,0,0
BRF:61
BRH:0
end_of_record
TN:
SF:app\api\parents\[id]\link-student\route.ts
FN:6,POST
FN:110,DELETE
FNF:2
FNH:0
FNDA:0,POST
FNDA:0,DELETE
DA:1,0
DA:2,0
DA:3,0
DA:4,0
DA:6,0
DA:10,0
DA:11,0
DA:12,0
DA:16,0
DA:20,0
DA:30,0
DA:31,0
DA:35,0
DA:39,0
DA:42,0
DA:44,0
DA:45,0
DA:49,0
DA:58,0
DA:59,0
DA:62,0
DA:63,0
DA:70,0
DA:76,0
DA:77,0
DA:83,0
DA:97,0
DA:105,0
DA:106,0
DA:110,0
DA:114,0
DA:115,0
DA:116,0
DA:117,0
DA:120,0
DA:122,0
DA:123,0
DA:127,0
DA:134,0
DA:135,0
DA:138,0
DA:140,0
DA:141,0
LF:43
LH:0
BRDA:12,0,0,0
BRDA:13,1,0,0
BRDA:13,1,1,0
BRDA:30,2,0,0
BRDA:35,3,0,0
BRDA:36,4,0,0
BRDA:36,4,1,0
BRDA:44,5,0,0
BRDA:58,6,0,0
BRDA:62,7,0,0
BRDA:76,8,0,0
BRDA:116,9,0,0
BRDA:116,10,0,0
BRDA:116,10,1,0
BRDA:122,11,0,0
BRDA:134,12,0,0
BRF:16
BRH:0
end_of_record
TN:
SF:app\api\parents\[id]\students\route.ts
FN:14,POST
FN:180,DELETE
FNF:2
FNH:0
FNDA:0,POST
FNDA:0,DELETE
DA:1,0
DA:2,0
DA:3,0
DA:4,0
DA:5,0
DA:8,0
DA:14,0
DA:18,0
DA:19,0
DA:20,0
DA:21,0
DA:27,0
DA:31,0
DA:47,0
DA:48,0
DA:52,0
DA:56,0
DA:60,0
DA:61,0
DA:64,0
DA:80,0
DA:81,0
DA:84,0
DA:85,0
DA:92,0
DA:103,0
DA:104,0
DA:110,0
DA:142,0
DA:144,0
DA:147,0
DA:157,0
DA:162,0
DA:164,0
DA:165,0
DA:172,0
DA:173,0
DA:176,0
DA:180,0
DA:184,0
DA:185,0
DA:186,0
DA:187,0
DA:193,0
DA:196,0
DA:197,0
DA:199,0
DA:200,0
DA:204,0
DA:220,0
DA:221,0
DA:225,0
DA:229,0
DA:233,0
DA:238,0
DA:239,0
DA:244,0
DA:247,0
DA:248,0
DA:251,0
LF:60
LH:0
BRDA:21,0,0,0
BRDA:22,1,0,0
BRDA:22,1,1,0
BRDA:22,1,2,0
BRDA:22,1,3,0
BRDA:47,2,0,0
BRDA:52,3,0,0
BRDA:53,4,0,0
BRDA:53,4,1,0
BRDA:80,5,0,0
BRDA:84,6,0,0
BRDA:103,7,0,0
BRDA:142,8,0,0
BRDA:142,8,1,0
BRDA:144,9,0,0
BRDA:144,9,1,0
BRDA:164,10,0,0
BRDA:172,11,0,0
BRDA:187,12,0,0
BRDA:188,13,0,0
BRDA:188,13,1,0
BRDA:188,13,2,0
BRDA:188,13,3,0
BRDA:199,14,0,0
BRDA:220,15,0,0
BRDA:225,16,0,0
BRDA:226,17,0,0
BRDA:226,17,1,0
BRDA:247,18,0,0
BRF:29
BRH:0
end_of_record
TN:
SF:app\api\parents\[id]\students\[studentId]\route.ts
FN:6,DELETE
FNF:1
FNH:0
FNDA:0,DELETE
DA:1,0
DA:2,0
DA:3,0
DA:4,0
DA:6,0
DA:10,0
DA:11,0
DA:12,0
DA:14,0
DA:20,0
DA:24,0
DA:27,0
DA:44,0
DA:45,0
DA:49,0
DA:50,0
DA:54,0
DA:58,0
DA:62,0
DA:67,0
DA:68,0
DA:73,0
DA:76,0
DA:77,0
DA:80,0
LF:25
LH:0
BRDA:14,0,0,0
BRDA:15,1,0,0
BRDA:15,1,1,0
BRDA:15,1,2,0
BRDA:15,1,3,0
BRDA:44,2,0,0
BRDA:49,3,0,0
BRDA:54,4,0,0
BRDA:55,5,0,0
BRDA:55,5,1,0
BRDA:76,6,0,0
BRF:11
BRH:0
end_of_record
TN:
SF:app\api\payment-accounts\route.ts
FN:6,GET
FN:41,POST
FNF:2
FNH:0
FNDA:0,GET
FNDA:0,POST
DA:1,0
DA:2,0
DA:3,0
DA:6,0
DA:7,0
DA:8,0
DA:9,0
DA:10,0
DA:13,0
DA:18,0
DA:19,0
DA:25,0
DA:30,0
DA:32,0
DA:33,0
DA:41,0
DA:42,0
DA:43,0
DA:44,0
DA:45,0
DA:48,0
DA:53,0
DA:54,0
DA:60,0
DA:61,0
DA:63,0
DA:64,0
DA:70,0
DA:81,0
DA:83,0
DA:84,0
LF:31
LH:0
BRDA:9,0,0,0
BRDA:18,1,0,0
BRDA:18,2,0,0
BRDA:18,2,1,0
BRDA:18,2,2,0
BRDA:44,3,0,0
BRDA:53,4,0,0
BRDA:53,5,0,0
BRDA:53,5,1,0
BRDA:53,5,2,0
BRDA:63,6,0,0
BRDA:63,7,0,0
BRDA:63,7,1,0
BRDA:63,7,2,0
BRF:14
BRH:0
end_of_record
TN:
SF:app\api\payment-requests\route.ts
FN:19,GET
FN:71,(anonymous_4)
FN:146,POST
FN:240,(anonymous_6)
FNF:4
FNH:0
FNDA:0,GET
FNDA:0,(anonymous_4)
FNDA:0,POST
FNDA:0,(anonymous_6)
DA:1,0
DA:2,0
DA:3,0
DA:5,0
DA:6,0
DA:9,0
DA:19,0
DA:20,0
DA:22,0
DA:23,0
DA:24,0
DA:28,0
DA:29,0
DA:30,0
DA:33,0
DA:42,0
DA:43,0
DA:47,0
DA:50,0
DA:53,0
DA:55,0
DA:56,0
DA:59,0
DA:61,0
DA:70,0
DA:71,0
DA:74,0
DA:75,0
DA:76,0
DA:84,0
DA:86,0
DA:90,0
DA:92,0
DA:96,0
DA:135,0
DA:137,0
DA:138,0
DA:146,0
DA:147,0
DA:149,0
DA:150,0
DA:151,0
DA:155,0
DA:168,0
DA:169,0
DA:176,0
DA:177,0
DA:179,0
DA:180,0
DA:190,0
DA:193,0
DA:200,0
DA:206,0
DA:207,0
DA:214,0
DA:224,0
DA:225,0
DA:231,0
DA:232,0
DA:239,0
DA:240,0
DA:244,0
DA:246,0
DA:247,0
DA:254,0
DA:278,0
DA:286,0
DA:287,0
LF:68
LH:0
BRDA:23,0,0,0
BRDA:23,1,0,0
BRDA:23,1,1,0
BRDA:42,2,0,0
BRDA:47,3,0,0
BRDA:47,3,1,0
BRDA:47,3,2,0
BRDA:55,4,0,0
BRDA:59,5,0,0
BRDA:59,5,1,0
BRDA:59,6,0,0
BRDA:59,6,1,0
BRDA:74,7,0,0
BRDA:74,7,1,0
BRDA:75,8,0,0
BRDA:90,9,0,0
BRDA:150,10,0,0
BRDA:150,11,0,0
BRDA:150,11,1,0
BRDA:168,12,0,0
BRDA:168,13,0,0
BRDA:168,13,1,0
BRDA:168,13,2,0
BRDA:179,14,0,0
BRDA:206,15,0,0
BRDA:224,16,0,0
BRDA:231,17,0,0
BRDA:246,18,0,0
BRDA:258,19,0,0
BRDA:258,19,1,0
BRDA:259,20,0,0
BRDA:259,20,1,0
BRF:32
BRH:0
end_of_record
TN:
SF:app\api\payment-requests\[id]\process\route.ts
FN:15,PUT
FN:132,updateBillAssignmentStatus
FN:146,(anonymous_5)
FN:167,POST
FN:190,(anonymous_7)
FNF:5
FNH:0
FNDA:0,PUT
FNDA:0,updateBillAssignmentStatus
FNDA:0,(anonymous_5)
FNDA:0,POST
FNDA:0,(anonymous_7)
DA:1,0
DA:2,0
DA:4,0
DA:5,0
DA:9,0
DA:15,0
DA:19,0
DA:20,0
DA:21,0
DA:22,0
DA:25,0
DA:30,0
DA:31,0
DA:37,0
DA:38,0
DA:40,0
DA:41,0
DA:48,0
DA:57,0
DA:58,0
DA:64,0
DA:65,0
DA:71,0
DA:72,0
DA:79,0
DA:99,0
DA:101,0
DA:110,0
DA:118,0
DA:121,0
DA:123,0
DA:124,0
DA:134,0
DA:142,0
DA:145,0
DA:146,0
DA:152,0
DA:153,0
DA:154,0
DA:155,0
DA:157,0
DA:161,0
DA:167,0
DA:171,0
DA:173,0
DA:174,0
DA:175,0
DA:179,0
DA:190,0
DA:191,0
DA:198,0
DA:199,0
DA:200,0
DA:207,0
DA:208,0
DA:210,0
DA:211,0
DA:220,0
DA:223,0
DA:250,0
DA:251,0
DA:258,0
DA:259,0
DA:266,0
DA:269,0
DA:322,0
DA:323,0
DA:358,0
DA:360,0
DA:361,0
LF:70
LH:0
BRDA:21,0,0,0
BRDA:30,1,0,0
BRDA:30,2,0,0
BRDA:30,2,1,0
BRDA:30,2,2,0
BRDA:40,3,0,0
BRDA:40,4,0,0
BRDA:40,4,1,0
BRDA:57,5,0,0
BRDA:64,6,0,0
BRDA:71,7,0,0
BRDA:99,8,0,0
BRDA:142,9,0,0
BRDA:152,10,0,0
BRDA:152,10,1,0
BRDA:154,11,0,0
BRDA:154,11,1,0
BRDA:174,12,0,0
BRDA:174,13,0,0
BRDA:174,13,1,0
BRDA:190,14,0,0
BRDA:190,15,0,0
BRDA:190,15,1,0
BRDA:199,16,0,0
BRDA:210,17,0,0
BRDA:250,18,0,0
BRDA:258,19,0,0
BRDA:266,20,0,0
BRDA:266,20,1,0
BRDA:273,21,0,0
BRDA:273,21,1,0
BRDA:322,22,0,0
BRF:32
BRH:0
end_of_record
TN:
SF:app\api\payments\create\route.ts
FN:11,POST
FN:27,(anonymous_2)
FN:82,(anonymous_3)
FN:91,(anonymous_4)
FNF:4
FNH:0
FNDA:0,POST
FNDA:0,(anonymous_2)
FNDA:0,(anonymous_3)
FNDA:0,(anonymous_4)
DA:1,0
DA:2,0
DA:3,0
DA:4,0
DA:5,0
DA:11,0
DA:12,0
DA:13,0
DA:14,0
DA:15,0
DA:18,0
DA:19,0
DA:21,0
DA:23,0
DA:24,0
DA:27,0
DA:28,0
DA:34,0
DA:35,0
DA:39,0
DA:41,0
DA:56,0
DA:57,0
DA:68,0
DA:72,0
DA:73,0
DA:75,0
DA:76,0
DA:78,0
DA:79,0
DA:82,0
DA:83,0
DA:89,0
DA:90,0
DA:91,0
DA:92,0
DA:97,0
DA:100,0
DA:117,0
DA:118,0
DA:136,0
DA:139,0
DA:141,0
DA:142,0
DA:144,0
LF:45
LH:0
BRDA:14,0,0,0
BRDA:21,1,0,0
BRDA:21,1,1,0
BRDA:23,2,0,0
BRDA:23,3,0,0
BRDA:23,3,1,0
BRDA:34,4,0,0
BRDA:56,5,0,0
BRDA:72,6,0,0
BRDA:75,7,0,0
BRDA:75,8,0,0
BRDA:75,8,1,0
BRDA:78,9,0,0
BRDA:90,10,0,0
BRDA:97,11,0,0
BRDA:97,11,1,0
BRDA:104,12,0,0
BRDA:104,12,1,0
BRDA:110,13,0,0
BRDA:110,13,1,0
BRDA:111,14,0,0
BRDA:111,14,1,0
BRDA:117,15,0,0
BRDA:117,16,0,0
BRDA:117,16,1,0
BRDA:141,17,0,0
BRDA:141,17,1,0
BRDA:141,17,2,0
BRDA:142,18,0,0
BRDA:142,18,1,0
BRDA:146,19,0,0
BRDA:146,19,1,0
BRDA:146,20,0,0
BRDA:146,20,1,0
BRF:34
BRH:0
end_of_record
TN:
SF:app\api\payments\receipt\[reference]\route.ts
FN:9,GET
FNF:1
FNH:0
FNDA:0,GET
DA:1,0
DA:2,0
DA:3,0
DA:9,0
DA:13,0
DA:14,0
DA:15,0
DA:16,0
DA:19,0
DA:21,0
DA:42,0
DA:43,0
DA:47,0
DA:48,0
DA:51,0
DA:52,0
DA:53,0
DA:59,0
DA:62,0
DA:63,0
DA:67,0
DA:68,0
DA:69,0
DA:73,0
DA:76,0
DA:97,0
DA:98,0
LF:27
LH:0
BRDA:15,0,0,0
BRDA:42,1,0,0
BRDA:47,2,0,0
BRDA:47,2,1,0
BRDA:48,3,0,0
BRDA:48,3,1,0
BRDA:52,4,0,0
BRDA:62,5,0,0
BRDA:62,6,0,0
BRDA:62,6,1,0
BRDA:62,6,2,0
BRDA:62,6,3,0
BRDA:68,7,0,0
BRDA:73,8,0,0
BRDA:79,9,0,0
BRDA:79,9,1,0
BRDA:85,10,0,0
BRDA:85,10,1,0
BRF:18
BRH:0
end_of_record
TN:
SF:app\api\payments\verify\route.ts
FN:12,GET
FN:100,(anonymous_2)
FN:135,(anonymous_3)
FN:136,(anonymous_4)
FN:187,(anonymous_5)
FNF:5
FNH:0
FNDA:0,GET
FNDA:0,(anonymous_2)
FNDA:0,(anonymous_3)
FNDA:0,(anonymous_4)
FNDA:0,(anonymous_5)
DA:1,0
DA:2,0
DA:3,0
DA:4,0
DA:5,0
DA:12,0
DA:13,0
DA:14,0
DA:15,0
DA:17,0
DA:18,0
DA:22,0
DA:26,0
DA:27,0
DA:35,0
DA:36,0
DA:38,0
DA:41,0
DA:42,0
DA:50,0
DA:52,0
DA:55,0
DA:57,0
DA:58,0
DA:59,0
DA:60,0
DA:61,0
DA:64,0
DA:68,0
DA:70,0
DA:71,0
DA:72,0
DA:73,0
DA:74,0
DA:77,0
DA:78,0
DA:82,0
DA:83,0
DA:84,0
DA:85,0
DA:86,0
DA:87,0
DA:88,0
DA:92,0
DA:93,0
DA:97,0
DA:98,0
DA:99,0
DA:100,0
DA:101,0
DA:124,0
DA:125,0
DA:131,0
DA:132,0
DA:133,0
DA:135,0
DA:136,0
DA:138,0
DA:162,0
DA:169,0
DA:170,0
DA:178,0
DA:186,0
DA:187,0
DA:188,0
DA:189,0
DA:199,0
DA:200,0
DA:221,0
DA:222,0
DA:223,0
DA:224,0
DA:228,0
DA:231,0
DA:232,0
DA:233,0
DA:234,0
DA:237,0
DA:238,0
DA:239,0
DA:254,0
DA:268,0
DA:272,0
DA:278,0
DA:279,0
LF:85
LH:0
BRDA:15,0,0,0
BRDA:15,0,1,0
BRDA:17,1,0,0
BRDA:26,2,0,0
BRDA:38,3,0,0
BRDA:38,3,1,0
BRDA:38,3,2,0
BRDA:38,3,3,0
BRDA:41,4,0,0
BRDA:45,5,0,0
BRDA:45,5,1,0
BRDA:52,6,0,0
BRDA:52,6,1,0
BRDA:55,7,0,0
BRDA:55,7,1,0
BRDA:55,7,2,0
BRDA:55,7,3,0
BRDA:57,8,0,0
BRDA:60,9,0,0
BRDA:70,10,0,0
BRDA:70,10,1,0
BRDA:70,10,2,0
BRDA:71,11,0,0
BRDA:71,11,1,0
BRDA:71,11,2,0
BRDA:72,12,0,0
BRDA:72,12,1,0
BRDA:73,13,0,0
BRDA:73,13,1,0
BRDA:73,13,2,0
BRDA:74,14,0,0
BRDA:74,14,1,0
BRDA:77,15,0,0
BRDA:77,16,0,0
BRDA:77,16,1,0
BRDA:82,17,0,0
BRDA:83,18,0,0
BRDA:83,18,1,0
BRDA:84,19,0,0
BRDA:84,19,1,0
BRDA:85,20,0,0
BRDA:85,20,1,0
BRDA:86,21,0,0
BRDA:86,21,1,0
BRDA:87,22,0,0
BRDA:87,22,1,0
BRDA:88,23,0,0
BRDA:88,23,1,0
BRDA:92,24,0,0
BRDA:92,24,1,0
BRDA:92,25,0,0
BRDA:92,25,1,0
BRDA:92,25,2,0
BRDA:97,26,0,0
BRDA:99,27,0,0
BRDA:99,27,1,0
BRDA:124,28,0,0
BRDA:124,29,0,0
BRDA:124,29,1,0
BRDA:154,30,0,0
BRDA:154,30,1,0
BRDA:157,31,0,0
BRDA:157,31,1,0
BRDA:169,32,0,0
BRDA:186,33,0,0
BRDA:191,34,0,0
BRDA:191,34,1,0
BRDA:221,35,0,0
BRDA:223,36,0,0
BRDA:228,37,0,0
BRDA:248,38,0,0
BRDA:248,38,1,0
BRDA:263,39,0,0
BRDA:263,39,1,0
BRDA:280,40,0,0
BRDA:280,40,1,0
BRF:76
BRH:0
end_of_record
TN:
SF:app\api\payments\webhook\route.ts
FN:13,verifySignature
FN:23,POST
FN:68,(anonymous_4)
FN:114,(anonymous_5)
FNF:4
FNH:0
FNDA:0,verifySignature
FNDA:0,POST
FNDA:0,(anonymous_4)
FNDA:0,(anonymous_5)
DA:1,0
DA:2,0
DA:3,0
DA:4,0
DA:5,0
DA:6,0
DA:8,0
DA:14,0
DA:20,0
DA:23,0
DA:24,0
DA:25,0
DA:26,0
DA:27,0
DA:30,0
DA:31,0
DA:32,0
DA:35,0
DA:36,0
DA:38,0
DA:39,0
DA:42,0
DA:44,0
DA:46,0
DA:47,0
DA:49,0
DA:57,0
DA:59,0
DA:60,0
DA:61,0
DA:64,0
DA:65,0
DA:66,0
DA:68,0
DA:70,0
DA:86,0
DA:93,0
DA:95,0
DA:105,0
DA:113,0
DA:114,0
DA:115,0
DA:117,0
DA:128,0
DA:130,0
DA:151,0
DA:152,0
DA:153,0
DA:154,0
DA:158,0
DA:161,0
DA:162,0
DA:163,0
DA:164,0
DA:167,0
DA:168,0
DA:169,0
DA:184,0
DA:198,0
DA:203,0
DA:205,0
DA:206,0
LF:62
LH:0
BRDA:8,0,0,0
BRDA:8,0,1,0
BRDA:26,1,0,0
BRDA:31,2,0,0
BRDA:38,3,0,0
BRDA:44,4,0,0
BRDA:44,4,1,0
BRDA:57,5,0,0
BRDA:57,5,1,0
BRDA:59,6,0,0
BRDA:59,7,0,0
BRDA:59,7,1,0
BRDA:93,8,0,0
BRDA:113,9,0,0
BRDA:120,10,0,0
BRDA:120,10,1,0
BRDA:151,11,0,0
BRDA:153,12,0,0
BRDA:158,13,0,0
BRDA:178,14,0,0
BRDA:178,14,1,0
BRDA:193,15,0,0
BRDA:193,15,1,0
BRF:23
BRH:0
end_of_record
TN:
SF:app\api\public\auth\session\route.ts
FN:3,GET
FNF:1
FNH:0
FNDA:0,GET
DA:1,0
DA:3,0
DA:5,0
LF:3
LH:0
BRF:0
BRH:0
end_of_record
TN:
SF:app\api\public\schools\[subdomain]\route.ts
FN:13,getSchoolBySubdomain
FN:47,GET
FNF:2
FNH:0
FNDA:0,getSchoolBySubdomain
FNDA:0,GET
DA:1,0
DA:2,0
DA:10,0
DA:11,0
DA:14,0
DA:15,0
DA:18,0
DA:19,0
DA:23,0
DA:36,0
DA:38,0
DA:44,0
DA:47,0
DA:51,0
DA:53,0
DA:54,0
DA:56,0
DA:57,0
DA:63,0
DA:65,0
DA:66,0
DA:73,0
DA:79,0
DA:80,0
DA:82,0
DA:92,0
DA:93,0
DA:94,0
LF:28
LH:0
BRDA:18,0,0,0
BRDA:18,1,0,0
BRDA:18,1,1,0
BRDA:36,2,0,0
BRDA:56,3,0,0
BRDA:65,4,0,0
BRDA:75,5,0,0
BRDA:75,5,1,0
BRDA:76,6,0,0
BRDA:76,6,1,0
BRF:10
BRH:0
end_of_record
TN:
SF:app\api\public\schools\current\route.ts
FN:4,GET
FNF:1
FNH:0
FNDA:0,GET
DA:1,0
DA:2,0
DA:4,0
DA:5,0
DA:6,0
DA:7,0
DA:8,0
DA:9,0
DA:11,0
DA:12,0
DA:13,0
DA:19,0
DA:20,0
DA:38,0
DA:40,0
DA:41,0
DA:42,0
DA:45,0
DA:51,0
DA:53,0
DA:54,0
LF:21
LH:0
BRDA:11,0,0,0
BRDA:40,1,0,0
BRF:2
BRH:0
end_of_record
TN:
SF:app\api\results\route.ts
FN:4,GET
FN:22,POST
FNF:2
FNH:0
FNDA:0,GET
FNDA:0,POST
DA:1,0
DA:2,0
DA:4,0
DA:5,0
DA:6,0
DA:15,0
DA:17,0
DA:18,0
DA:22,0
DA:23,0
DA:24,0
DA:25,0
DA:27,0
DA:28,0
DA:31,0
DA:41,0
DA:43,0
DA:44,0
LF:18
LH:0
BRDA:27,0,0,0
BRDA:27,1,0,0
BRDA:27,1,1,0
BRDA:36,2,0,0
BRDA:36,2,1,0
BRF:5
BRH:0
end_of_record
TN:
SF:app\api\results\[id]\route.ts
FN:4,GET
FN:26,PATCH
FN:60,DELETE
FNF:3
FNH:0
FNDA:0,GET
FNDA:0,PATCH
FNDA:0,DELETE
DA:1,0
DA:2,0
DA:4,0
DA:5,0
DA:6,0
DA:8,0
DA:15,0
DA:16,0
DA:19,0
DA:21,0
DA:22,0
DA:26,0
DA:27,0
DA:28,0
DA:29,0
DA:30,0
DA:33,0
DA:37,0
DA:38,0
DA:42,0
DA:53,0
DA:55,0
DA:56,0
DA:60,0
DA:61,0
DA:62,0
DA:65,0
DA:69,0
DA:70,0
DA:74,0
DA:78,0
DA:80,0
DA:81,0
LF:33
LH:0
BRDA:15,0,0,0
BRDA:37,1,0,0
BRDA:48,2,0,0
BRDA:48,2,1,0
BRDA:69,3,0,0
BRF:5
BRH:0
end_of_record
TN:
SF:app\api\results\[id]\approve\route.ts
FN:5,POST
FNF:1
FNH:0
FNDA:0,POST
DA:1,0
DA:2,0
DA:3,0
DA:5,0
DA:6,0
DA:7,0
DA:8,0
DA:10,0
DA:11,0
DA:15,0
DA:19,0
DA:20,0
DA:24,0
DA:43,0
DA:49,0
DA:50,0
LF:16
LH:0
BRDA:10,0,0,0
BRDA:10,1,0,0
BRDA:10,1,1,0
BRDA:10,1,2,0
BRDA:19,2,0,0
BRF:5
BRH:0
end_of_record
TN:
SF:app\api\results\[id]\reject\route.ts
FN:5,POST
FN:14,(anonymous_2)
FNF:2
FNH:0
FNDA:0,POST
FNDA:0,(anonymous_2)
DA:1,0
DA:2,0
DA:3,0
DA:5,0
DA:6,0
DA:7,0
DA:8,0
DA:10,0
DA:11,0
DA:14,0
DA:17,0
DA:21,0
DA:22,0
DA:26,0
DA:46,0
DA:52,0
DA:53,0
LF:17
LH:0
BRDA:10,0,0,0
BRDA:10,1,0,0
BRDA:10,1,1,0
BRDA:10,1,2,0
BRDA:21,2,0,0
BRDA:30,3,0,0
BRDA:30,3,1,0
BRF:7
BRH:0
end_of_record
TN:
SF:app\api\results\report\route.ts
FN:6,POST
FN:85,GET
FNF:2
FNH:0
FNDA:0,POST
FNDA:0,GET
DA:1,0
DA:2,0
DA:3,0
DA:4,0
DA:6,0
DA:7,0
DA:8,0
DA:9,0
DA:11,0
DA:12,0
DA:16,0
DA:30,0
DA:31,0
DA:34,0
DA:35,0
DA:36,0
DA:37,0
DA:38,0
DA:49,0
DA:50,0
DA:54,0
DA:71,0
DA:78,0
DA:80,0
DA:81,0
DA:85,0
DA:86,0
DA:87,0
DA:88,0
DA:90,0
DA:91,0
DA:94,0
DA:98,0
DA:99,0
DA:102,0
DA:104,0
DA:105,0
LF:37
LH:0
BRDA:11,0,0,0
BRDA:30,1,0,0
BRDA:35,2,0,0
BRDA:37,3,0,0
BRDA:49,4,0,0
BRDA:59,5,0,0
BRDA:59,5,1,0
BRDA:60,6,0,0
BRDA:60,6,1,0
BRDA:90,7,0,0
BRDA:98,8,0,0
BRF:11
BRH:0
end_of_record
TN:
SF:app\api\school-levels\route.ts
FN:15,serializeBigInts
FN:25,(anonymous_4)
FN:40,GET
FN:86,POST
FNF:4
FNH:0
FNDA:0,serializeBigInts
FNDA:0,(anonymous_4)
FNDA:0,GET
FNDA:0,POST
DA:1,0
DA:2,0
DA:3,0
DA:4,0
DA:5,0
DA:8,0
DA:16,0
DA:17,0
DA:20,0
DA:21,0
DA:24,0
DA:25,0
DA:28,0
DA:29,0
DA:30,0
DA:31,0
DA:33,0
DA:36,0
DA:40,0
DA:41,0
DA:42,0
DA:44,0
DA:45,0
DA:48,0
DA:75,0
DA:77,0
DA:78,0
DA:86,0
DA:87,0
DA:88,0
DA:93,0
DA:94,0
DA:100,0
DA:101,0
DA:104,0
DA:105,0
DA:106,0
DA:113,0
DA:120,0
DA:121,0
DA:128,0
DA:143,0
DA:145,0
DA:146,0
LF:44
LH:0
BRDA:16,0,0,0
BRDA:16,1,0,0
BRDA:16,1,1,0
BRDA:20,2,0,0
BRDA:24,3,0,0
BRDA:28,4,0,0
BRDA:44,5,0,0
BRDA:44,6,0,0
BRDA:44,6,1,0
BRDA:44,6,2,0
BRDA:93,7,0,0
BRDA:93,8,0,0
BRDA:93,8,1,0
BRDA:105,9,0,0
BRDA:120,10,0,0
BRDA:131,11,0,0
BRDA:131,11,1,0
BRF:17
BRH:0
end_of_record
TN:
SF:app\api\school-levels\[id]\route.ts
FN:15,serializeBigInts
FN:25,(anonymous_5)
FN:40,GET
FN:108,PUT
FN:193,DELETE
FNF:5
FNH:0
FNDA:0,serializeBigInts
FNDA:0,(anonymous_5)
FNDA:0,GET
FNDA:0,PUT
FNDA:0,DELETE
DA:1,0
DA:2,0
DA:3,0
DA:4,0
DA:5,0
DA:8,0
DA:16,0
DA:17,0
DA:20,0
DA:21,0
DA:24,0
DA:25,0
DA:28,0
DA:29,0
DA:30,0
DA:31,0
DA:33,0
DA:36,0
DA:40,0
DA:44,0
DA:45,0
DA:46,0
DA:48,0
DA:49,0
DA:52,0
DA:93,0
DA:94,0
DA:97,0
DA:99,0
DA:100,0
DA:108,0
DA:112,0
DA:113,0
DA:114,0
DA:119,0
DA:120,0
DA:126,0
DA:127,0
DA:130,0
DA:131,0
DA:132,0
DA:139,0
DA:146,0
DA:147,0
DA:151,0
DA:159,0
DA:160,0
DA:167,0
DA:182,0
DA:184,0
DA:185,0
DA:193,0
DA:197,0
DA:198,0
DA:199,0
DA:204,0
DA:205,0
DA:211,0
DA:214,0
DA:229,0
DA:230,0
DA:234,0
DA:235,0
DA:244,0
DA:250,0
DA:252,0
DA:253,0
LF:67
LH:0
BRDA:16,0,0,0
BRDA:16,1,0,0
BRDA:16,1,1,0
BRDA:20,2,0,0
BRDA:24,3,0,0
BRDA:28,4,0,0
BRDA:48,5,0,0
BRDA:48,6,0,0
BRDA:48,6,1,0
BRDA:48,6,2,0
BRDA:93,7,0,0
BRDA:119,8,0,0
BRDA:119,9,0,0
BRDA:119,9,1,0
BRDA:131,10,0,0
BRDA:146,11,0,0
BRDA:159,12,0,0
BRDA:204,13,0,0
BRDA:204,14,0,0
BRDA:204,14,1,0
BRDA:229,15,0,0
BRDA:234,16,0,0
BRDA:234,17,0,0
BRDA:234,17,1,0
BRF:24
BRH:0
end_of_record
TN:
SF:app\api\school\billing\route.ts
FN:5,GET
FNF:1
FNH:0
FNDA:0,GET
DA:1,0
DA:2,0
DA:3,0
DA:5,0
DA:6,0
DA:7,0
DA:8,0
DA:9,0
DA:12,0
DA:13,0
DA:15,0
LF:11
LH:0
BRDA:8,0,0,0
BRF:1
BRH:0
end_of_record
TN:
SF:app\api\school\theme\route.ts
FN:5,GET
FNF:1
FNH:0
FNDA:0,GET
DA:1,0
DA:2,0
DA:3,0
DA:5,0
DA:6,0
DA:8,0
DA:9,0
DA:10,0
DA:13,0
DA:18,0
DA:19,0
DA:26,0
DA:34,0
DA:35,0
DA:38,0
DA:43,0
DA:44,0
LF:17
LH:0
BRDA:9,0,0,0
BRDA:18,1,0,0
BRDA:34,2,0,0
BRDA:39,3,0,0
BRDA:39,3,1,0
BRDA:40,4,0,0
BRDA:40,4,1,0
BRDA:47,5,0,0
BRDA:47,5,1,0
BRDA:50,6,0,0
BRDA:50,6,1,0
BRDA:51,7,0,0
BRDA:51,7,1,0
BRF:13
BRH:0
end_of_record
TN:
SF:app\api\school\wallet\route.ts
FN:5,GET
FNF:1
FNH:0
FNDA:0,GET
DA:1,0
DA:2,0
DA:3,0
DA:5,0
DA:6,0
DA:7,0
DA:8,0
DA:9,0
DA:12,0
DA:30,0
DA:39,0
LF:11
LH:0
BRDA:8,0,0,0
BRDA:31,1,0,0
BRDA:31,1,1,0
BRDA:32,2,0,0
BRDA:32,2,1,0
BRDA:33,3,0,0
BRDA:33,3,1,0
BRF:7
BRH:0
end_of_record
TN:
SF:app\api\school\wallet\transactions\route.ts
FN:5,GET
FN:43,(anonymous_2)
FN:51,(anonymous_3)
FN:59,(anonymous_4)
FN:76,(anonymous_5)
FNF:5
FNH:0
FNDA:0,GET
FNDA:0,(anonymous_2)
FNDA:0,(anonymous_3)
FNDA:0,(anonymous_4)
FNDA:0,(anonymous_5)
DA:1,0
DA:2,0
DA:3,0
DA:5,0
DA:6,0
DA:7,0
DA:8,0
DA:9,0
DA:13,0
DA:42,0
DA:43,0
DA:51,0
DA:60,0
DA:61,0
DA:62,0
DA:63,0
DA:65,0
DA:67,0
DA:76,0
DA:78,0
DA:80,0
LF:21
LH:0
BRDA:8,0,0,0
BRDA:47,1,0,0
BRDA:47,1,1,0
BRDA:62,2,0,0
BRDA:62,2,1,0
BRDA:63,3,0,0
BRDA:63,3,1,0
BRF:7
BRH:0
end_of_record
TN:
SF:app\api\school\wallet\virtual-account\route.ts
FN:10,POST
FN:68,(anonymous_2)
FN:103,(anonymous_3)
FNF:3
FNH:0
FNDA:0,POST
FNDA:0,(anonymous_2)
FNDA:0,(anonymous_3)
DA:1,0
DA:2,0
DA:3,0
DA:4,0
DA:10,0
DA:11,0
DA:12,0
DA:13,0
DA:14,0
DA:17,0
DA:27,0
DA:30,0
DA:41,0
DA:42,0
DA:46,0
DA:47,0
DA:58,0
DA:59,0
DA:60,0
DA:63,0
DA:68,0
DA:70,0
DA:71,0
DA:73,0
DA:82,0
DA:88,0
DA:90,0
DA:91,0
DA:93,0
DA:103,0
DA:105,0
DA:106,0
DA:107,0
DA:115,0
DA:118,0
DA:123,0
DA:124,0
LF:37
LH:0
BRDA:13,0,0,0
BRDA:41,1,0,0
BRDA:46,2,0,0
BRDA:59,3,0,0
BRDA:68,4,0,0
BRDA:68,4,1,0
BRDA:70,5,0,0
BRDA:70,5,1,0
BRDA:70,6,0,0
BRDA:70,6,1,0
BRDA:77,7,0,0
BRDA:77,7,1,0
BRDA:103,8,0,0
BRDA:103,8,1,0
BRDA:105,9,0,0
BRDA:105,10,0,0
BRDA:105,10,1,0
BRDA:111,11,0,0
BRDA:111,11,1,0
BRDA:119,12,0,0
BRDA:119,12,1,0
BRDA:119,12,2,0
BRF:22
BRH:0
end_of_record
TN:
SF:app\api\schools\route.ts
FN:5,GET
FN:43,POST
FNF:2
FNH:0
FNDA:0,GET
FNDA:0,POST
DA:1,0
DA:2,0
DA:3,0
DA:5,0
DA:6,0
DA:8,0
DA:9,0
DA:12,0
DA:15,0
DA:17,0
DA:36,0
DA:38,0
DA:39,0
DA:43,0
DA:44,0
DA:46,0
DA:47,0
DA:50,0
DA:51,0
DA:52,0
DA:55,0
DA:56,0
DA:60,0
DA:64,0
DA:65,0
DA:69,0
DA:88,0
DA:90,0
DA:91,0
LF:29
LH:0
BRDA:8,0,0,0
BRDA:15,1,0,0
BRDA:15,1,1,0
BRDA:46,2,0,0
BRDA:46,3,0,0
BRDA:46,3,1,0
BRDA:55,4,0,0
BRDA:55,5,0,0
BRDA:55,5,1,0
BRDA:64,6,0,0
BRF:10
BRH:0
end_of_record
TN:
SF:app\api\schools\[schoolId]\branding\route.ts
FN:4,GET
FNF:1
FNH:0
FNDA:0,GET
DA:1,0
DA:2,0
DA:4,0
DA:8,0
DA:9,0
DA:11,0
DA:21,0
DA:22,0
DA:25,0
DA:31,0
DA:32,0
LF:11
LH:0
BRDA:21,0,0,0
BRF:1
BRH:0
end_of_record
TN:
SF:app\api\schools\[schoolId]\classes\route.ts
FN:6,GET
FNF:1
FNH:0
FNDA:0,GET
DA:1,0
DA:2,0
DA:3,0
DA:4,0
DA:6,0
DA:10,0
DA:11,0
DA:13,0
DA:14,0
DA:15,0
DA:16,0
DA:17,0
DA:21,0
DA:22,0
DA:26,0
DA:29,0
DA:32,0
DA:33,0
DA:38,0
DA:39,0
DA:56,0
DA:72,0
DA:73,0
DA:79,0
DA:81,0
DA:82,0
DA:86,0
LF:27
LH:0
BRDA:15,0,0,0
BRDA:21,1,0,0
BRDA:38,2,0,0
BRDA:38,2,1,0
BRDA:38,3,0,0
BRDA:38,3,1,0
BRDA:76,4,0,0
BRDA:76,4,1,0
BRDA:89,5,0,0
BRDA:89,5,1,0
BRF:10
BRH:0
end_of_record
TN:
SF:app\api\schools\[schoolId]\promotions\route.ts
FN:5,POST
FN:25,(anonymous_3)
FNF:2
FNH:0
FNDA:0,POST
FNDA:0,(anonymous_3)
DA:1,0
DA:2,0
DA:3,0
DA:5,0
DA:9,0
DA:10,0
DA:11,0
DA:13,0
DA:14,0
DA:17,0
DA:19,0
DA:20,0
DA:24,0
DA:26,0
DA:47,0
DA:53,0
DA:54,0
LF:17
LH:0
BRDA:13,0,0,0
BRDA:13,1,0,0
BRDA:13,1,1,0
BRDA:13,1,2,0
BRDA:19,2,0,0
BRDA:19,3,0,0
BRDA:19,3,1,0
BRDA:19,3,2,0
BRF:8
BRH:0
end_of_record
TN:
SF:app\api\schools\[schoolId]\promotions\eligibility\route.ts
FN:5,GET
FN:50,(anonymous_3)
FN:71,(anonymous_4)
FN:72,(anonymous_5)
FN:76,(anonymous_6)
FN:87,(anonymous_7)
FNF:6
FNH:0
FNDA:0,GET
FNDA:0,(anonymous_3)
FNDA:0,(anonymous_4)
FNDA:0,(anonymous_5)
FNDA:0,(anonymous_6)
FNDA:0,(anonymous_7)
DA:1,0
DA:2,0
DA:3,0
DA:5,0
DA:9,0
DA:10,0
DA:11,0
DA:13,0
DA:14,0
DA:17,0
DA:18,0
DA:19,0
DA:21,0
DA:22,0
DA:26,0
DA:47,0
DA:50,0
DA:54,0
DA:66,0
DA:67,0
DA:71,0
DA:72,0
DA:75,0
DA:76,0
DA:77,0
DA:78,0
DA:79,0
DA:80,0
DA:84,0
DA:85,0
DA:87,0
DA:88,0
DA:89,0
DA:90,0
DA:91,0
DA:92,0
DA:96,0
DA:98,0
DA:108,0
DA:110,0
DA:111,0
LF:41
LH:0
BRDA:13,0,0,0
BRDA:13,1,0,0
BRDA:13,1,1,0
BRDA:13,1,2,0
BRDA:21,2,0,0
BRDA:21,3,0,0
BRDA:21,3,1,0
BRDA:66,4,0,0
BRDA:77,5,0,0
BRDA:77,5,1,0
BRDA:89,6,0,0
BRDA:89,7,0,0
BRDA:89,7,1,0
BRDA:96,8,0,0
BRDA:96,8,1,0
BRF:15
BRH:0
end_of_record
TN:
SF:app\api\schools\[schoolId]\results\route.ts
FN:37,POST
FN:54,(anonymous_5)
FN:59,(anonymous_6)
FN:74,(anonymous_7)
FN:98,(anonymous_8)
FN:144,GET
FN:192,PUT
FN:207,(anonymous_11)
FN:221,(anonymous_12)
FN:246,(anonymous_13)
FNF:10
FNH:0
FNDA:0,POST
FNDA:0,(anonymous_5)
FNDA:0,(anonymous_6)
FNDA:0,(anonymous_7)
FNDA:0,(anonymous_8)
FNDA:0,GET
FNDA:0,PUT
FNDA:0,(anonymous_11)
FNDA:0,(anonymous_12)
FNDA:0,(anonymous_13)
DA:1,0
DA:2,0
DA:3,0
DA:4,0
DA:6,0
DA:37,0
DA:41,0
DA:42,0
DA:43,0
DA:44,0
DA:47,0
DA:48,0
DA:51,0
DA:54,0
DA:59,0
DA:60,0
DA:64,0
DA:69,0
DA:70,0
DA:73,0
DA:74,0
DA:77,0
DA:78,0
DA:85,0
DA:97,0
DA:98,0
DA:103,0
DA:134,0
DA:136,0
DA:137,0
DA:144,0
DA:148,0
DA:149,0
DA:150,0
DA:151,0
DA:154,0
DA:155,0
DA:156,0
DA:157,0
DA:158,0
DA:160,0
DA:182,0
DA:184,0
DA:185,0
DA:192,0
DA:196,0
DA:197,0
DA:198,0
DA:199,0
DA:202,0
DA:203,0
DA:204,0
DA:207,0
DA:208,0
DA:211,0
DA:216,0
DA:217,0
DA:220,0
DA:221,0
DA:224,0
DA:225,0
DA:232,0
DA:245,0
DA:246,0
DA:251,0
DA:280,0
DA:282,0
DA:283,0
LF:68
LH:0
BRDA:43,0,0,0
BRDA:69,1,0,0
BRDA:74,2,0,0
BRDA:74,2,1,0
BRDA:77,3,0,0
BRDA:97,4,0,0
BRDA:97,4,1,0
BRDA:150,5,0,0
BRDA:162,6,0,0
BRDA:162,6,1,0
BRDA:163,7,0,0
BRDA:163,7,1,0
BRDA:164,8,0,0
BRDA:164,8,1,0
BRDA:165,9,0,0
BRDA:165,9,1,0
BRDA:198,10,0,0
BRDA:216,11,0,0
BRDA:221,12,0,0
BRDA:221,12,1,0
BRDA:224,13,0,0
BRDA:245,14,0,0
BRDA:245,14,1,0
BRF:23
BRH:0
end_of_record
TN:
SF:app\api\schools\[schoolId]\results\batch\route.ts
FN:6,GET
FN:124,POST
FN:151,(anonymous_9)
FN:194,(anonymous_10)
FN:256,(anonymous_11)
FNF:5
FNH:0
FNDA:0,GET
FNDA:0,POST
FNDA:0,(anonymous_9)
FNDA:0,(anonymous_10)
FNDA:0,(anonymous_11)
DA:1,0
DA:2,0
DA:3,0
DA:4,0
DA:6,0
DA:10,0
DA:11,0
DA:12,0
DA:13,0
DA:17,0
DA:20,0
DA:21,0
DA:25,0
DA:26,0
DA:27,0
DA:28,0
DA:29,0
DA:31,0
DA:32,0
DA:36,0
DA:44,0
DA:64,0
DA:70,0
DA:71,0
DA:74,0
DA:103,0
DA:105,0
DA:106,0
DA:110,0
DA:124,0
DA:128,0
DA:129,0
DA:130,0
DA:131,0
DA:134,0
DA:136,0
DA:137,0
DA:141,0
DA:142,0
DA:147,0
DA:148,0
DA:151,0
DA:154,0
DA:155,0
DA:156,0
DA:161,0
DA:162,0
DA:167,0
DA:181,0
DA:188,0
DA:190,0
DA:191,0
DA:194,0
DA:197,0
DA:198,0
DA:200,0
DA:201,0
DA:202,0
DA:203,0
DA:204,0
DA:215,0
DA:219,0
DA:221,0
DA:222,0
DA:232,0
DA:244,0
DA:249,0
DA:250,0
DA:254,0
DA:255,0
DA:256,0
DA:265,0
DA:268,0
DA:271,0
DA:272,0
DA:274,0
DA:275,0
LF:77
LH:0
BRDA:12,0,0,0
BRDA:20,1,0,0
BRDA:20,2,0,0
BRDA:20,2,1,0
BRDA:31,3,0,0
BRDA:31,4,0,0
BRDA:31,4,1,0
BRDA:44,5,0,0
BRDA:70,6,0,0
BRDA:70,7,0,0
BRDA:70,7,1,0
BRDA:130,8,0,0
BRDA:136,9,0,0
BRDA:136,10,0,0
BRDA:136,10,1,0
BRDA:141,11,0,0
BRDA:147,12,0,0
BRDA:155,13,0,0
BRDA:201,14,0,0
BRDA:201,15,0,0
BRDA:201,15,1,0
BRDA:221,16,0,0
BRDA:221,16,1,0
BRDA:249,17,0,0
BRDA:254,18,0,0
BRDA:271,19,0,0
BRF:26
BRH:0
end_of_record
TN:
SF:app\api\schools\[schoolId]\results\config\route.ts
FN:8,(anonymous_4)
FN:10,(anonymous_5)
FN:12,(anonymous_6)
FN:14,(anonymous_7)
FN:22,isAllowedRole
FN:90,POST
FN:230,GET
FN:273,(anonymous_11)
FN:318,PUT
FN:379,(anonymous_13)
FNF:10
FNH:6
FNDA:1,(anonymous_4)
FNDA:2,(anonymous_5)
FNDA:0,(anonymous_6)
FNDA:0,(anonymous_7)
FNDA:2,isAllowedRole
FNDA:1,POST
FNDA:2,GET
FNDA:0,(anonymous_11)
FNDA:1,PUT
FNDA:0,(anonymous_13)
DA:1,1
DA:2,1
DA:3,1
DA:4,1
DA:5,1
DA:8,1
DA:9,1
DA:10,1
DA:11,2
DA:12,1
DA:13,0
DA:14,1
DA:15,0
DA:18,1
DA:23,2
DA:62,1
DA:90,1
DA:94,1
DA:95,1
DA:96,1
DA:97,1
DA:98,1
DA:99,0
DA:102,1
DA:103,1
DA:106,1
DA:116,1
DA:117,0
DA:124,1
DA:134,1
DA:135,0
DA:138,1
DA:141,1
DA:142,1
DA:151,1
DA:152,1
DA:162,1
DA:163,1
DA:173,1
DA:185,1
DA:186,0
DA:190,1
DA:195,1
DA:201,1
DA:206,1
DA:207,1
DA:208,1
DA:212,1
DA:219,0
DA:220,0
DA:230,2
DA:234,2
DA:235,2
DA:236,2
DA:238,2
DA:239,2
DA:242,1
DA:245,0
DA:248,0
DA:252,0
DA:256,0
DA:269,0
DA:272,0
DA:275,0
DA:280,0
DA:286,0
DA:291,0
DA:292,0
DA:295,0
DA:299,0
DA:308,0
DA:310,0
DA:311,0
DA:318,1
DA:322,1
DA:323,1
DA:324,1
DA:326,1
DA:327,1
DA:330,1
DA:333,0
DA:336,0
DA:340,0
DA:343,0
DA:344,0
DA:347,0
DA:348,0
DA:349,0
DA:355,0
DA:358,0
DA:365,0
DA:368,0
DA:376,0
DA:379,0
DA:381,0
DA:392,0
DA:393,0
DA:394,0
DA:397,0
DA:398,0
DA:407,0
DA:408,0
DA:418,0
DA:419,0
DA:429,0
DA:441,0
DA:447,0
DA:453,0
DA:459,0
DA:467,0
DA:469,0
DA:470,0
LF:112
LH:56
BRDA:98,0,0,0
BRDA:116,1,0,0
BRDA:134,2,0,0
BRDA:134,3,0,1
BRDA:134,3,1,1
BRDA:185,4,0,0
BRDA:185,5,0,1
BRDA:185,5,1,1
BRDA:206,6,0,1
BRDA:206,6,1,0
BRDA:207,7,0,1
BRDA:207,7,1,0
BRDA:208,8,0,1
BRDA:208,8,1,0
BRDA:223,9,0,0
BRDA:223,9,1,0
BRDA:239,10,0,1
BRDA:242,11,0,1
BRDA:245,12,0,0
BRDA:248,13,0,0
BRDA:249,14,0,0
BRDA:249,14,1,0
BRDA:269,15,0,0
BRDA:269,15,1,0
BRDA:291,16,0,0
BRDA:291,16,1,0
BRDA:292,17,0,0
BRDA:292,17,1,0
BRDA:295,18,0,0
BRDA:295,18,1,0
BRDA:327,19,0,0
BRDA:330,20,0,1
BRDA:333,21,0,0
BRDA:336,22,0,0
BRDA:337,23,0,0
BRDA:337,23,1,0
BRDA:348,24,0,0
BRDA:365,25,0,0
BRDA:376,26,0,0
BRF:39
BRH:10
end_of_record
TN:
SF:app\api\schools\[schoolId]\results\config-client\route.ts
FN:9,handleApiError
FN:26,(anonymous_3)
FN:55,GET
FN:60,(anonymous_5)
FN:155,(anonymous_6)
FN:159,(anonymous_7)
FN:163,(anonymous_8)
FNF:7
FNH:0
FNDA:0,handleApiError
FNDA:0,(anonymous_3)
FNDA:0,GET
FNDA:0,(anonymous_5)
FNDA:0,(anonymous_6)
FNDA:0,(anonymous_7)
FNDA:0,(anonymous_8)
DA:1,0
DA:2,0
DA:3,0
DA:10,0
DA:11,0
DA:13,0
DA:14,0
DA:15,0
DA:16,0
DA:18,0
DA:26,0
DA:55,0
DA:59,0
DA:60,0
DA:61,0
DA:63,0
DA:64,0
DA:70,0
DA:74,0
DA:80,0
DA:83,0
DA:94,0
DA:97,0
DA:98,0
DA:99,0
DA:111,0
DA:115,0
DA:116,0
DA:117,0
DA:125,0
DA:141,0
DA:142,0
DA:143,0
DA:151,0
DA:155,0
DA:159,0
DA:163,0
DA:174,0
LF:38
LH:0
BRDA:15,0,0,0
BRDA:63,1,0,0
BRDA:70,2,0,0
BRDA:71,3,0,0
BRDA:71,3,1,0
BRDA:97,4,0,0
BRDA:115,5,0,0
BRDA:141,6,0,0
BRF:8
BRH:0
end_of_record
TN:
SF:app\api\schools\[schoolId]\results\pdf\route.ts
FN:6,POST
FN:83,generateResultHTML
FN:360,(anonymous_4)
FN:367,(anonymous_5)
FN:371,(anonymous_6)
FN:403,(anonymous_7)
FN:444,getGradeColor
FNF:7
FNH:0
FNDA:0,POST
FNDA:0,generateResultHTML
FNDA:0,(anonymous_4)
FNDA:0,(anonymous_5)
FNDA:0,(anonymous_6)
FNDA:0,(anonymous_7)
FNDA:0,getGradeColor
DA:1,0
DA:2,0
DA:3,0
DA:6,0
DA:10,0
DA:11,0
DA:12,0
DA:14,0
DA:15,0
DA:19,0
DA:20,0
DA:23,0
DA:24,0
DA:26,0
DA:27,0
DA:34,0
DA:48,0
DA:56,0
DA:64,0
DA:71,0
DA:72,0
DA:93,0
DA:95,0
DA:97,0
DA:360,0
DA:367,0
DA:371,0
DA:403,0
DA:445,0
DA:446,0
DA:447,0
DA:448,0
DA:449,0
DA:450,0
LF:34
LH:0
BRDA:14,0,0,0
BRDA:19,1,0,0
BRDA:19,2,0,0
BRDA:19,2,1,0
BRDA:26,3,0,0
BRDA:26,4,0,0
BRDA:26,4,1,0
BRDA:26,4,2,0
BRDA:59,5,0,0
BRDA:59,5,1,0
BRDA:67,6,0,0
BRDA:67,6,1,0
BRDA:75,7,0,0
BRDA:75,7,1,0
BRDA:95,8,0,0
BRDA:95,8,1,0
BRDA:103,9,0,0
BRDA:103,9,1,0
BRDA:325,10,0,0
BRDA:325,10,1,0
BRDA:327,11,0,0
BRDA:327,11,1,0
BRDA:328,12,0,0
BRDA:328,12,1,0
BRDA:329,13,0,0
BRDA:329,13,1,0
BRDA:333,14,0,0
BRDA:333,14,1,0
BRDA:333,15,0,0
BRDA:333,15,1,0
BRDA:339,16,0,0
BRDA:339,16,1,0
BRDA:343,17,0,0
BRDA:343,17,1,0
BRDA:343,18,0,0
BRDA:343,18,1,0
BRDA:347,19,0,0
BRDA:347,19,1,0
BRDA:351,20,0,0
BRDA:351,20,1,0
BRDA:360,21,0,0
BRDA:360,21,1,0
BRDA:367,22,0,0
BRDA:367,22,1,0
BRDA:370,23,0,0
BRDA:370,23,1,0
BRDA:371,24,0,0
BRDA:371,24,1,0
BRDA:371,25,0,0
BRDA:371,25,1,0
BRDA:372,26,0,0
BRDA:372,26,1,0
BRDA:373,27,0,0
BRDA:373,27,1,0
BRDA:373,28,0,0
BRDA:373,28,1,0
BRDA:374,29,0,0
BRDA:374,29,1,0
BRDA:383,30,0,0
BRDA:383,30,1,0
BRDA:387,31,0,0
BRDA:387,31,1,0
BRDA:391,32,0,0
BRDA:391,32,1,0
BRDA:395,33,0,0
BRDA:395,33,1,0
BRDA:402,34,0,0
BRDA:402,34,1,0
BRDA:445,35,0,0
BRDA:445,35,1,0
BRDA:445,35,2,0
BRDA:445,35,3,0
BRDA:445,35,4,0
BRF:73
BRH:0
end_of_record
TN:
SF:app\api\schools\[schoolId]\results\student\[studentId]\route.ts
FN:6,GET
FN:133,(anonymous_3)
FN:152,(anonymous_4)
FN:155,(anonymous_5)
FN:186,calculateOverallGrade
FNF:5
FNH:0
FNDA:0,GET
FNDA:0,(anonymous_3)
FNDA:0,(anonymous_4)
FNDA:0,(anonymous_5)
FNDA:0,calculateOverallGrade
DA:1,0
DA:2,0
DA:3,0
DA:6,0
DA:10,0
DA:11,0
DA:12,0
DA:14,0
DA:15,0
DA:19,0
DA:20,0
DA:24,0
DA:25,0
DA:26,0
DA:28,0
DA:29,0
DA:36,0
DA:64,0
DA:65,0
DA:69,0
DA:103,0
DA:115,0
DA:125,0
DA:133,0
DA:134,0
DA:135,0
DA:138,0
DA:140,0
DA:152,0
DA:155,0
DA:174,0
DA:175,0
DA:187,0
DA:188,0
DA:189,0
DA:190,0
DA:191,0
LF:37
LH:0
BRDA:14,0,0,0
BRDA:19,1,0,0
BRDA:19,2,0,0
BRDA:19,2,1,0
BRDA:28,3,0,0
BRDA:28,4,0,0
BRDA:28,4,1,0
BRDA:64,5,0,0
BRDA:133,6,0,0
BRDA:133,6,1,0
BRDA:135,7,0,0
BRDA:135,7,1,0
BRDA:138,8,0,0
BRDA:138,8,1,0
BRDA:145,9,0,0
BRDA:145,9,1,0
BRDA:178,10,0,0
BRDA:178,10,1,0
BRDA:187,11,0,0
BRDA:188,12,0,0
BRDA:189,13,0,0
BRDA:190,14,0,0
BRF:22
BRH:0
end_of_record
TN:
SF:app\api\schools\[schoolId]\results\templates\route.ts
FN:7,(anonymous_3)
FN:9,(anonymous_4)
FN:19,GET
FN:43,POST
FNF:4
FNH:0
FNDA:0,(anonymous_3)
FNDA:0,(anonymous_4)
FNDA:0,GET
FNDA:0,POST
DA:1,0
DA:2,0
DA:3,0
DA:4,0
DA:5,0
DA:7,0
DA:8,0
DA:9,0
DA:10,0
DA:12,0
DA:19,0
DA:23,0
DA:24,0
DA:25,0
DA:26,0
DA:27,0
DA:28,0
DA:31,0
DA:36,0
DA:38,0
DA:39,0
DA:43,0
DA:47,0
DA:48,0
DA:49,0
DA:50,0
DA:52,0
DA:53,0
DA:56,0
DA:57,0
DA:59,0
DA:66,0
DA:68,0
DA:69,0
LF:34
LH:0
BRDA:26,0,0,0
BRDA:27,1,0,0
BRDA:27,2,0,0
BRDA:27,2,1,0
BRDA:50,3,0,0
BRDA:52,4,0,0
BRDA:52,5,0,0
BRDA:52,5,1,0
BRF:8
BRH:0
end_of_record
TN:
SF:app\api\schools\[schoolId]\results\templates\[templateId]\route.ts
FN:7,(anonymous_4)
FN:9,(anonymous_5)
FN:11,(anonymous_6)
FN:21,GET
FN:46,PUT
FN:73,DELETE
FNF:6
FNH:0
FNDA:0,(anonymous_4)
FNDA:0,(anonymous_5)
FNDA:0,(anonymous_6)
FNDA:0,GET
FNDA:0,PUT
FNDA:0,DELETE
DA:1,0
DA:2,0
DA:3,0
DA:4,0
DA:5,0
DA:7,0
DA:8,0
DA:9,0
DA:10,0
DA:11,0
DA:12,0
DA:14,0
DA:21,0
DA:25,0
DA:26,0
DA:27,0
DA:28,0
DA:29,0
DA:30,0
DA:33,0
DA:37,0
DA:39,0
DA:41,0
DA:42,0
DA:46,0
DA:50,0
DA:51,0
DA:52,0
DA:53,0
DA:54,0
DA:55,0
DA:58,0
DA:59,0
DA:61,0
DA:66,0
DA:68,0
DA:69,0
DA:73,0
DA:77,0
DA:78,0
DA:79,0
DA:80,0
DA:81,0
DA:82,0
DA:85,0
DA:89,0
DA:91,0
DA:92,0
LF:48
LH:0
BRDA:28,0,0,0
BRDA:29,1,0,0
BRDA:29,2,0,0
BRDA:29,2,1,0
BRDA:37,3,0,0
BRDA:53,4,0,0
BRDA:54,5,0,0
BRDA:54,6,0,0
BRDA:54,6,1,0
BRDA:80,7,0,0
BRDA:81,8,0,0
BRDA:81,9,0,0
BRDA:81,9,1,0
BRF:13
BRH:0
end_of_record
TN:
SF:app\api\schools\[schoolId]\wallet\route.ts
FN:5,GET
FN:53,POST
FN:82,(anonymous_5)
FNF:3
FNH:0
FNDA:0,GET
FNDA:0,POST
FNDA:0,(anonymous_5)
DA:1,0
DA:2,0
DA:3,0
DA:5,0
DA:9,0
DA:10,0
DA:11,0
DA:13,0
DA:14,0
DA:18,0
DA:19,0
DA:23,0
DA:34,0
DA:35,0
DA:46,0
DA:48,0
DA:49,0
DA:53,0
DA:57,0
DA:58,0
DA:59,0
DA:61,0
DA:62,0
DA:65,0
DA:66,0
DA:69,0
DA:71,0
DA:73,0
DA:77,0
DA:78,0
DA:82,0
DA:84,0
DA:96,0
DA:105,0
DA:108,0
DA:111,0
DA:113,0
DA:114,0
LF:38
LH:0
BRDA:13,0,0,0
BRDA:13,1,0,0
BRDA:13,1,1,0
BRDA:13,1,2,0
BRDA:18,2,0,0
BRDA:18,3,0,0
BRDA:18,3,1,0
BRDA:34,4,0,0
BRDA:61,5,0,0
BRDA:61,6,0,0
BRDA:61,6,1,0
BRDA:61,6,2,0
BRDA:65,7,0,0
BRDA:65,8,0,0
BRDA:65,8,1,0
BRDA:71,9,0,0
BRDA:77,10,0,0
BRDA:77,11,0,0
BRDA:77,11,1,0
BRDA:90,12,0,0
BRDA:90,12,1,0
BRDA:91,13,0,0
BRDA:91,13,1,0
BRF:23
BRH:0
end_of_record
TN:
SF:app\api\schools\branding\[subdomain]\route.ts
FN:4,GET
FNF:1
FNH:0
FNDA:0,GET
DA:1,0
DA:2,0
DA:4,0
DA:8,0
DA:10,0
DA:11,0
DA:17,0
DA:30,0
DA:31,0
DA:35,0
DA:45,0
DA:46,0
DA:47,0
DA:49,0
DA:50,0
LF:15
LH:0
BRDA:10,0,0,0
BRDA:30,1,0,0
BRF:2
BRH:0
end_of_record
TN:
SF:app\api\schools\current\route.ts
FN:5,GET
FNF:1
FNH:0
FNDA:0,GET
DA:1,0
DA:2,0
DA:3,0
DA:5,0
DA:6,0
DA:7,0
DA:9,0
DA:10,0
DA:13,0
DA:26,0
DA:27,0
DA:30,0
DA:32,0
DA:33,0
LF:14
LH:0
BRDA:9,0,0,0
BRDA:26,1,0,0
BRF:2
BRH:0
end_of_record
TN:
SF:app\api\schools\logo\route.ts
FN:13,POST
FNF:1
FNH:0
FNDA:0,POST
DA:1,0
DA:2,0
DA:3,0
DA:4,0
DA:7,0
DA:13,0
DA:14,0
DA:15,0
DA:17,0
DA:18,0
DA:21,0
DA:22,0
DA:24,0
DA:25,0
DA:29,0
DA:30,0
DA:34,0
DA:35,0
DA:36,0
DA:37,0
DA:40,0
DA:48,0
DA:53,0
DA:55,0
DA:56,0
LF:25
LH:0
BRDA:17,0,0,0
BRDA:17,1,0,0
BRDA:17,1,1,0
BRDA:24,2,0,0
BRDA:29,3,0,0
BRF:5
BRH:0
end_of_record
TN:
SF:app\api\schools\register\route.ts
FN:29,handleFileUpload
FN:73,POST
FN:139,(anonymous_3)
FN:156,(anonymous_4)
FN:173,(anonymous_5)
FN:193,(anonymous_6)
FNF:6
FNH:0
FNDA:0,handleFileUpload
FNDA:0,POST
FNDA:0,(anonymous_3)
FNDA:0,(anonymous_4)
FNDA:0,(anonymous_5)
FNDA:0,(anonymous_6)
DA:1,0
DA:2,0
DA:3,0
DA:4,0
DA:5,0
DA:6,0
DA:7,0
DA:8,0
DA:9,0
DA:10,0
DA:11,0
DA:12,0
DA:13,0
DA:15,0
DA:30,0
DA:31,0
DA:33,0
DA:34,0
DA:35,0
DA:38,0
DA:39,0
DA:40,0
DA:43,0
DA:44,0
DA:46,0
DA:47,0
DA:48,0
DA:49,0
DA:50,0
DA:52,0
DA:54,0
DA:55,0
DA:58,0
DA:59,0
DA:60,0
DA:62,0
DA:63,0
DA:65,0
DA:68,0
DA:69,0
DA:73,0
DA:74,0
DA:76,0
DA:79,0
DA:81,0
DA:83,0
DA:86,0
DA:100,0
DA:101,0
DA:102,0
DA:106,0
DA:110,0
DA:113,0
DA:114,0
DA:115,0
DA:132,0
DA:135,0
DA:140,0
DA:141,0
DA:144,0
DA:145,0
DA:152,0
DA:157,0
DA:158,0
DA:161,0
DA:162,0
DA:169,0
DA:174,0
DA:175,0
DA:178,0
DA:179,0
DA:186,0
DA:189,0
DA:192,0
DA:193,0
DA:195,0
DA:210,0
DA:227,0
DA:229,0
DA:235,0
DA:236,0
DA:237,0
DA:239,0
DA:241,0
DA:253,0
DA:254,0
DA:257,0
DA:260,0
DA:279,0
DA:280,0
DA:288,0
DA:289,0
LF:92
LH:0
BRDA:33,0,0,0
BRDA:38,1,0,0
BRDA:46,2,0,0
BRDA:46,2,1,0
BRDA:58,3,0,0
BRDA:58,3,1,0
BRDA:76,4,0,0
BRDA:76,4,1,0
BRDA:81,5,0,0
BRDA:81,5,1,0
BRDA:101,6,0,0
BRDA:101,7,0,0
BRDA:101,7,1,0
BRDA:114,8,0,0
BRDA:144,9,0,0
BRDA:161,10,0,0
BRDA:178,11,0,0
BRDA:199,12,0,0
BRDA:199,12,1,0
BRDA:200,13,0,0
BRDA:200,13,1,0
BRDA:202,14,0,0
BRDA:202,14,1,0
BRDA:204,15,0,0
BRDA:204,15,1,0
BRDA:205,16,0,0
BRDA:205,16,1,0
BRDA:236,17,0,0
BRDA:236,17,1,0
BRDA:242,18,0,0
BRDA:242,18,1,0
BRDA:247,19,0,0
BRDA:247,19,1,0
BRDA:248,20,0,0
BRDA:248,20,1,0
BRDA:249,21,0,0
BRDA:249,21,1,0
BRDA:253,22,0,0
BRDA:292,23,0,0
BRDA:292,23,1,0
BRF:40
BRH:0
end_of_record
TN:
SF:app\api\schools\settings\route.ts
FN:7,GET
FN:43,PUT
FNF:2
FNH:0
FNDA:0,GET
FNDA:0,PUT
DA:1,0
DA:2,0
DA:3,0
DA:4,0
DA:5,0
DA:7,0
DA:8,0
DA:10,0
DA:11,0
DA:14,0
DA:15,0
DA:29,0
DA:30,0
DA:33,0
DA:35,0
DA:36,0
DA:43,0
DA:44,0
DA:46,0
DA:51,0
DA:54,0
DA:56,0
DA:58,0
DA:59,0
DA:61,0
DA:62,0
DA:66,0
DA:67,0
DA:68,0
DA:70,0
DA:71,0
DA:72,0
DA:73,0
DA:76,0
DA:78,0
DA:79,0
DA:87,0
DA:88,0
DA:89,0
DA:90,0
DA:91,0
DA:92,0
DA:93,0
DA:96,0
DA:97,0
DA:104,0
DA:105,0
DA:112,0
DA:119,0
DA:120,0
DA:127,0
DA:134,0
DA:135,0
DA:142,0
DA:166,0
DA:168,0
DA:169,0
LF:57
LH:0
BRDA:10,0,0,0
BRDA:29,1,0,0
BRDA:46,2,0,0
BRDA:47,3,0,0
BRDA:47,3,1,0
BRDA:47,3,2,0
BRDA:67,4,0,0
BRDA:87,5,0,0
BRDA:87,5,1,0
BRDA:88,6,0,0
BRDA:88,6,1,0
BRDA:89,7,0,0
BRDA:89,7,1,0
BRDA:90,8,0,0
BRDA:90,8,1,0
BRDA:91,9,0,0
BRDA:91,9,1,0
BRDA:92,10,0,0
BRDA:92,10,1,0
BRDA:93,11,0,0
BRDA:93,11,1,0
BRDA:96,12,0,0
BRDA:96,13,0,0
BRDA:96,13,1,0
BRDA:96,13,2,0
BRDA:104,14,0,0
BRDA:119,15,0,0
BRDA:134,16,0,0
BRDA:147,17,0,0
BRDA:147,17,1,0
BRDA:148,18,0,0
BRDA:148,18,1,0
BRDA:150,19,0,0
BRDA:150,19,1,0
BRDA:151,20,0,0
BRDA:151,20,1,0
BRDA:152,21,0,0
BRDA:152,21,1,0
BRF:38
BRH:0
end_of_record
TN:
SF:app\api\send-credentials\route.ts
FN:57,POST
FN:211,GET
FNF:2
FNH:0
FNDA:0,POST
FNDA:0,GET
DA:1,0
DA:6,0
DA:9,0
DA:10,0
DA:43,0
DA:46,0
DA:57,0
DA:58,0
DA:59,0
DA:60,0
DA:62,0
DA:63,0
DA:64,0
DA:67,0
DA:68,0
DA:69,0
DA:70,0
DA:76,0
DA:86,0
DA:88,0
DA:95,0
DA:98,0
DA:99,0
DA:107,0
DA:117,0
DA:118,0
DA:121,0
DA:122,0
DA:127,0
DA:128,0
DA:133,0
DA:134,0
DA:139,0
DA:140,0
DA:143,0
DA:151,0
DA:159,0
DA:170,0
DA:177,0
DA:180,0
DA:188,0
DA:199,0
DA:211,0
DA:212,0
DA:214,0
DA:215,0
DA:216,0
DA:219,0
DA:220,0
DA:224,0
DA:231,0
DA:237,0
DA:238,0
LF:53
LH:0
BRDA:68,0,0,0
BRDA:95,1,0,0
BRDA:95,1,1,0
BRDA:111,2,0,0
BRDA:111,2,1,0
BRDA:117,3,0,0
BRDA:117,3,1,0
BRDA:127,4,0,0
BRDA:127,4,1,0
BRDA:139,5,0,0
BRDA:191,6,0,0
BRDA:191,6,1,0
BRDA:192,7,0,0
BRDA:192,7,1,0
BRDA:202,8,0,0
BRDA:202,8,1,0
BRDA:219,9,0,0
BRDA:225,10,0,0
BRDA:225,10,1,0
BRDA:226,11,0,0
BRDA:226,11,1,0
BRDA:227,12,0,0
BRDA:227,12,1,0
BRDA:228,13,0,0
BRDA:228,13,1,0
BRF:25
BRH:0
end_of_record
TN:
SF:app\api\sessions\route.ts
FN:6,serializeBigInts
FN:20,(anonymous_5)
FN:34,GET
FN:114,POST
FN:162,(anonymous_8)
FN:225,(anonymous_9)
FNF:6
FNH:0
FNDA:0,serializeBigInts
FNDA:0,(anonymous_5)
FNDA:0,GET
FNDA:0,POST
FNDA:0,(anonymous_8)
FNDA:0,(anonymous_9)
DA:1,0
DA:2,0
DA:3,0
DA:7,0
DA:8,0
DA:11,0
DA:12,0
DA:15,0
DA:16,0
DA:19,0
DA:20,0
DA:23,0
DA:24,0
DA:25,0
DA:26,0
DA:28,0
DA:31,0
DA:34,0
DA:35,0
DA:36,0
DA:38,0
DA:39,0
DA:43,0
DA:45,0
DA:47,0
DA:51,0
DA:53,0
DA:90,0
DA:92,0
DA:96,0
DA:97,0
DA:101,0
DA:114,0
DA:115,0
DA:116,0
DA:118,0
DA:119,0
DA:123,0
DA:124,0
DA:125,0
DA:128,0
DA:129,0
DA:131,0
[...]
FN:40,fetchData
FN:101,(anonymous_4)
FN:127,(anonymous_5)
FN:132,(anonymous_6)
FN:133,(anonymous_7)
FN:138,(anonymous_8)
FN:161,(anonymous_9)
FNF:8
FNH:0
FNDA:0,TeacherPage
FNDA:0,fetchData
FNDA:0,(anonymous_4)
FNDA:0,(anonymous_5)
FNDA:0,(anonymous_6)
FNDA:0,(anonymous_7)
FNDA:0,(anonymous_8)
FNDA:0,(anonymous_9)
DA:3,0
DA:4,0
DA:5,0
DA:6,0
DA:7,0
DA:8,0
DA:9,0
DA:10,0
DA:11,0
DA:12,0
DA:13,0
DA:14,0
DA:26,0
DA:27,0
DA:28,0
DA:29,0
DA:30,0
DA:31,0
DA:32,0
DA:33,0
DA:34,0
DA:35,0
DA:36,0
DA:37,0
DA:38,0
DA:41,0
DA:42,0
DA:43,0
DA:46,0
DA:47,0
DA:48,0
DA:51,0
DA:52,0
DA:55,0
DA:56,0
DA:57,0
DA:61,0
DA:66,0
DA:67,0
DA:71,0
DA:72,0
DA:73,0
DA:77,0
DA:78,0
DA:79,0
DA:82,0
DA:83,0
DA:86,0
DA:87,0
DA:88,0
DA:89,0
DA:93,0
DA:94,0
DA:95,0
DA:96,0
DA:100,0
DA:101,0
DA:108,0
DA:109,0
DA:110,0
DA:111,0
DA:114,0
DA:115,0
DA:116,0
DA:118,0
DA:120,0
DA:122,0
DA:127,0
DA:128,0
DA:132,0
DA:133,0
DA:134,0
DA:137,0
DA:138,0
DA:139,0
DA:143,0
DA:154,0
DA:161,0
LF:78
LH:0
BRDA:30,0,0,0
BRDA:30,0,1,0
BRDA:47,1,0,0
BRDA:55,2,0,0
BRDA:61,3,0,0
BRDA:62,4,0,0
BRDA:62,4,1,0
BRDA:62,4,2,0
BRDA:71,5,0,0
BRDA:71,6,0,0
BRDA:71,6,1,0
BRDA:78,7,0,0
BRDA:87,8,0,0
BRDA:94,9,0,0
BRDA:100,10,0,0
BRDA:109,11,0,0
BRDA:115,12,0,0
BRDA:115,12,1,0
BRDA:143,13,0,0
BRDA:154,14,0,0
BRDA:154,15,0,0
BRDA:154,15,1,0
BRDA:154,15,2,0
BRDA:158,16,0,0
BRDA:158,16,1,0
BRDA:175,17,0,0
BRDA:175,17,1,0
BRF:27
BRH:0
end_of_record
TN:
SF:app\dashboard\teachers\[id]\teacher-classes.tsx
FN:33,TeacherClasses
FN:39,(anonymous_2)
FN:40,(anonymous_3)
FN:61,(anonymous_4)
FN:81,(anonymous_5)
FN:104,(anonymous_6)
FNF:6
FNH:0
FNDA:0,TeacherClasses
FNDA:0,(anonymous_2)
FNDA:0,(anonymous_3)
FNDA:0,(anonymous_4)
FNDA:0,(anonymous_5)
FNDA:0,(anonymous_6)
DA:3,0
DA:4,0
DA:5,0
DA:6,0
DA:7,0
DA:8,0
DA:9,0
DA:33,0
DA:34,0
DA:35,0
DA:36,0
DA:39,0
DA:40,0
DA:41,0
DA:42,0
DA:43,0
DA:44,0
DA:45,0
DA:46,0
DA:47,0
DA:49,0
DA:51,0
DA:52,0
DA:54,0
DA:58,0
DA:61,0
DA:62,0
DA:82,0
DA:104,0
LF:29
LH:0
BRDA:35,0,0,0
BRDA:35,0,1,0
BRDA:44,1,0,0
BRDA:46,2,0,0
BRDA:76,3,0,0
BRDA:80,4,0,0
BRDA:79,5,0,0
BRDA:79,5,1,0
BRDA:86,6,0,0
BRDA:95,7,0,0
BRF:10
BRH:0
end_of_record
TN:
SF:app\dashboard\teachers\[id]\teacher-details.tsx
FN:94,TeacherDetails
FN:109,(anonymous_3)
FN:133,(anonymous_4)
FN:186,(anonymous_5)
FN:195,(anonymous_6)
FN:330,(anonymous_7)
FN:340,(anonymous_8)
FN:392,(anonymous_9)
FN:402,(anonymous_10)
FN:470,(anonymous_11)
FNF:10
FNH:0
FNDA:0,TeacherDetails
FNDA:0,(anonymous_3)
FNDA:0,(anonymous_4)
FNDA:0,(anonymous_5)
FNDA:0,(anonymous_6)
FNDA:0,(anonymous_7)
FNDA:0,(anonymous_8)
FNDA:0,(anonymous_9)
FNDA:0,(anonymous_10)
FNDA:0,(anonymous_11)
DA:3,0
DA:4,0
DA:5,0
DA:6,0
DA:7,0
DA:8,0
DA:9,0
DA:10,0
DA:11,0
DA:12,0
DA:13,0
DA:14,0
DA:15,0
DA:17,0
DA:18,0
DA:19,0
DA:94,0
DA:102,0
DA:103,0
DA:104,0
DA:105,0
DA:106,0
DA:107,0
DA:109,0
DA:110,0
DA:111,0
DA:112,0
DA:133,0
DA:186,0
DA:195,0
DA:330,0
DA:341,0
DA:392,0
DA:403,0
DA:470,0
LF:35
LH:0
BRDA:111,0,0,0
BRDA:131,1,0,0
BRDA:131,1,1,0
BRDA:139,2,0,0
BRDA:139,2,1,0
BRDA:141,3,0,0
BRDA:157,4,0,0
BRDA:169,5,0,0
BRDA:215,6,0,0
BRDA:215,6,1,0
BRDA:219,7,0,0
BRDA:219,7,1,0
BRDA:223,8,0,0
BRDA:223,8,1,0
BRDA:263,9,0,0
BRDA:263,9,1,0
BRDA:274,10,0,0
BRDA:274,10,1,0
BRDA:285,11,0,0
BRDA:285,11,1,0
BRDA:295,12,0,0
BRDA:295,12,1,0
BRDA:309,13,0,0
BRDA:309,13,1,0
BRDA:311,14,0,0
BRDA:312,15,0,0
BRDA:313,16,0,0
BRDA:339,17,0,0
BRDA:338,18,0,0
BRDA:338,18,1,0
BRDA:351,19,0,0
BRDA:401,20,0,0
BRDA:400,21,0,0
BRDA:400,21,1,0
BRDA:461,22,0,0
BRDA:461,22,1,0
BRDA:462,23,0,0
BRDA:462,23,1,0
BRDA:470,24,0,0
BRDA:470,24,1,0
BRF:40
BRH:0
end_of_record
TN:
SF:app\dashboard\teachers\[id]\teacher-subjects.tsx
FN:48,TeacherSubjects
FN:51,(anonymous_2)
FN:65,(anonymous_3)
FN:66,(anonymous_4)
FN:87,(anonymous_5)
FN:103,(anonymous_6)
FN:122,(anonymous_7)
FNF:7
FNH:0
FNDA:0,TeacherSubjects
FNDA:0,(anonymous_2)
FNDA:0,(anonymous_3)
FNDA:0,(anonymous_4)
FNDA:0,(anonymous_5)
FNDA:0,(anonymous_6)
FNDA:0,(anonymous_7)
DA:3,0
DA:4,0
DA:5,0
DA:6,0
DA:7,0
DA:8,0
DA:9,0
DA:48,0
DA:49,0
DA:50,0
DA:51,0
DA:62,0
DA:65,0
DA:66,0
DA:67,0
DA:68,0
DA:69,0
DA:70,0
DA:71,0
DA:72,0
DA:73,0
DA:75,0
DA:77,0
DA:78,0
DA:80,0
DA:84,0
DA:87,0
DA:88,0
DA:104,0
DA:122,0
LF:30
LH:0
BRDA:57,0,0,0
BRDA:57,0,1,0
BRDA:70,1,0,0
BRDA:72,2,0,0
BRDA:102,3,0,0
BRDA:110,4,0,0
BRF:6
BRH:0
end_of_record
TN:
SF:app\dashboard\teachers\dashboard\page.tsx
FN:18,TeacherDashboardPage
FN:22,(anonymous_2)
FN:23,fetchStats
FNF:3
FNH:0
FNDA:0,TeacherDashboardPage
FNDA:0,(anonymous_2)
FNDA:0,fetchStats
DA:3,0
DA:4,0
DA:5,0
DA:6,0
DA:7,0
DA:18,0
DA:19,0
DA:20,0
DA:22,0
DA:24,0
DA:25,0
DA:26,0
DA:28,0
DA:29,0
DA:32,0
DA:33,0
DA:35,0
DA:36,0
DA:38,0
DA:42,0
LF:20
LH:0
BRDA:28,0,0,0
BRDA:55,1,0,0
BRDA:55,1,1,0
BRF:3
BRH:0
end_of_record
TN:
SF:app\dashboard\teachers\dashboard\_components\TeacherStatsCards.tsx
FN:21,TeacherStatsCards
FN:78,(anonymous_2)
FN:96,(anonymous_3)
FNF:3
FNH:0
FNDA:0,TeacherStatsCards
FNDA:0,(anonymous_2)
FNDA:0,(anonymous_3)
DA:3,0
DA:4,0
DA:5,0
DA:21,0
DA:22,0
DA:75,0
DA:79,0
DA:97,0
DA:98,0
LF:9
LH:0
BRDA:75,0,0,0
BRDA:105,1,0,0
BRDA:105,1,1,0
BRDA:116,2,0,0
BRF:4
BRH:0
end_of_record
TN:
SF:app\dashboard\teachers\results\page.tsx
FN:37,TeacherResultEntry
FN:56,(anonymous_2)
FN:57,init
FN:87,(anonymous_4)
FN:108,(anonymous_5)
FN:111,fetchStudents
FN:124,(anonymous_7)
FN:145,(anonymous_8)
FN:164,(anonymous_9)
FN:193,(anonymous_10)
FN:201,(anonymous_11)
FN:224,(anonymous_12)
FNF:12
FNH:0
FNDA:0,TeacherResultEntry
FNDA:0,(anonymous_2)
FNDA:0,init
FNDA:0,(anonymous_4)
FNDA:0,(anonymous_5)
FNDA:0,fetchStudents
FNDA:0,(anonymous_7)
FNDA:0,(anonymous_8)
FNDA:0,(anonymous_9)
FNDA:0,(anonymous_10)
FNDA:0,(anonymous_11)
FNDA:0,(anonymous_12)
DA:3,0
DA:4,0
DA:6,0
DA:7,0
DA:8,0
DA:9,0
DA:10,0
DA:11,0
DA:12,0
DA:13,0
DA:37,0
DA:39,0
DA:40,0
DA:41,0
DA:42,0
DA:45,0
DA:46,0
DA:47,0
DA:48,0
DA:49,0
DA:52,0
DA:53,0
DA:56,0
DA:58,0
DA:59,0
DA:60,0
DA:63,0
DA:64,0
DA:65,0
DA:67,0
DA:68,0
DA:71,0
DA:72,0
DA:73,0
DA:74,0
DA:76,0
DA:77,0
DA:82,0
DA:83,0
DA:84,0
DA:85,0
DA:87,0
DA:88,0
DA:93,0
DA:97,0
DA:98,0
DA:100,0
DA:104,0
DA:108,0
DA:109,0
DA:112,0
DA:113,0
DA:124,0
DA:125,0
DA:135,0
DA:138,0
DA:142,0
DA:143,0
DA:145,0
DA:151,0
DA:154,0
DA:155,0
DA:157,0
DA:161,0
DA:164,0
DA:165,0
DA:167,0
DA:194,0
DA:195,0
DA:202,0
DA:225,0
LF:71
LH:0
BRDA:60,0,0,0
BRDA:64,1,0,0
BRDA:73,2,0,0
BRDA:76,3,0,0
BRDA:76,3,1,0
BRDA:77,4,0,0
BRDA:77,4,1,0
BRDA:83,5,0,0
BRDA:83,5,1,0
BRDA:88,6,0,0
BRDA:88,7,0,0
BRDA:88,7,1,0
BRDA:109,8,0,0
BRDA:109,9,0,0
BRDA:109,9,1,0
BRDA:125,10,0,0
BRDA:135,11,0,0
BRDA:139,12,0,0
BRDA:139,12,1,0
BRDA:142,13,0,0
BRDA:165,14,0,0
BRDA:165,14,1,0
BRDA:167,15,0,0
BRDA:205,16,0,0
BRDA:221,17,0,0
BRDA:221,17,1,0
BRDA:235,18,0,0
BRDA:235,18,1,0
BRDA:235,18,2,0
BRDA:238,19,0,0
BRF:30
BRH:0
end_of_record
TN:
SF:app\dashboard\teachers\students\page.tsx
FN:47,TeacherStudentsPage
FN:58,(anonymous_2)
FN:59,fetchStudents
FN:82,(anonymous_4)
FN:85,(anonymous_5)
FN:133,(anonymous_6)
FNF:6
FNH:0
FNDA:0,TeacherStudentsPage
FNDA:0,(anonymous_2)
FNDA:0,fetchStudents
FNDA:0,(anonymous_4)
FNDA:0,(anonymous_5)
FNDA:0,(anonymous_6)
DA:3,0
DA:4,0
DA:5,0
DA:6,0
DA:7,0
DA:8,0
DA:9,0
DA:10,0
DA:47,0
DA:48,0
DA:49,0
DA:52,0
DA:53,0
DA:54,0
DA:55,0
DA:56,0
DA:58,0
DA:60,0
DA:61,0
DA:62,0
DA:64,0
DA:65,0
DA:68,0
DA:69,0
DA:71,0
DA:72,0
DA:74,0
DA:78,0
DA:82,0
DA:83,0
DA:85,0
DA:87,0
DA:89,0
DA:93,0
DA:96,0
DA:97,0
DA:101,0
DA:102,0
DA:106,0
DA:107,0
DA:108,0
DA:109,0
DA:110,0
DA:111,0
DA:115,0
DA:116,0
DA:117,0
DA:118,0
DA:119,0
DA:122,0
DA:126,0
DA:133,0
DA:134,0
DA:135,0
DA:136,0
DA:137,0
DA:138,0
LF:57
LH:0
BRDA:64,0,0,0
BRDA:83,1,0,0
BRDA:89,2,0,0
BRDA:89,2,1,0
BRDA:89,2,2,0
BRDA:89,2,3,0
BRDA:93,3,0,0
BRDA:96,4,0,0
BRDA:96,5,0,0
BRDA:96,5,1,0
BRDA:101,6,0,0
BRDA:101,7,0,0
BRDA:101,7,1,0
BRDA:106,8,0,0
BRDA:108,9,0,0
BRDA:108,10,0,0
BRDA:108,10,1,0
BRDA:108,10,2,0
BRDA:109,11,0,0
BRDA:109,12,0,0
BRDA:109,12,1,0
BRDA:109,12,2,0
BRDA:110,13,0,0
BRDA:110,14,0,0
BRDA:110,14,1,0
BRDA:110,14,2,0
BRDA:111,15,0,0
BRDA:111,16,0,0
BRDA:111,16,1,0
BRDA:115,17,0,0
BRDA:117,18,0,0
BRDA:117,19,0,0
BRDA:117,19,1,0
BRDA:118,20,0,0
BRDA:118,21,0,0
BRDA:118,21,1,0
BRDA:118,21,2,0
BRDA:119,22,0,0
BRDA:119,23,0,0
BRDA:119,23,1,0
BRDA:151,24,0,0
BRDA:151,24,1,0
BRDA:231,25,0,0
BRDA:231,25,1,0
BRDA:237,26,0,0
BRDA:241,27,0,0
BRDA:241,27,1,0
BRF:47
BRH:0
end_of_record
TN:
SF:app\dashboard\teachers\students\_components\StudentFilters.tsx
FN:26,StudentFilters
FN:51,(anonymous_2)
FN:70,(anonymous_3)
FN:136,(anonymous_4)
FNF:4
FNH:0
FNDA:0,StudentFilters
FNDA:0,(anonymous_2)
FNDA:0,(anonymous_3)
FNDA:0,(anonymous_4)
DA:3,0
DA:4,0
DA:5,0
DA:6,0
DA:7,0
DA:8,0
DA:26,0
DA:51,0
DA:71,0
DA:136,0
LF:10
LH:0
BRDA:72,0,0,0
BRDA:72,0,1,0
BRDA:118,1,0,0
BRDA:132,2,0,0
BRDA:134,3,0,0
BRDA:139,4,0,0
BRDA:144,5,0,0
BRDA:149,6,0,0
BRF:8
BRH:0
end_of_record
TN:
SF:app\dashboard\teachers\students\_components\TeacherStudentsList.tsx
FN:40,TeacherStudentsList
FN:44,(anonymous_3)
FN:84,(anonymous_4)
FN:115,(anonymous_5)
FNF:4
FNH:0
FNDA:0,TeacherStudentsList
FNDA:0,(anonymous_3)
FNDA:0,(anonymous_4)
FNDA:0,(anonymous_5)
DA:3,0
DA:4,0
DA:5,0
DA:6,0
DA:7,0
DA:8,0
DA:9,0
DA:40,0
DA:41,0
DA:45,0
DA:65,0
DA:86,0
DA:93,0
DA:99,0
DA:115,0
LF:15
LH:0
BRDA:41,0,0,0
BRDA:65,1,0,0
BRDA:86,2,0,0
BRDA:86,2,1,0
BRDA:88,3,0,0
BRDA:88,3,1,0
BRDA:93,4,0,0
BRDA:93,4,1,0
BRDA:95,5,0,0
BRDA:95,5,1,0
BRDA:113,6,0,0
BRDA:113,6,1,0
BRDA:129,7,0,0
BRDA:129,7,1,0
BRDA:131,8,0,0
BRDA:158,9,0,0
BRF:16
BRH:0
end_of_record
TN:
SF:app\dashboard\wallet\page.tsx
FN:10,WalletPage
FN:25,WalletLoadingSkeleton
FNF:2
FNH:0
FNDA:0,WalletPage
FNDA:0,WalletLoadingSkeleton
DA:1,0
DA:2,0
DA:3,0
DA:5,0
DA:10,0
LF:5
LH:0
BRF:0
BRH:0
end_of_record
TN:
SF:app\dashboard\wallet\_components\wallet-fees-content.tsx
FN:50,WalletFeesContent
FN:68,(anonymous_3)
FN:79,(anonymous_4)
FN:149,(anonymous_5)
FN:212,(anonymous_6)
FN:248,(anonymous_7)
FN:267,(anonymous_8)
FN:303,(anonymous_9)
FN:312,(anonymous_10)
FN:324,(anonymous_11)
FN:335,(anonymous_12)
FN:353,(anonymous_13)
FN:362,(anonymous_14)
FN:373,(anonymous_15)
FN:382,(anonymous_16)
FN:390,(anonymous_17)
FN:405,(anonymous_18)
FNF:17
FNH:0
FNDA:0,WalletFeesContent
FNDA:0,(anonymous_3)
FNDA:0,(anonymous_4)
FNDA:0,(anonymous_5)
FNDA:0,(anonymous_6)
FNDA:0,(anonymous_7)
FNDA:0,(anonymous_8)
FNDA:0,(anonymous_9)
FNDA:0,(anonymous_10)
FNDA:0,(anonymous_11)
FNDA:0,(anonymous_12)
FNDA:0,(anonymous_13)
FNDA:0,(anonymous_14)
FNDA:0,(anonymous_15)
FNDA:0,(anonymous_16)
FNDA:0,(anonymous_17)
FNDA:0,(anonymous_18)
DA:3,0
DA:10,0
DA:11,0
DA:20,0
DA:21,0
DA:23,0
DA:24,0
DA:25,0
DA:26,0
DA:27,0
DA:28,0
DA:29,0
DA:50,0
DA:51,0
DA:52,0
DA:53,0
DA:54,0
DA:55,0
DA:57,0
DA:68,0
DA:69,0
DA:70,0
DA:71,0
DA:73,0
DA:75,0
DA:79,0
DA:80,0
DA:149,0
DA:212,0
DA:248,0
DA:267,0
DA:303,0
DA:312,0
DA:324,0
DA:335,0
DA:353,0
DA:362,0
DA:373,0
DA:382,0
DA:390,0
DA:406,0
DA:407,0
DA:408,0
DA:414,0
DA:415,0
DA:416,0
DA:417,0
DA:418,0
DA:420,0
DA:423,0
DA:425,0
LF:51
LH:0
BRDA:71,0,0,0
BRDA:112,1,0,0
BRDA:112,1,1,0
BRDA:117,2,0,0
BRDA:125,3,0,0
BRDA:125,3,1,0
BRDA:168,4,0,0
BRDA:168,4,1,0
BRDA:180,5,0,0
BRDA:180,5,1,0
BRDA:204,6,0,0
BRDA:249,7,0,0
BRDA:249,7,1,0
BRDA:261,8,0,0
BRDA:385,9,0,0
BRDA:385,9,1,0
BRDA:393,10,0,0
BRDA:393,10,1,0
BRDA:415,11,0,0
BRDA:415,11,1,0
BRDA:420,12,0,0
BRDA:420,12,1,0
BRDA:430,13,0,0
BRF:23
BRH:0
end_of_record
TN:
SF:app\docs\api\page.tsx
FN:789,ApiDocs
FN:798,(anonymous_2)
FN:802,(anonymous_3)
FN:809,(anonymous_4)
FN:818,(anonymous_5)
FN:832,(anonymous_6)
FN:859,(anonymous_7)
FNF:7
FNH:0
FNDA:0,ApiDocs
FNDA:0,(anonymous_2)
FNDA:0,(anonymous_3)
FNDA:0,(anonymous_4)
FNDA:0,(anonymous_5)
FNDA:0,(anonymous_6)
FNDA:0,(anonymous_7)
DA:3,0
DA:4,0
DA:5,0
DA:6,0
DA:7,0
DA:8,0
DA:35,0
DA:789,0
DA:790,0
DA:799,0
DA:802,0
DA:810,0
DA:819,0
DA:833,0
DA:860,0
LF:15
LH:0
BRDA:821,0,0,0
BRDA:821,0,1,0
BRDA:828,1,0,0
BRDA:837,2,0,0
BRDA:846,3,0,0
BRDA:855,4,0,0
BRF:6
BRH:0
end_of_record
TN:
SF:app\docs\setup\page.tsx
FN:6,SetupDocumentationPage
FNF:1
FNH:0
FNDA:0,SetupDocumentationPage
DA:1,0
DA:2,0
DA:3,0
DA:4,0
DA:6,0
LF:5
LH:0
BRF:0
BRH:0
end_of_record
TN:
SF:app\docs\user-guide\page.tsx
FN:6,UserGuideDocumentationPage
FNF:1
FNH:0
FNDA:0,UserGuideDocumentationPage
DA:1,0
DA:2,0
DA:3,0
DA:4,0
DA:6,0
LF:5
LH:0
BRF:0
BRH:0
end_of_record
TN:
SF:app\forgot-password\page.tsx
FN:13,ForgotPasswordPage
FN:23,(anonymous_3)
FN:46,(anonymous_4)
FN:69,(anonymous_5)
FN:174,(anonymous_6)
FN:194,(anonymous_7)
FN:203,(anonymous_8)
FN:220,(anonymous_9)
FN:224,(anonymous_10)
FN:235,(anonymous_11)
FNF:10
FNH:0
FNDA:0,ForgotPasswordPage
FNDA:0,(anonymous_3)
FNDA:0,(anonymous_4)
FNDA:0,(anonymous_5)
FNDA:0,(anonymous_6)
FNDA:0,(anonymous_7)
FNDA:0,(anonymous_8)
FNDA:0,(anonymous_9)
FNDA:0,(anonymous_10)
FNDA:0,(anonymous_11)
DA:3,0
DA:4,0
DA:5,0
DA:6,0
DA:7,0
DA:8,0
DA:9,0
DA:13,0
DA:14,0
DA:15,0
DA:16,0
DA:17,0
DA:18,0
DA:19,0
DA:20,0
DA:21,0
DA:23,0
DA:24,0
DA:25,0
DA:26,0
DA:28,0
DA:29,0
DA:35,0
DA:36,0
DA:38,0
DA:40,0
DA:42,0
DA:46,0
DA:47,0
DA:48,0
DA:49,0
DA:51,0
DA:52,0
DA:58,0
DA:59,0
DA:61,0
DA:63,0
DA:65,0
DA:69,0
DA:70,0
DA:71,0
DA:72,0
DA:73,0
DA:76,0
DA:77,0
DA:79,0
DA:80,0
DA:86,0
DA:87,0
DA:89,0
DA:91,0
DA:93,0
DA:174,0
DA:194,0
DA:203,0
DA:220,0
DA:224,0
DA:235,0
LF:58
LH:0
BRDA:36,0,0,0
BRDA:36,1,0,0
BRDA:36,1,1,0
BRDA:59,2,0,0
BRDA:59,3,0,0
BRDA:59,3,1,0
BRDA:71,4,0,0
BRDA:87,5,0,0
BRDA:87,6,0,0
BRDA:87,6,1,0
BRDA:116,7,0,0
BRDA:116,7,1,0
BRDA:121,8,0,0
BRDA:121,8,1,0
BRDA:126,9,0,0
BRDA:126,9,1,0
BRDA:131,10,0,0
BRDA:131,10,1,0
BRDA:141,11,0,0
BRDA:141,11,1,0
BRDA:142,12,0,0
BRDA:142,12,1,0
BRDA:143,13,0,0
BRDA:143,13,1,0
BRDA:144,14,0,0
BRDA:144,14,1,0
BRDA:147,15,0,0
BRDA:147,15,1,0
BRDA:148,16,0,0
BRDA:148,16,1,0
BRDA:149,17,0,0
BRDA:149,17,1,0
BRDA:150,18,0,0
BRDA:150,18,1,0
BRDA:155,19,0,0
BRDA:166,20,0,0
BRDA:166,20,1,0
BRDA:180,21,0,0
BRDA:180,21,1,0
BRDA:185,22,0,0
BRDA:185,22,1,0
BRDA:200,23,0,0
BRDA:200,23,1,0
BRDA:210,24,0,0
BRDA:210,24,1,0
BRDA:217,25,0,0
BRDA:217,25,1,0
BRDA:225,26,0,0
BRDA:232,27,0,0
BRDA:232,27,1,0
BRDA:242,28,0,0
BRDA:242,28,1,0
BRDA:247,29,0,0
BRDA:247,29,1,0
BRDA:263,30,0,0
BRF:55
BRH:0
end_of_record
TN:
SF:app\lib\auth.ts
FN:4,getSession
FN:19,(anonymous_4)
FNF:2
FNH:0
FNDA:0,getSession
FNDA:0,(anonymous_4)
DA:1,0
DA:2,0
DA:4,0
DA:5,0
DA:6,0
DA:8,0
DA:18,0
DA:20,0
DA:21,0
LF:9
LH:0
BRDA:6,0,0,0
BRF:1
BRH:0
end_of_record
TN:
SF:app\lib\cloudinary.ts
FN:16,uploadToCloudinary
FN:20,(anonymous_2)
FN:30,(anonymous_3)
FNF:3
FNH:0
FNDA:0,uploadToCloudinary
FNDA:0,(anonymous_2)
FNDA:0,(anonymous_3)
DA:1,0
DA:4,0
DA:16,0
DA:20,0
DA:21,0
DA:27,0
DA:28,0
DA:30,0
DA:31,0
DA:32,0
DA:33,0
DA:34,0
DA:37,0
LF:13
LH:0
BRDA:18,0,0,0
BRDA:31,1,0,0
BRDA:37,2,0,0
BRDA:37,2,1,0
BRF:4
BRH:0
end_of_record
TN:
SF:app\lib\prisma.ts
FNF:0
FNH:0
DA:1,0
DA:2,0
LF:2
LH:0
BRF:0
BRH:0
end_of_record
TN:
SF:app\lib\session.ts
FN:3,getServerSession
FNF:1
FNH:0
FNDA:0,getServerSession
DA:3,0
DA:4,0
DA:5,0
DA:7,0
DA:8,0
LF:5
LH:0
BRDA:5,0,0,0
BRF:1
BRH:0
end_of_record
TN:
SF:app\lib\utils.ts
FN:1,formatCurrency
FNF:1
FNH:0
FNDA:0,formatCurrency
DA:1,0
DA:2,0
LF:2
LH:0
BRF:0
BRH:0
end_of_record
TN:
SF:app\lib\schemas\event.ts
FNF:0
FNH:0
DA:1,0
DA:3,0
LF:2
LH:0
BRF:0
BRH:0
end_of_record
TN:
SF:app\lib\services\event-service.ts
FN:7,fetchEvents
FN:22,(anonymous_6)
FN:31,createEvent
FN:46,updateEvent
FN:64,deleteEvent
FNF:5
FNH:0
FNDA:0,fetchEvents
FNDA:0,(anonymous_6)
FNDA:0,createEvent
FNDA:0,updateEvent
FNDA:0,deleteEvent
DA:7,0
DA:12,0
DA:13,0
DA:14,0
DA:15,0
DA:16,0
DA:17,0
DA:19,0
DA:20,0
DA:21,0
DA:22,0
DA:31,0
DA:32,0
DA:37,0
DA:42,0
DA:43,0
DA:46,0
DA:50,0
DA:55,0
DA:60,0
DA:61,0
DA:64,0
DA:65,0
DA:68,0
LF:24
LH:0
BRDA:13,0,0,0
BRDA:15,1,0,0
BRDA:17,2,0,0
BRDA:20,3,0,0
BRDA:25,4,0,0
BRDA:25,4,1,0
BRDA:42,5,0,0
BRDA:60,6,0,0
BRDA:68,7,0,0
BRF:9
BRH:0
end_of_record
TN:
SF:app\lib\types\auth.ts
FNF:0
FNH:0
DA:1,0
DA:4,0
LF:2
LH:0
BRF:0
BRH:0
end_of_record
TN:
SF:app\login\loading.tsx
FN:3,Loading
FNF:1
FNH:0
FNDA:0,Loading
DA:1,0
DA:3,0
LF:2
LH:0
BRF:0
BRH:0
end_of_record
TN:
SF:app\login\page.tsx
FN:17,LoginPage
FN:30,(anonymous_3)
FN:48,(anonymous_4)
FN:58,(anonymous_5)
FN:59,(anonymous_6)
FN:89,(anonymous_7)
FN:111,(anonymous_8)
FN:121,(anonymous_9)
FN:182,(anonymous_10)
FN:269,(anonymous_11)
FN:288,(anonymous_12)
FN:293,(anonymous_13)
FNF:12
FNH:0
FNDA:0,LoginPage
FNDA:0,(anonymous_3)
FNDA:0,(anonymous_4)
FNDA:0,(anonymous_5)
FNDA:0,(anonymous_6)
FNDA:0,(anonymous_7)
FNDA:0,(anonymous_8)
FNDA:0,(anonymous_9)
FNDA:0,(anonymous_10)
FNDA:0,(anonymous_11)
FNDA:0,(anonymous_12)
FNDA:0,(anonymous_13)
DA:4,0
DA:5,0
DA:6,0
DA:7,0
DA:8,0
DA:9,0
DA:10,0
DA:12,0
DA:13,0
DA:14,0
DA:15,0
DA:17,0
DA:18,0
DA:19,0
DA:20,0
DA:21,0
DA:22,0
DA:23,0
DA:24,0
DA:25,0
DA:26,0
DA:27,0
DA:30,0
DA:31,0
DA:32,0
DA:37,0
DA:38,0
DA:39,0
DA:40,0
DA:44,0
DA:48,0
DA:49,0
DA:52,0
DA:53,0
DA:54,0
DA:58,0
DA:59,0
DA:60,0
DA:61,0
DA:62,0
DA:64,0
DA:65,0
DA:68,0
DA:69,0
DA:70,0
DA:73,0
DA:74,0
DA:76,0
DA:77,0
DA:80,0
DA:82,0
DA:86,0
DA:89,0
DA:90,0
DA:92,0
DA:93,0
DA:94,0
DA:97,0
DA:98,0
DA:100,0
DA:101,0
DA:108,0
DA:110,0
DA:111,0
DA:112,0
DA:115,0
DA:121,0
DA:122,0
DA:126,0
DA:128,0
DA:183,0
DA:269,0
DA:288,0
DA:293,0
LF:74
LH:0
BRDA:37,0,0,0
BRDA:39,1,0,0
BRDA:53,2,0,0
BRDA:68,3,0,0
BRDA:68,4,0,0
BRDA:68,4,1,0
BRDA:68,4,2,0
BRDA:68,4,3,0
BRDA:68,4,4,0
BRDA:76,5,0,0
BRDA:92,6,0,0
BRDA:110,7,0,0
BRDA:112,8,0,0
BRDA:112,8,1,0
BRDA:126,9,0,0
BRDA:126,9,1,0
BRDA:219,10,0,0
BRDA:219,10,1,0
BRDA:219,11,0,0
BRDA:219,11,1,0
BRDA:228,12,0,0
BRDA:247,13,0,0
BRDA:267,14,0,0
BRDA:267,14,1,0
BRDA:283,15,0,0
BRDA:283,15,1,0
BRDA:286,16,0,0
BRDA:286,16,1,0
BRDA:296,17,0,0
BRDA:304,18,0,0
BRDA:304,18,1,0
BRDA:307,19,0,0
BRDA:307,19,1,0
BRF:33
BRH:0
end_of_record
TN:
SF:app\register\page.tsx
FN:32,RegisterPage
FN:55,(anonymous_3)
FN:57,(anonymous_4)
FN:60,(anonymous_5)
FN:61,(anonymous_6)
FN:64,(anonymous_7)
FN:77,(anonymous_8)
FN:82,(anonymous_9)
FN:95,(anonymous_10)
FN:117,(anonymous_11)
FN:181,(anonymous_12)
FN:282,(anonymous_13)
FN:312,(anonymous_14)
FN:323,(anonymous_15)
FN:339,(anonymous_16)
FN:342,(anonymous_17)
FN:342,(anonymous_18)
FN:395,(anonymous_19)
FN:395,(anonymous_20)
FNF:19
FNH:0
FNDA:0,RegisterPage
FNDA:0,(anonymous_3)
FNDA:0,(anonymous_4)
FNDA:0,(anonymous_5)
FNDA:0,(anonymous_6)
FNDA:0,(anonymous_7)
FNDA:0,(anonymous_8)
FNDA:0,(anonymous_9)
FNDA:0,(anonymous_10)
FNDA:0,(anonymous_11)
FNDA:0,(anonymous_12)
FNDA:0,(anonymous_13)
FNDA:0,(anonymous_14)
FNDA:0,(anonymous_15)
FNDA:0,(anonymous_16)
FNDA:0,(anonymous_17)
FNDA:0,(anonymous_18)
FNDA:0,(anonymous_19)
FNDA:0,(anonymous_20)
DA:4,0
DA:5,0
DA:6,0
DA:7,0
DA:8,0
DA:9,0
DA:10,0
DA:11,0
DA:12,0
DA:13,0
DA:14,0
DA:15,0
DA:16,0
DA:30,0
DA:32,0
DA:33,0
DA:34,0
DA:35,0
DA:36,0
DA:50,0
DA:51,0
DA:52,0
DA:53,0
DA:55,0
DA:56,0
DA:57,0
DA:60,0
DA:61,0
DA:64,0
DA:65,0
DA:66,0
DA:67,0
DA:68,0
DA:69,0
DA:71,0
DA:72,0
DA:73,0
DA:75,0
DA:76,0
DA:77,0
DA:78,0
DA:82,0
DA:83,0
DA:84,0
DA:85,0
DA:87,0
DA:88,0
DA:89,0
DA:91,0
DA:92,0
DA:95,0
DA:96,0
DA:97,0
DA:98,0
DA:99,0
DA:102,0
DA:103,0
DA:104,0
DA:107,0
DA:108,0
DA:109,0
DA:112,0
DA:113,0
DA:115,0
DA:116,0
DA:117,0
DA:118,0
DA:120,0
DA:122,0
DA:127,0
DA:128,0
DA:130,0
DA:134,0
DA:136,0
DA:137,0
DA:141,0
DA:182,0
DA:282,0
DA:312,0
DA:323,0
DA:340,0
DA:342,0
DA:395,0
LF:83
LH:0
BRDA:65,0,0,0
BRDA:65,1,0,0
BRDA:65,1,1,0
BRDA:67,2,0,0
BRDA:71,3,0,0
BRDA:83,4,0,0
BRDA:83,5,0,0
BRDA:83,5,1,0
BRDA:83,5,2,0
BRDA:87,6,0,0
BRDA:97,7,0,0
BRDA:98,8,0,0
BRDA:102,9,0,0
BRDA:107,10,0,0
BRDA:118,11,0,0
BRDA:120,12,0,0
BRDA:128,13,0,0
BRDA:128,14,0,0
BRDA:128,14,1,0
BRDA:128,14,2,0
BRDA:136,15,0,0
BRDA:136,15,1,0
BRDA:138,16,0,0
BRDA:138,16,1,0
BRDA:201,17,0,0
BRDA:201,17,1,0
BRDA:202,18,0,0
BRDA:202,18,1,0
BRDA:203,19,0,0
BRDA:203,19,1,0
BRDA:209,20,0,0
BRDA:209,20,1,0
BRDA:209,21,0,0
BRDA:209,21,1,0
BRDA:212,22,0,0
BRDA:212,22,1,0
BRDA:214,23,0,0
BRDA:214,23,1,0
BRDA:221,24,0,0
BRDA:242,25,0,0
BRDA:254,26,0,0
BRDA:254,26,1,0
BRDA:286,27,0,0
BRDA:332,28,0,0
BRDA:343,29,0,0
BRDA:343,29,1,0
BRDA:345,30,0,0
BRDA:345,30,1,0
BRDA:346,31,0,0
BRDA:394,32,0,0
BRDA:404,33,0,0
BRDA:404,33,1,0
BRDA:410,34,0,0
BRDA:410,34,1,0
BRF:54
BRH:0
end_of_record
